<?xml version="1.0" encoding="UTF-8"?>
<testsuites name="New Test Suite Collection2" time="111.084" tests="3" failures="0" errors="0">
   <testsuite name="testtunnel_testsuite1" tests="2" failures="0" errors="0" time="49.593" skipped="0" timestamp="2023-07-26 18:05:46" hostname="satyasai.samoju - INBL01LAP31245.brd.g-c-i.com" id="Test Suites/testtunnel_testsuite1">
      <properties>
         <property name="deviceName" value=""/>
         <property name="devicePlatform" value=""/>
         <property name="logFolder" value="C:\\Users\\satyasai.samoju\\git\\TestTunnel_Pratice_Repo\\Reports\\20230726_180520\\testtunnel_testsuite1\\20230726_180523"/>
         <property name="logFiles" value="C:\\Users\\satyasai.samoju\\git\\TestTunnel_Pratice_Repo\\Reports\\20230726_180520\\testtunnel_testsuite1\\20230726_180523\\execution0.log"/>
         <property name="attachments" value=""/>
         <property name="hostName" value="satyasai.samoju - INBL01LAP31245.brd.g-c-i.com"/>
         <property name="os" value="Windows 11 64bit"/>
         <property name="katalonVersion" value="8.6.5.208"/>
         <property name="browser" value="Chrome 114.0.0.0"/>
         <property name="hostAddress" value="192.168.1.5"/>
         <property name="sessionId" value="956f9b305d8d933082316a2e2d1c3407"/>
         <property name="seleniumVersion" value="3.141.59"/>
         <property name="proxyInformation" value="ProxyInformation { proxyOption=NO_PROXY, proxyServerType=HTTP, username=, password=********, proxyServerAddress=, proxyServerPort=0, executionList=&quot;&quot;, isApplyToDesiredCapabilities=true }"/>
         <property name="platform" value="Windows 11"/>
      </properties>
      <testcase name="Test Cases/TestTunnel1" time="15.508" classname="Test Cases/TestTunnel1" status="PASSED">
         <system-out><![CDATA[2023-07-26 18:05:47 - [TEST_CASE][PASSED] - Test Cases/TestTunnel1: Test Cases/TestTunnel1

2023-07-26 18:05:48 - [TEST_STEP][PASSED] - openBrowser(""): Browser is opened with url: ''

2023-07-26 18:05:48 - [MESSAGE][INFO] - Starting 'Chrome' driver

2023-07-26 18:05:48 - [MESSAGE][INFO] - Action delay is set to 0 milliseconds

2023-07-26 18:05:54 - [MESSAGE][PASSED] - Browser is opened with url: ''

2023-07-26 18:05:54 - [TEST_STEP][PASSED] - maximizeWindow(): Current window maximized

2023-07-26 18:05:54 - [MESSAGE][PASSED] - Current window maximized

2023-07-26 18:05:54 - [TEST_STEP][PASSED] - navigateToUrl("https://www.google.com/"): Navigate to 'https://www.google.com/' successfully

2023-07-26 18:05:57 - [MESSAGE][PASSED] - Navigate to 'https://www.google.com/' successfully

2023-07-26 18:05:57 - [TEST_STEP][PASSED] - delay(4): Delayed 4 second(s)

2023-07-26 18:06:01 - [MESSAGE][PASSED] - Delayed 4 second(s)

2023-07-26 18:06:01 - [TEST_STEP][PASSED] - closeBrowser(): Browser is closed

2023-07-26 18:06:02 - [MESSAGE][PASSED] - Browser is closed]]></system-out>
         <system-err><![CDATA[]]></system-err>
      </testcase>
      <testcase name="Test Cases/Test Tunnel3" time="22.93" classname="Test Cases/Test Tunnel3" status="PASSED">
         <system-out><![CDATA[2023-07-26 18:06:13 - [TEST_CASE][PASSED] - Test Cases/Test Tunnel3: Test Cases/Test Tunnel3

2023-07-26 18:06:13 - [TEST_STEP][PASSED] - openBrowser(""): Browser is opened with url: ''

2023-07-26 18:06:13 - [MESSAGE][WARNING] - A browser is already opened. Closing browser and opening a new one

2023-07-26 18:06:14 - [MESSAGE][INFO] - Starting 'Chrome' driver

2023-07-26 18:06:14 - [MESSAGE][INFO] - Action delay is set to 0 milliseconds

2023-07-26 18:06:17 - [MESSAGE][PASSED] - Browser is opened with url: ''

2023-07-26 18:06:17 - [TEST_STEP][PASSED] - maximizeWindow(): Current window maximized

2023-07-26 18:06:17 - [MESSAGE][PASSED] - Current window maximized

2023-07-26 18:06:17 - [TEST_STEP][PASSED] - navigateToUrl("https://opensource-demo.orangehrmlive.com/web/index.php/auth/login"): Navigate to 'https://opensource-demo.orangehrmlive.com/web/index.php/auth/login' successfully

2023-07-26 18:06:21 - [MESSAGE][PASSED] - Navigate to 'https://opensource-demo.orangehrmlive.com/web/index.php/auth/login' successfully

2023-07-26 18:06:21 - [TEST_STEP][PASSED] - setText(findTestObject("TestTunnel3/Page_OrangeHRM/input_Username_username"), "Admin"): Text 'Admin' is set on object 'Object Repository/TestTunnel3/Page_OrangeHRM/input_Username_username'

2023-07-26 18:06:23 - [MESSAGE][PASSED] - Text 'Admin' is set on object 'Object Repository/TestTunnel3/Page_OrangeHRM/input_Username_username'

2023-07-26 18:06:23 - [TEST_STEP][PASSED] - setText(findTestObject("TestTunnel3/Page_OrangeHRM/input_Password_password"), "admin123"): Text 'admin123' is set on object 'Object Repository/TestTunnel3/Page_OrangeHRM/input_Password_password'

2023-07-26 18:06:23 - [MESSAGE][PASSED] - Text 'admin123' is set on object 'Object Repository/TestTunnel3/Page_OrangeHRM/input_Password_password'

2023-07-26 18:06:23 - [TEST_STEP][PASSED] - click(findTestObject("TestTunnel3/Page_OrangeHRM/button_Login")): Object: 'Object Repository/TestTunnel3/Page_OrangeHRM/button_Login' is clicked on

2023-07-26 18:06:24 - [MESSAGE][PASSED] - Object: 'Object Repository/TestTunnel3/Page_OrangeHRM/button_Login' is clicked on

2023-07-26 18:06:24 - [TEST_STEP][PASSED] - click(findTestObject("TestTunnel3/Page_OrangeHRM/span_Admin")): Object: 'Object Repository/TestTunnel3/Page_OrangeHRM/span_Admin' is clicked on

2023-07-26 18:06:29 - [MESSAGE][PASSED] - Object: 'Object Repository/TestTunnel3/Page_OrangeHRM/span_Admin' is clicked on

2023-07-26 18:06:29 - [TEST_STEP][PASSED] - click(findTestObject("TestTunnel3/Page_OrangeHRM/button_Add")): Object: 'Object Repository/TestTunnel3/Page_OrangeHRM/button_Add' is clicked on

2023-07-26 18:06:31 - [MESSAGE][PASSED] - Object: 'Object Repository/TestTunnel3/Page_OrangeHRM/button_Add' is clicked on

2023-07-26 18:06:31 - [TEST_STEP][PASSED] - delay(3): Delayed 3 second(s)

2023-07-26 18:06:34 - [MESSAGE][PASSED] - Delayed 3 second(s)

2023-07-26 18:06:34 - [TEST_STEP][PASSED] - closeBrowser(): Browser is closed

2023-07-26 18:06:35 - [MESSAGE][PASSED] - Browser is closed]]></system-out>
         <system-err><![CDATA[]]></system-err>
      </testcase>
      <system-out><![CDATA[2023-07-26 18:05:46 - [TEST_SUITE][FAILED] - testtunnel_testsuite1: Test Cases/Test Tunnel3 FAILED.
Reason:
com.kms.katalon.core.exception.StepFailedException: Unable to set text 'Admin' of object 'Object Repository/TestTunnel3/Page_OrangeHRM/input_Username_username'
	at com.kms.katalon.core.webui.keyword.internal.WebUIKeywordMain.stepFailed(WebUIKeywordMain.groovy:64)
	at com.kms.katalon.core.webui.keyword.internal.WebUIKeywordMain.runKeyword(WebUIKeywordMain.groovy:26)
	at com.kms.katalon.core.webui.keyword.builtin.SetTextKeyword.setText(SetTextKeyword.groovy:66)
	at com.kms.katalon.core.webui.keyword.builtin.SetTextKeyword.execute(SetTextKeyword.groovy:37)
	at com.kms.katalon.core.keyword.internal.KeywordExecutor.executeKeywordForPlatform(KeywordExecutor.groovy:74)
	at com.kms.katalon.core.webui.keyword.WebUiBuiltInKeywords.setText(WebUiBuiltInKeywords.groovy:980)
	at com.kms.katalon.core.webui.keyword.WebUiBuiltInKeywords$setText$3.call(Unknown Source)
	at Test Tunnel3.run(Test Tunnel3:26)
	at com.kms.katalon.core.main.ScriptEngine.run(ScriptEngine.java:194)
	at com.kms.katalon.core.main.ScriptEngine.runScriptAsRawText(ScriptEngine.java:119)
	at com.kms.katalon.core.main.TestCaseExecutor.runScript(TestCaseExecutor.java:448)
	at com.kms.katalon.core.main.TestCaseExecutor.doExecute(TestCaseExecutor.java:439)
	at com.kms.katalon.core.main.TestCaseExecutor.processExecutionPhase(TestCaseExecutor.java:418)
	at com.kms.katalon.core.main.TestCaseExecutor.accessMainPhase(TestCaseExecutor.java:410)
	at com.kms.katalon.core.main.TestCaseExecutor.execute(TestCaseExecutor.java:285)
	at com.kms.katalon.core.common.CommonExecutor.accessTestCaseMainPhase(CommonExecutor.java:65)
	at com.kms.katalon.core.main.TestSuiteExecutor.accessTestSuiteMainPhase(TestSuiteExecutor.java:148)
	at com.kms.katalon.core.main.TestSuiteExecutor.execute(TestSuiteExecutor.java:106)
	at com.kms.katalon.core.main.TestCaseMain.startTestSuite(TestCaseMain.java:187)
	at com.kms.katalon.core.main.TestCaseMain$startTestSuite$0.call(Unknown Source)
	at TempTestSuite1690374923082.run(TempTestSuite1690374923082.groovy:36)
Caused by: org.openqa.selenium.NoSuchWindowException: no such window: target window already closed
from unknown error: web view not found
  (Session info: chrome=114.0.5735.248)
Build info: version: '3.141.59', revision: 'e82be7d358', time: '2018-11-14T08:25:53'
System info: host: 'INBL01LAP31245', ip: '192.168.1.5', os.name: 'Windows 11', os.arch: 'amd64', os.version: '10.0', java.version: '1.8.0_362'
Driver info: com.kms.katalon.selenium.driver.CChromeDriver
Capabilities {acceptInsecureCerts: false, browserName: chrome, browserVersion: 114.0.5735.248, chrome: {chromedriverVersion: 113.0.5672.24 (65f30d4e8051..., userDataDir: C:\Users\SATYAS~1.SAM\AppDa...}, goog:chromeOptions: {debuggerAddress: localhost:52721}, javascriptEnabled: true, networkConnectionEnabled: false, pageLoadStrategy: normal, platform: WINDOWS, platformName: WINDOWS, proxy: Proxy(), setWindowRect: true, strictFileInteractability: false, timeouts: {implicit: 0, pageLoad: 300000, script: 30000}, unhandledPromptBehavior: dismiss and notify, webauthn:extension:credBlob: true, webauthn:extension:largeBlob: true, webauthn:extension:minPinLength: true, webauthn:extension:prf: true, webauthn:virtualAuthenticators: true}
Session ID: 110ecdb8a78a7afb54471c0c406b94e0
*** Element info: {Using=xpath, value=//input[@name='username']}
	at org.openqa.selenium.remote.http.W3CHttpResponseCodec.createException(W3CHttpResponseCodec.java:187)
	at org.openqa.selenium.remote.http.W3CHttpResponseCodec.decode(W3CHttpResponseCodec.java:122)
	at org.openqa.selenium.remote.http.W3CHttpResponseCodec.decode(W3CHttpResponseCodec.java:49)
	at org.openqa.selenium.remote.HttpCommandExecutor.execute(HttpCommandExecutor.java:158)
	at org.openqa.selenium.remote.service.DriverCommandExecutor.execute(DriverCommandExecutor.java:83)
	at org.openqa.selenium.remote.RemoteWebDriver.execute(RemoteWebDriver.java:552)
	at com.kms.katalon.selenium.driver.CChromeDriver.execute(CChromeDriver.java:19)
	at org.openqa.selenium.remote.RemoteWebDriver.findElements(RemoteWebDriver.java:353)
	at org.openqa.selenium.remote.RemoteWebDriver.findElementsByXPath(RemoteWebDriver.java:432)
	at org.openqa.selenium.By$ByXPath.findElements(By.java:348)
	at org.openqa.selenium.remote.RemoteWebDriver.findElements(RemoteWebDriver.java:311)
	at org.openqa.selenium.support.events.EventFiringWebDriver.lambda$new$1(EventFiringWebDriver.java:105)
	at com.sun.proxy.$Proxy10.findElements(Unknown Source)
	at org.openqa.selenium.support.events.EventFiringWebDriver.findElements(EventFiringWebDriver.java:182)
	at com.kms.katalon.core.webui.common.WebUiCommonHelper.findElementByNormalMethods(WebUiCommonHelper.java:1027)
	at com.kms.katalon.core.webui.common.WebUiCommonHelper.findElementsBySelectedMethod(WebUiCommonHelper.java:919)
	at com.kms.katalon.core.webui.common.WebUiCommonHelper.findElementsBySelectedMethod(WebUiCommonHelper.java:901)
	at com.kms.katalon.core.webui.common.WebUiCommonHelper.findElementsBySelectedMethod(WebUiCommonHelper.java:896)
	at com.kms.katalon.core.webui.common.WebUiCommonHelper.findElementsByDefault(WebUiCommonHelper.java:892)
	at com.kms.katalon.core.webui.common.WebUiCommonHelper.findElementsWithSelfHealing(WebUiCommonHelper.java:737)
	at com.kms.katalon.core.webui.common.WebUiCommonHelper.findWebElements(WebUiCommonHelper.java:718)
	at com.kms.katalon.core.webui.common.WebUiCommonHelper.findWebElement(WebUiCommonHelper.java:1376)
	at com.kms.katalon.core.webui.keyword.internal.WebUIAbstractKeyword.findWebElement(WebUIAbstractKeyword.groovy:27)
	at com.kms.katalon.core.webui.keyword.internal.WebUIAbstractKeyword.findWebElement(WebUIAbstractKeyword.groovy:26)
	at com.kms.katalon.core.webui.keyword.builtin.SetTextKeyword$_setText_closure1.doCall(SetTextKeyword.groovy:51)
	at com.kms.katalon.core.webui.keyword.builtin.SetTextKeyword$_setText_closure1.call(SetTextKeyword.groovy)
	at com.kms.katalon.core.webui.keyword.internal.WebUIKeywordMain.runKeyword(WebUIKeywordMain.groovy:20)
	... 19 more]]></system-out>
      <system-err><![CDATA[2023-07-26 18:05:46 - [TEST_SUITE][FAILED] - testtunnel_testsuite1: Test Cases/Test Tunnel3 FAILED.
Reason:
com.kms.katalon.core.exception.StepFailedException: Unable to set text 'Admin' of object 'Object Repository/TestTunnel3/Page_OrangeHRM/input_Username_username'
	at com.kms.katalon.core.webui.keyword.internal.WebUIKeywordMain.stepFailed(WebUIKeywordMain.groovy:64)
	at com.kms.katalon.core.webui.keyword.internal.WebUIKeywordMain.runKeyword(WebUIKeywordMain.groovy:26)
	at com.kms.katalon.core.webui.keyword.builtin.SetTextKeyword.setText(SetTextKeyword.groovy:66)
	at com.kms.katalon.core.webui.keyword.builtin.SetTextKeyword.execute(SetTextKeyword.groovy:37)
	at com.kms.katalon.core.keyword.internal.KeywordExecutor.executeKeywordForPlatform(KeywordExecutor.groovy:74)
	at com.kms.katalon.core.webui.keyword.WebUiBuiltInKeywords.setText(WebUiBuiltInKeywords.groovy:980)
	at com.kms.katalon.core.webui.keyword.WebUiBuiltInKeywords$setText$3.call(Unknown Source)
	at Test Tunnel3.run(Test Tunnel3:26)
	at com.kms.katalon.core.main.ScriptEngine.run(ScriptEngine.java:194)
	at com.kms.katalon.core.main.ScriptEngine.runScriptAsRawText(ScriptEngine.java:119)
	at com.kms.katalon.core.main.TestCaseExecutor.runScript(TestCaseExecutor.java:448)
	at com.kms.katalon.core.main.TestCaseExecutor.doExecute(TestCaseExecutor.java:439)
	at com.kms.katalon.core.main.TestCaseExecutor.processExecutionPhase(TestCaseExecutor.java:418)
	at com.kms.katalon.core.main.TestCaseExecutor.accessMainPhase(TestCaseExecutor.java:410)
	at com.kms.katalon.core.main.TestCaseExecutor.execute(TestCaseExecutor.java:285)
	at com.kms.katalon.core.common.CommonExecutor.accessTestCaseMainPhase(CommonExecutor.java:65)
	at com.kms.katalon.core.main.TestSuiteExecutor.accessTestSuiteMainPhase(TestSuiteExecutor.java:148)
	at com.kms.katalon.core.main.TestSuiteExecutor.execute(TestSuiteExecutor.java:106)
	at com.kms.katalon.core.main.TestCaseMain.startTestSuite(TestCaseMain.java:187)
	at com.kms.katalon.core.main.TestCaseMain$startTestSuite$0.call(Unknown Source)
	at TempTestSuite1690374923082.run(TempTestSuite1690374923082.groovy:36)
Caused by: org.openqa.selenium.NoSuchWindowException: no such window: target window already closed
from unknown error: web view not found
  (Session info: chrome=114.0.5735.248)
Build info: version: '3.141.59', revision: 'e82be7d358', time: '2018-11-14T08:25:53'
System info: host: 'INBL01LAP31245', ip: '192.168.1.5', os.name: 'Windows 11', os.arch: 'amd64', os.version: '10.0', java.version: '1.8.0_362'
Driver info: com.kms.katalon.selenium.driver.CChromeDriver
Capabilities {acceptInsecureCerts: false, browserName: chrome, browserVersion: 114.0.5735.248, chrome: {chromedriverVersion: 113.0.5672.24 (65f30d4e8051..., userDataDir: C:\Users\SATYAS~1.SAM\AppDa...}, goog:chromeOptions: {debuggerAddress: localhost:52721}, javascriptEnabled: true, networkConnectionEnabled: false, pageLoadStrategy: normal, platform: WINDOWS, platformName: WINDOWS, proxy: Proxy(), setWindowRect: true, strictFileInteractability: false, timeouts: {implicit: 0, pageLoad: 300000, script: 30000}, unhandledPromptBehavior: dismiss and notify, webauthn:extension:credBlob: true, webauthn:extension:largeBlob: true, webauthn:extension:minPinLength: true, webauthn:extension:prf: true, webauthn:virtualAuthenticators: true}
Session ID: 110ecdb8a78a7afb54471c0c406b94e0
*** Element info: {Using=xpath, value=//input[@name='username']}
	at org.openqa.selenium.remote.http.W3CHttpResponseCodec.createException(W3CHttpResponseCodec.java:187)
	at org.openqa.selenium.remote.http.W3CHttpResponseCodec.decode(W3CHttpResponseCodec.java:122)
	at org.openqa.selenium.remote.http.W3CHttpResponseCodec.decode(W3CHttpResponseCodec.java:49)
	at org.openqa.selenium.remote.HttpCommandExecutor.execute(HttpCommandExecutor.java:158)
	at org.openqa.selenium.remote.service.DriverCommandExecutor.execute(DriverCommandExecutor.java:83)
	at org.openqa.selenium.remote.RemoteWebDriver.execute(RemoteWebDriver.java:552)
	at com.kms.katalon.selenium.driver.CChromeDriver.execute(CChromeDriver.java:19)
	at org.openqa.selenium.remote.RemoteWebDriver.findElements(RemoteWebDriver.java:353)
	at org.openqa.selenium.remote.RemoteWebDriver.findElementsByXPath(RemoteWebDriver.java:432)
	at org.openqa.selenium.By$ByXPath.findElements(By.java:348)
	at org.openqa.selenium.remote.RemoteWebDriver.findElements(RemoteWebDriver.java:311)
	at org.openqa.selenium.support.events.EventFiringWebDriver.lambda$new$1(EventFiringWebDriver.java:105)
	at com.sun.proxy.$Proxy10.findElements(Unknown Source)
	at org.openqa.selenium.support.events.EventFiringWebDriver.findElements(EventFiringWebDriver.java:182)
	at com.kms.katalon.core.webui.common.WebUiCommonHelper.findElementByNormalMethods(WebUiCommonHelper.java:1027)
	at com.kms.katalon.core.webui.common.WebUiCommonHelper.findElementsBySelectedMethod(WebUiCommonHelper.java:919)
	at com.kms.katalon.core.webui.common.WebUiCommonHelper.findElementsBySelectedMethod(WebUiCommonHelper.java:901)
	at com.kms.katalon.core.webui.common.WebUiCommonHelper.findElementsBySelectedMethod(WebUiCommonHelper.java:896)
	at com.kms.katalon.core.webui.common.WebUiCommonHelper.findElementsByDefault(WebUiCommonHelper.java:892)
	at com.kms.katalon.core.webui.common.WebUiCommonHelper.findElementsWithSelfHealing(WebUiCommonHelper.java:737)
	at com.kms.katalon.core.webui.common.WebUiCommonHelper.findWebElements(WebUiCommonHelper.java:718)
	at com.kms.katalon.core.webui.common.WebUiCommonHelper.findWebElement(WebUiCommonHelper.java:1376)
	at com.kms.katalon.core.webui.keyword.internal.WebUIAbstractKeyword.findWebElement(WebUIAbstractKeyword.groovy:27)
	at com.kms.katalon.core.webui.keyword.internal.WebUIAbstractKeyword.findWebElement(WebUIAbstractKeyword.groovy:26)
	at com.kms.katalon.core.webui.keyword.builtin.SetTextKeyword$_setText_closure1.doCall(SetTextKeyword.groovy:51)
	at com.kms.katalon.core.webui.keyword.builtin.SetTextKeyword$_setText_closure1.call(SetTextKeyword.groovy)
	at com.kms.katalon.core.webui.keyword.internal.WebUIKeywordMain.runKeyword(WebUIKeywordMain.groovy:20)
	... 19 more]]></system-err>
   </testsuite>
   <testsuite name="testTunnel_testSuite2" tests="1" failures="0" errors="0" time="14.269" skipped="0" timestamp="2023-07-26 18:06:56" hostname="satyasai.samoju - INBL01LAP31245.brd.g-c-i.com" id="Test Suites/testTunnel_testSuite2">
      <properties>
         <property name="deviceName" value=""/>
         <property name="devicePlatform" value=""/>
         <property name="logFolder" value="C:\\Users\\satyasai.samoju\\git\\TestTunnel_Pratice_Repo\\Reports\\20230726_180520\\testTunnel_testSuite2\\20230726_180525"/>
         <property name="logFiles" value="C:\\Users\\satyasai.samoju\\git\\TestTunnel_Pratice_Repo\\Reports\\20230726_180520\\testTunnel_testSuite2\\20230726_180525\\execution0.log"/>
         <property name="attachments" value=""/>
         <property name="hostName" value="satyasai.samoju - INBL01LAP31245.brd.g-c-i.com"/>
         <property name="os" value="Windows 11 64bit"/>
         <property name="katalonVersion" value="8.6.5.208"/>
         <property name="browser" value="Chrome 114.0.0.0"/>
         <property name="hostAddress" value="192.168.1.5"/>
         <property name="sessionId" value="4dbf824dcd52f8508fcde2d112e15bdf"/>
         <property name="seleniumVersion" value="3.141.59"/>
         <property name="proxyInformation" value="ProxyInformation { proxyOption=NO_PROXY, proxyServerType=HTTP, username=, password=********, proxyServerAddress=, proxyServerPort=0, executionList=&quot;&quot;, isApplyToDesiredCapabilities=true }"/>
         <property name="platform" value="Windows 11"/>
      </properties>
      <testcase name="Test Cases/TestTunnel2" time="14.0" classname="Test Cases/TestTunnel2" status="PASSED">
         <system-out><![CDATA[2023-07-26 18:06:56 - [TEST_CASE][PASSED] - Test Cases/TestTunnel2: Test Cases/TestTunnel2

2023-07-26 18:06:57 - [TEST_STEP][PASSED] - openBrowser(""): Browser is opened with url: ''

2023-07-26 18:06:57 - [MESSAGE][INFO] - Starting 'Chrome' driver

2023-07-26 18:06:57 - [MESSAGE][INFO] - Action delay is set to 0 milliseconds

2023-07-26 18:07:01 - [MESSAGE][PASSED] - Browser is opened with url: ''

2023-07-26 18:07:01 - [TEST_STEP][PASSED] - maximizeWindow(): Current window maximized

2023-07-26 18:07:01 - [MESSAGE][PASSED] - Current window maximized

2023-07-26 18:07:01 - [TEST_STEP][PASSED] - navigateToUrl("https://www.youtube.com/"): Navigate to 'https://www.youtube.com/' successfully

2023-07-26 18:07:06 - [MESSAGE][PASSED] - Navigate to 'https://www.youtube.com/' successfully

2023-07-26 18:07:06 - [TEST_STEP][PASSED] - delay(3): Delayed 3 second(s)

2023-07-26 18:07:09 - [MESSAGE][PASSED] - Delayed 3 second(s)

2023-07-26 18:07:09 - [TEST_STEP][PASSED] - closeBrowser(): Browser is closed

2023-07-26 18:07:10 - [MESSAGE][PASSED] - Browser is closed]]></system-out>
         <system-err><![CDATA[]]></system-err>
      </testcase>
      <system-out><![CDATA[2023-07-26 18:06:56 - [TEST_SUITE][PASSED] - testTunnel_testSuite2: Test Cases/TestTunnel2]]></system-out>
      <system-err><![CDATA[]]></system-err>
   </testsuite>
</testsuites>
