<?xml version="1.0" encoding="UTF-8" standalone="no"?>
<!DOCTYPE log SYSTEM "logger.dtd">
<log>
<record>
  <date>2023-07-26T18:54:45</date>
  <millis>1690377885713</millis>
  <sequence>0</sequence>
  <level>START</level>
  <class>com.kms.katalon.core.logging.XmlKeywordLogger</class>
  <method>startSuite</method>
  <thread>1</thread>
  <message>Start Test Suite : Test Suites/New Test Suite3_Qa</message>
  <nestedLevel>0</nestedLevel>
  <escapedJava>false</escapedJava>
  <property name="rerunTestFailImmediately">true</property>
  <property name="retryCount">3</property>
  <property name="name">New Test Suite3_Qa</property>
  <property name="description"></property>
  <property name="id">Test Suites/New Test Suite3_Qa</property>
</record>
<record>
  <date>2023-07-26T18:54:45</date>
  <millis>1690377885738</millis>
  <sequence>1</sequence>
  <level>RUN_DATA</level>
  <class>com.kms.katalon.core.logging.XmlKeywordLogger</class>
  <method>logMessage</method>
  <thread>1</thread>
  <message>hostName = satyasai.samoju - INBL01LAP31245.brd.g-c-i.com</message>
  <nestedLevel>0</nestedLevel>
  <escapedJava>false</escapedJava>
  <property name="hostName">satyasai.samoju - INBL01LAP31245.brd.g-c-i.com</property>
</record>
<record>
  <date>2023-07-26T18:54:45</date>
  <millis>1690377885740</millis>
  <sequence>2</sequence>
  <level>RUN_DATA</level>
  <class>com.kms.katalon.core.logging.XmlKeywordLogger</class>
  <method>logMessage</method>
  <thread>1</thread>
  <message>os = Windows 11 64bit</message>
  <nestedLevel>0</nestedLevel>
  <escapedJava>false</escapedJava>
  <property name="os">Windows 11 64bit</property>
</record>
<record>
  <date>2023-07-26T18:54:45</date>
  <millis>1690377885740</millis>
  <sequence>3</sequence>
  <level>RUN_DATA</level>
  <class>com.kms.katalon.core.logging.XmlKeywordLogger</class>
  <method>logMessage</method>
  <thread>1</thread>
  <message>hostAddress = 192.168.1.5</message>
  <nestedLevel>0</nestedLevel>
  <escapedJava>false</escapedJava>
  <property name="hostAddress">192.168.1.5</property>
</record>
<record>
  <date>2023-07-26T18:54:45</date>
  <millis>1690377885741</millis>
  <sequence>4</sequence>
  <level>RUN_DATA</level>
  <class>com.kms.katalon.core.logging.XmlKeywordLogger</class>
  <method>logMessage</method>
  <thread>1</thread>
  <message>katalonVersion = 8.6.5.208</message>
  <nestedLevel>0</nestedLevel>
  <escapedJava>false</escapedJava>
  <property name="katalonVersion">8.6.5.208</property>
</record>
<record>
  <date>2023-07-26T18:54:46</date>
  <millis>1690377886272</millis>
  <sequence>5</sequence>
  <level>START</level>
  <class>com.kms.katalon.core.logging.XmlKeywordLogger</class>
  <method>startTest</method>
  <thread>1</thread>
  <message>Start Test Case : Test Cases/TestTunnel4Demoqa</message>
  <nestedLevel>1</nestedLevel>
  <escapedJava>false</escapedJava>
  <property name="remainingRetryCount">3</property>
  <property name="name">Test Cases/TestTunnel4Demoqa</property>
  <property name="description"></property>
  <property name="iteration"></property>
  <property name="id">Test Cases/TestTunnel4Demoqa</property>
  <property name="source">C:\Users\satyasai.samoju\git\TestTunnel_Pratice_Repo\Test Cases\TestTunnel4Demoqa.tc</property>
  <property name="tag"></property>
  <property name="isOptional">false</property>
  <property name="currentRetryCount">0</property>
</record>
<record>
  <date>2023-07-26T18:54:46</date>
  <millis>1690377886775</millis>
  <sequence>7</sequence>
  <level>START</level>
  <class>com.kms.katalon.core.logging.XmlKeywordLogger</class>
  <method>startKeyword</method>
  <thread>1</thread>
  <message>Start action : openBrowser(&amp;quot;&amp;quot;)</message>
  <nestedLevel>1</nestedLevel>
  <escapedJava>false</escapedJava>
  <property name="startLine">20</property>
  <property name="stepIndex">1</property>
</record>
<record>
  <date>2023-07-26T18:54:47</date>
  <millis>1690377887213</millis>
  <sequence>9</sequence>
  <level>INFO</level>
  <class>com.kms.katalon.core.logging.XmlKeywordLogger</class>
  <method>logMessage</method>
  <thread>1</thread>
  <message>User set preference: [&amp;apos;browserName&amp;apos;, &amp;apos;safari&amp;apos;]</message>
  <nestedLevel>1</nestedLevel>
  <escapedJava>false</escapedJava>
</record>
<record>
  <date>2023-07-26T18:54:47</date>
  <millis>1690377887214</millis>
  <sequence>10</sequence>
  <level>INFO</level>
  <class>com.kms.katalon.core.logging.XmlKeywordLogger</class>
  <method>logMessage</method>
  <thread>1</thread>
  <message>User set preference: [&amp;apos;platformName&amp;apos;, &amp;apos;iOS&amp;apos;]</message>
  <nestedLevel>1</nestedLevel>
  <escapedJava>false</escapedJava>
</record>
<record>
  <date>2023-07-26T18:54:47</date>
  <millis>1690377887214</millis>
  <sequence>11</sequence>
  <level>INFO</level>
  <class>com.kms.katalon.core.logging.XmlKeywordLogger</class>
  <method>logMessage</method>
  <thread>1</thread>
  <message>User set preference: [&amp;apos;browserVersion&amp;apos;, &amp;apos;latest&amp;apos;]</message>
  <nestedLevel>1</nestedLevel>
  <escapedJava>false</escapedJava>
</record>
<record>
  <date>2023-07-26T18:54:47</date>
  <millis>1690377887214</millis>
  <sequence>12</sequence>
  <level>INFO</level>
  <class>com.kms.katalon.core.logging.XmlKeywordLogger</class>
  <method>logMessage</method>
  <thread>1</thread>
  <message>User set preference: [&amp;apos;deviceName&amp;apos;, &amp;apos;iPhone iPhone 14 Pro&amp;apos;]</message>
  <nestedLevel>1</nestedLevel>
  <escapedJava>false</escapedJava>
</record>
<record>
  <date>2023-07-26T18:54:47</date>
  <millis>1690377887214</millis>
  <sequence>13</sequence>
  <level>INFO</level>
  <class>com.kms.katalon.core.logging.XmlKeywordLogger</class>
  <method>logMessage</method>
  <thread>1</thread>
  <message>User set preference: [&amp;apos;platformVersion&amp;apos;, &amp;apos;16.5.1&amp;apos;]</message>
  <nestedLevel>1</nestedLevel>
  <escapedJava>false</escapedJava>
</record>
<record>
  <date>2023-07-26T18:54:47</date>
  <millis>1690377887214</millis>
  <sequence>14</sequence>
  <level>INFO</level>
  <class>com.kms.katalon.core.logging.XmlKeywordLogger</class>
  <method>logMessage</method>
  <thread>1</thread>
  <message>User set preference: [&amp;apos;deviceId&amp;apos;, &amp;apos;apple_iphone_14_pro&amp;apos;]</message>
  <nestedLevel>1</nestedLevel>
  <escapedJava>false</escapedJava>
</record>
<record>
  <date>2023-07-26T18:54:47</date>
  <millis>1690377887214</millis>
  <sequence>15</sequence>
  <level>INFO</level>
  <class>com.kms.katalon.core.logging.XmlKeywordLogger</class>
  <method>logMessage</method>
  <thread>1</thread>
  <message>User set preference: [&amp;apos;katalon:option&amp;apos;, &amp;apos;{organizationId=1221318, tunnelId=dc092cbc-975b-4edc-acb4-46a8e236a020, deviceVersion=16.5.1, deviceId=apple_iphone_14_pro, usingTunnel=true}&amp;apos;]</message>
  <nestedLevel>1</nestedLevel>
  <escapedJava>false</escapedJava>
</record>
<record>
  <date>2023-07-26T18:54:47</date>
  <millis>1690377887224</millis>
  <sequence>16</sequence>
  <level>INFO</level>
  <class>com.kms.katalon.core.logging.XmlKeywordLogger</class>
  <method>logMessage</method>
  <thread>1</thread>
  <message>Connecting to remote web server &amp;apos;testcloud.katalon.com/hub&amp;apos; with type &amp;apos;Selenium&amp;apos;</message>
  <nestedLevel>1</nestedLevel>
  <escapedJava>false</escapedJava>
</record>
<record>
  <date>2023-07-26T18:54:48</date>
  <millis>1690377888233</millis>
  <sequence>17</sequence>
  <level>INFO</level>
  <class>com.kms.katalon.core.logging.XmlKeywordLogger</class>
  <method>logMessage</method>
  <thread>1</thread>
  <message>Action delay is set to 0 milliseconds</message>
  <nestedLevel>1</nestedLevel>
  <escapedJava>false</escapedJava>
</record>
<record>
  <date>2023-07-26T18:56:02</date>
  <millis>1690377962747</millis>
  <sequence>19</sequence>
  <level>RUN_DATA</level>
  <class>com.kms.katalon.core.logging.XmlKeywordLogger</class>
  <method>logMessage</method>
  <thread>1</thread>
  <message>remoteDriverUrl = testcloud.katalon.com/hub</message>
  <nestedLevel>1</nestedLevel>
  <escapedJava>false</escapedJava>
  <property name="remoteDriverUrl">testcloud.katalon.com/hub</property>
</record>
<record>
  <date>2023-07-26T18:56:02</date>
  <millis>1690377962748</millis>
  <sequence>20</sequence>
  <level>RUN_DATA</level>
  <class>com.kms.katalon.core.logging.XmlKeywordLogger</class>
  <method>logMessage</method>
  <thread>1</thread>
  <message>remoteOS = iOS</message>
  <nestedLevel>1</nestedLevel>
  <escapedJava>false</escapedJava>
  <property name="remoteOS">iOS</property>
</record>
<record>
  <date>2023-07-26T18:56:02</date>
  <millis>1690377962778</millis>
  <sequence>21</sequence>
  <level>RUN_DATA</level>
  <class>com.kms.katalon.core.logging.XmlKeywordLogger</class>
  <method>logMessage</method>
  <thread>1</thread>
  <message>desiredCapabilities = {
  &amp;quot;testobject_user_id&amp;quot;: &amp;quot;coty_katalon&amp;quot;,
  &amp;quot;testobject_test_report_url&amp;quot;: &amp;quot;https://app.*********.com/tests/71e7fd6d16aa4be7b0a6dd1f542bf688&amp;quot;,
  &amp;quot;testobject_device_name&amp;quot;: &amp;quot;iPhone 14 Pro&amp;quot;,
  &amp;quot;testobject_device_session_id&amp;quot;: &amp;quot;30df6edc-58c5-4d67-8b6e-704aada21758&amp;quot;,
  &amp;quot;deviceName&amp;quot;: &amp;quot;iPhone iPhone 14 Pro&amp;quot;,
  &amp;quot;platform&amp;quot;: &amp;quot;IOS&amp;quot;,
  &amp;quot;***:options&amp;quot;: {
    &amp;quot;name&amp;quot;: &amp;quot;TestCloud Automated Test Session &amp;quot;,
    &amp;quot;realDevice&amp;quot;: true,
    &amp;quot;tunnelIdentifier&amp;quot;: &amp;quot;4d7695b0-7fba-4fe9-bcf3-dc20376f4521&amp;quot;,
    &amp;quot;build&amp;quot;: &amp;quot;TestCloud Automated Test Session &amp;quot;,
    &amp;quot;commandTimeouts&amp;quot;: &amp;quot;60000&amp;quot;
  },
  &amp;quot;webDriverAgentUrl&amp;quot;: &amp;quot;http://127.0.0.1:5721&amp;quot;,
  &amp;quot;jobUuid&amp;quot;: &amp;quot;71e7fd6d16aa4be7b0a6dd1f542bf688&amp;quot;,
  &amp;quot;requestId&amp;quot;: &amp;quot;4d7695b0-7fba-4fe9-bcf3-dc20376f4521&amp;quot;,
  &amp;quot;browserVersion&amp;quot;: &amp;quot;16&amp;quot;,
  &amp;quot;platformVersion&amp;quot;: &amp;quot;16.5.1&amp;quot;,
  &amp;quot;automationName&amp;quot;: &amp;quot;XCUITest&amp;quot;,
  &amp;quot;webStorageEnabled&amp;quot;: false,
  &amp;quot;browserName&amp;quot;: &amp;quot;safari&amp;quot;,
  &amp;quot;takesScreenshot&amp;quot;: true,
  &amp;quot;javascriptEnabled&amp;quot;: true,
  &amp;quot;katalon:option&amp;quot;: {
    &amp;quot;unlimitedExecutionMinutes&amp;quot;: true,
    &amp;quot;apiKey&amp;quot;: &amp;quot;71bc3dda-0dca-4ef8-bf5b-ebadbcb77988&amp;quot;,
    &amp;quot;tunnelMetadataId&amp;quot;: &amp;quot;dc092cbc-975b-4edc-acb4-46a8e236a020&amp;quot;,
    &amp;quot;deviceVersion&amp;quot;: &amp;quot;16.5.1&amp;quot;,
    &amp;quot;deviceId&amp;quot;: &amp;quot;apple_iphone_14_pro&amp;quot;,
    &amp;quot;userId&amp;quot;: 1243919,
    &amp;quot;organizationId&amp;quot;: &amp;quot;1221318&amp;quot;,
    &amp;quot;teamId&amp;quot;: &amp;quot;1170312&amp;quot;,
    &amp;quot;class&amp;quot;: &amp;quot;com.katalon.testcloud.grid.common.tunnel.domain.UserOptionCapability&amp;quot;,
    &amp;quot;runFromTestCloud&amp;quot;: true,
    &amp;quot;tenant&amp;quot;: &amp;quot;KatalonStudio&amp;quot;,
    &amp;quot;usingTunnel&amp;quot;: true,
    &amp;quot;group&amp;quot;: &amp;quot;eb1bcca9-4f33-4203-ae23-adf0465a52ce&amp;quot;
  },
  &amp;quot;platformName&amp;quot;: &amp;quot;IOS&amp;quot;,
  &amp;quot;udid&amp;quot;: &amp;quot;00008120-001A685C1E07C01E&amp;quot;,
  &amp;quot;deviceContextId&amp;quot;: &amp;quot;656324b0-60d6-4060-9a11-32b884af7436&amp;quot;,
  &amp;quot;networkConnectionEnabled&amp;quot;: false,
  &amp;quot;orientation&amp;quot;: &amp;quot;PORTRAIT&amp;quot;,
  &amp;quot;testobject_device&amp;quot;: &amp;quot;iPhone_14_Pro_real_us&amp;quot;,
  &amp;quot;databaseEnabled&amp;quot;: false,
  &amp;quot;usedCachedDevice&amp;quot;: false,
  &amp;quot;version&amp;quot;: &amp;quot;latest&amp;quot;,
  &amp;quot;proxy&amp;quot;: {
    &amp;quot;proxyType&amp;quot;: &amp;quot;PAC&amp;quot;,
    &amp;quot;autodetect&amp;quot;: false,
    &amp;quot;proxyAutoconfigUrl&amp;quot;: &amp;quot;http://tunnel-manager-internal.katalon.com/pac/dc092cbc-975b-4edc-acb4-46a8e236a020.pac&amp;quot;
  },
  &amp;quot;testobject_test_report_api_url&amp;quot;: &amp;quot;https://***.*********.com/v1/rdc/jobs/71e7fd6d16aa4be7b0a6dd1f542bf688&amp;quot;,
  &amp;quot;appiumData&amp;quot;: {
    &amp;quot;automationName&amp;quot;: &amp;quot;XCUITest&amp;quot;,
    &amp;quot;appiumVersion&amp;quot;: &amp;quot;1.22.2&amp;quot;
  },
  &amp;quot;locationContextEnabled&amp;quot;: false,
  &amp;quot;appium:deviceName&amp;quot;: &amp;quot;iPhone_14_Pro_real_us&amp;quot;
}</message>
  <nestedLevel>1</nestedLevel>
  <escapedJava>false</escapedJava>
  <property name="desiredCapabilities">{
  &quot;testobject_user_id&quot;: &quot;coty_katalon&quot;,
  &quot;testobject_test_report_url&quot;: &quot;https://app.*********.com/tests/71e7fd6d16aa4be7b0a6dd1f542bf688&quot;,
  &quot;testobject_device_name&quot;: &quot;iPhone 14 Pro&quot;,
  &quot;testobject_device_session_id&quot;: &quot;30df6edc-58c5-4d67-8b6e-704aada21758&quot;,
  &quot;deviceName&quot;: &quot;iPhone iPhone 14 Pro&quot;,
  &quot;platform&quot;: &quot;IOS&quot;,
  &quot;***:options&quot;: {
    &quot;name&quot;: &quot;TestCloud Automated Test Session &quot;,
    &quot;realDevice&quot;: true,
    &quot;tunnelIdentifier&quot;: &quot;4d7695b0-7fba-4fe9-bcf3-dc20376f4521&quot;,
    &quot;build&quot;: &quot;TestCloud Automated Test Session &quot;,
    &quot;commandTimeouts&quot;: &quot;60000&quot;
  },
  &quot;webDriverAgentUrl&quot;: &quot;http://127.0.0.1:5721&quot;,
  &quot;jobUuid&quot;: &quot;71e7fd6d16aa4be7b0a6dd1f542bf688&quot;,
  &quot;requestId&quot;: &quot;4d7695b0-7fba-4fe9-bcf3-dc20376f4521&quot;,
  &quot;browserVersion&quot;: &quot;16&quot;,
  &quot;platformVersion&quot;: &quot;16.5.1&quot;,
  &quot;automationName&quot;: &quot;XCUITest&quot;,
  &quot;webStorageEnabled&quot;: false,
  &quot;browserName&quot;: &quot;safari&quot;,
  &quot;takesScreenshot&quot;: true,
  &quot;javascriptEnabled&quot;: true,
  &quot;katalon:option&quot;: {
    &quot;unlimitedExecutionMinutes&quot;: true,
    &quot;apiKey&quot;: &quot;71bc3dda-0dca-4ef8-bf5b-ebadbcb77988&quot;,
    &quot;tunnelMetadataId&quot;: &quot;dc092cbc-975b-4edc-acb4-46a8e236a020&quot;,
    &quot;deviceVersion&quot;: &quot;16.5.1&quot;,
    &quot;deviceId&quot;: &quot;apple_iphone_14_pro&quot;,
    &quot;userId&quot;: 1243919,
    &quot;organizationId&quot;: &quot;1221318&quot;,
    &quot;teamId&quot;: &quot;1170312&quot;,
    &quot;class&quot;: &quot;com.katalon.testcloud.grid.common.tunnel.domain.UserOptionCapability&quot;,
    &quot;runFromTestCloud&quot;: true,
    &quot;tenant&quot;: &quot;KatalonStudio&quot;,
    &quot;usingTunnel&quot;: true,
    &quot;group&quot;: &quot;eb1bcca9-4f33-4203-ae23-adf0465a52ce&quot;
  },
  &quot;platformName&quot;: &quot;IOS&quot;,
  &quot;udid&quot;: &quot;00008120-001A685C1E07C01E&quot;,
  &quot;deviceContextId&quot;: &quot;656324b0-60d6-4060-9a11-32b884af7436&quot;,
  &quot;networkConnectionEnabled&quot;: false,
  &quot;orientation&quot;: &quot;PORTRAIT&quot;,
  &quot;testobject_device&quot;: &quot;iPhone_14_Pro_real_us&quot;,
  &quot;databaseEnabled&quot;: false,
  &quot;usedCachedDevice&quot;: false,
  &quot;version&quot;: &quot;latest&quot;,
  &quot;proxy&quot;: {
    &quot;proxyType&quot;: &quot;PAC&quot;,
    &quot;autodetect&quot;: false,
    &quot;proxyAutoconfigUrl&quot;: &quot;http://tunnel-manager-internal.katalon.com/pac/dc092cbc-975b-4edc-acb4-46a8e236a020.pac&quot;
  },
  &quot;testobject_test_report_api_url&quot;: &quot;https://***.*********.com/v1/rdc/jobs/71e7fd6d16aa4be7b0a6dd1f542bf688&quot;,
  &quot;appiumData&quot;: {
    &quot;automationName&quot;: &quot;XCUITest&quot;,
    &quot;appiumVersion&quot;: &quot;1.22.2&quot;
  },
  &quot;locationContextEnabled&quot;: false,
  &quot;appium:deviceName&quot;: &quot;iPhone_14_Pro_real_us&quot;
}</property>
</record>
<record>
  <date>2023-07-26T18:56:02</date>
  <millis>1690377962785</millis>
  <sequence>22</sequence>
  <level>RUN_DATA</level>
  <class>com.kms.katalon.core.logging.XmlKeywordLogger</class>
  <method>logMessage</method>
  <thread>1</thread>
  <message>sessionId = 980b9133-2515-4fb4-ba89-cab491dd9bf5</message>
  <nestedLevel>1</nestedLevel>
  <escapedJava>false</escapedJava>
  <property name="sessionId">980b9133-2515-4fb4-ba89-cab491dd9bf5</property>
</record>
<record>
  <date>2023-07-26T18:56:03</date>
  <millis>1690377963652</millis>
  <sequence>23</sequence>
  <level>RUN_DATA</level>
  <class>com.kms.katalon.core.logging.XmlKeywordLogger</class>
  <method>logMessage</method>
  <thread>1</thread>
  <message>browser = Safari 16</message>
  <nestedLevel>1</nestedLevel>
  <escapedJava>false</escapedJava>
  <property name="browser">Safari 16</property>
</record>
<record>
  <date>2023-07-26T18:56:03</date>
  <millis>1690377963653</millis>
  <sequence>24</sequence>
  <level>RUN_DATA</level>
  <class>com.kms.katalon.core.logging.XmlKeywordLogger</class>
  <method>logMessage</method>
  <thread>1</thread>
  <message>platform = Windows 11</message>
  <nestedLevel>1</nestedLevel>
  <escapedJava>false</escapedJava>
  <property name="platform">Windows 11</property>
</record>
<record>
  <date>2023-07-26T18:56:03</date>
  <millis>1690377963654</millis>
  <sequence>25</sequence>
  <level>RUN_DATA</level>
  <class>com.kms.katalon.core.logging.XmlKeywordLogger</class>
  <method>logMessage</method>
  <thread>1</thread>
  <message>seleniumVersion = 3.141.59</message>
  <nestedLevel>1</nestedLevel>
  <escapedJava>false</escapedJava>
  <property name="seleniumVersion">3.141.59</property>
</record>
<record>
  <date>2023-07-26T18:56:03</date>
  <millis>1690377963655</millis>
  <sequence>26</sequence>
  <level>RUN_DATA</level>
  <class>com.kms.katalon.core.logging.XmlKeywordLogger</class>
  <method>logMessage</method>
  <thread>1</thread>
  <message>proxyInformation = ProxyInformation { proxyOption=NO_PROXY, proxyServerType=HTTP, username=, password=********, proxyServerAddress=, proxyServerPort=0, executionList=&amp;quot;&amp;quot;, isApplyToDesiredCapabilities=true }</message>
  <nestedLevel>1</nestedLevel>
  <escapedJava>false</escapedJava>
  <property name="proxyInformation">ProxyInformation { proxyOption=NO_PROXY, proxyServerType=HTTP, username=, password=********, proxyServerAddress=, proxyServerPort=0, executionList=&quot;&quot;, isApplyToDesiredCapabilities=true }</property>
</record>
<record>
  <date>2023-07-26T18:56:07</date>
  <millis>1690377967209</millis>
  <sequence>27</sequence>
  <level>PASSED</level>
  <class>com.kms.katalon.core.logging.XmlKeywordLogger</class>
  <method>logMessage</method>
  <thread>1</thread>
  <message>Browser is opened with url: &amp;apos;&amp;apos;</message>
  <nestedLevel>1</nestedLevel>
  <escapedJava>false</escapedJava>
  <property name="testops-method-name">com.kms.katalon.core.webui.keyword.builtin.OpenBrowserKeyword.openBrowser</property>
  <property name="testops-execution-stacktrace"></property>
</record>
<record>
  <date>2023-07-26T18:56:07</date>
  <millis>1690377967211</millis>
  <sequence>28</sequence>
  <level>END</level>
  <class>com.kms.katalon.core.logging.XmlKeywordLogger</class>
  <method>endKeyword</method>
  <thread>1</thread>
  <message>End action : openBrowser(&amp;quot;&amp;quot;)</message>
  <nestedLevel>1</nestedLevel>
  <escapedJava>false</escapedJava>
</record>
<record>
  <date>2023-07-26T18:56:07</date>
  <millis>1690377967211</millis>
  <sequence>29</sequence>
  <level>START</level>
  <class>com.kms.katalon.core.logging.XmlKeywordLogger</class>
  <method>startKeyword</method>
  <thread>1</thread>
  <message>Start action : maximizeWindow()</message>
  <nestedLevel>1</nestedLevel>
  <escapedJava>false</escapedJava>
  <property name="startLine">22</property>
  <property name="stepIndex">2</property>
</record>
<record>
  <date>2023-07-26T18:56:21</date>
  <millis>1690377981480</millis>
  <sequence>34</sequence>
  <level>FAILED</level>
  <class>com.kms.katalon.core.logging.XmlKeywordLogger</class>
  <method>logMessage</method>
  <thread>1</thread>
  <message>Unable to maximize current window (Root cause: com.kms.katalon.core.exception.StepFailedException: Unable to maximize current window
	at com.kms.katalon.core.webui.keyword.internal.WebUIKeywordMain.stepFailed(WebUIKeywordMain.groovy:64)
	at com.kms.katalon.core.webui.keyword.internal.WebUIKeywordMain.runKeyword(WebUIKeywordMain.groovy:26)
	at com.kms.katalon.core.webui.keyword.builtin.MaximizeWindowKeyword.maximizeWindow(MaximizeWindowKeyword.groovy:74)
	at com.kms.katalon.core.webui.keyword.builtin.MaximizeWindowKeyword.execute(MaximizeWindowKeyword.groovy:69)
	at com.kms.katalon.core.keyword.internal.KeywordExecutor.executeKeywordForPlatform(KeywordExecutor.groovy:74)
	at com.kms.katalon.core.webui.keyword.WebUiBuiltInKeywords.maximizeWindow(WebUiBuiltInKeywords.groovy:283)
	at com.kms.katalon.core.webui.keyword.WebUiBuiltInKeywords$maximizeWindow$0.call(Unknown Source)
	at TestTunnel4Demoqa.run(TestTunnel4Demoqa:22)
	at com.kms.katalon.core.main.ScriptEngine.run(ScriptEngine.java:194)
	at com.kms.katalon.core.main.ScriptEngine.runScriptAsRawText(ScriptEngine.java:119)
	at com.kms.katalon.core.main.TestCaseExecutor.runScript(TestCaseExecutor.java:448)
	at com.kms.katalon.core.main.TestCaseExecutor.doExecute(TestCaseExecutor.java:439)
	at com.kms.katalon.core.main.TestCaseExecutor.processExecutionPhase(TestCaseExecutor.java:418)
	at com.kms.katalon.core.main.TestCaseExecutor.accessMainPhase(TestCaseExecutor.java:410)
	at com.kms.katalon.core.main.TestCaseExecutor.execute(TestCaseExecutor.java:285)
	at com.kms.katalon.core.common.CommonExecutor.accessTestCaseMainPhase(CommonExecutor.java:65)
	at com.kms.katalon.core.main.TestSuiteExecutor.accessTestSuiteMainPhase(TestSuiteExecutor.java:148)
	at com.kms.katalon.core.main.TestSuiteExecutor.execute(TestSuiteExecutor.java:106)
	at com.kms.katalon.core.main.TestCaseMain.startTestSuite(TestCaseMain.java:187)
	at com.kms.katalon.core.main.TestCaseMain$startTestSuite$0.call(Unknown Source)
	at TempTestSuite1690377867365.run(TempTestSuite1690377867365.groovy:36)
Caused by: org.openqa.selenium.UnsupportedCommandException: Method has not yet been implemented
Build info: version: &amp;apos;3.141.59&amp;apos;, revision: &amp;apos;e82be7d358&amp;apos;, time: &amp;apos;2018-11-14T08:25:53&amp;apos;
System info: host: &amp;apos;INBL01LAP31245&amp;apos;, ip: &amp;apos;192.168.1.5&amp;apos;, os.name: &amp;apos;Windows 11&amp;apos;, os.arch: &amp;apos;amd64&amp;apos;, os.version: &amp;apos;10.0&amp;apos;, java.version: &amp;apos;1.8.0_362&amp;apos;
Driver info: com.kms.katalon.selenium.driver.CRemoteWebDriver
Capabilities {appium:deviceName: iPhone_14_Pro_real_us, appiumData: {appiumVersion: 1.22.2, automationName: XCUITest}, automationName: XCUITest, browserName: safari, browserVersion: latest, databaseEnabled: false, deviceContextId: 656324b0-60d6-4060-9a11-32b..., deviceName: 00008120-001A685C1E07C01E, javascriptEnabled: true, jobUuid: 71e7fd6d16aa4be7b0a6dd1f542..., katalon:option: {apiKey: 71bc3dda-0dca-4ef8-bf5b-eba..., class: com.katalon.testcloud.grid...., deviceId: apple_iphone_14_pro, deviceVersion: 16.5.1, group: eb1bcca9-4f33-4203-ae23-adf..., organizationId: 1221318, runFromTestCloud: true, teamId: 1170312, tenant: KatalonStudio, tunnelMetadataId: dc092cbc-975b-4edc-acb4-46a..., unlimitedExecutionMinutes: true, userId: 1243919, usingTunnel: true}, locationContextEnabled: false, networkConnectionEnabled: false, orientation: PORTRAIT, platform: IOS, platformName: IOS, platformVersion: 16.5.1, proxy: Proxy(pac: http://tunnel-ma..., requestId: 4d7695b0-7fba-4fe9-bcf3-dc2..., sauce:options: {build: TestCloud Automated Test Se..., commandTimeouts: 60000, name: TestCloud Automated Test Se..., realDevice: true, tunnelIdentifier: 4d7695b0-7fba-4fe9-bcf3-dc2...}, takesScreenshot: true, testobject_device: iPhone_14_Pro_real_us, testobject_device_name: iPhone 14 Pro, testobject_device_session_id: 30df6edc-58c5-4d67-8b6e-704..., testobject_test_report_api_url: https://api.us-west-1.*****..., testobject_test_report_url: https://app.*********.com/t..., testobject_user_id: coty_katalon, udid: 00008120-001A685C1E07C01E, usedCachedDevice: false, version: latest, webDriverAgentUrl: http://127.0.0.1:5721, webStorageEnabled: false}
Session ID: 980b9133-2515-4fb4-ba89-cab491dd9bf5
	at org.openqa.selenium.remote.http.W3CHttpResponseCodec.createException(W3CHttpResponseCodec.java:187)
	at org.openqa.selenium.remote.http.W3CHttpResponseCodec.decode(W3CHttpResponseCodec.java:122)
	at org.openqa.selenium.remote.http.W3CHttpResponseCodec.decode(W3CHttpResponseCodec.java:49)
	at org.openqa.selenium.remote.HttpCommandExecutor.execute(HttpCommandExecutor.java:158)
	at org.openqa.selenium.remote.RemoteWebDriver.execute(RemoteWebDriver.java:552)
	at com.kms.katalon.selenium.driver.CRemoteWebDriver.execute(CRemoteWebDriver.java:30)
	at org.openqa.selenium.remote.RemoteWebDriver.execute(RemoteWebDriver.java:609)
	at org.openqa.selenium.remote.RemoteWebDriver$RemoteWebDriverOptions$RemoteWindow.maximize(RemoteWebDriver.java:837)
	at org.openqa.selenium.support.events.EventFiringWebDriver$EventFiringWindow.maximize(EventFiringWebDriver.java:769)
	at com.kms.katalon.core.webui.keyword.builtin.MaximizeWindowKeyword$_maximizeWindow_closure1.doCall(MaximizeWindowKeyword.groovy:85)
	at com.kms.katalon.core.webui.keyword.builtin.MaximizeWindowKeyword$_maximizeWindow_closure1.call(MaximizeWindowKeyword.groovy)
	at com.kms.katalon.core.webui.keyword.internal.WebUIKeywordMain.runKeyword(WebUIKeywordMain.groovy:20)
	at com.kms.katalon.core.webui.keyword.builtin.MaximizeWindowKeyword.maximizeWindow(MaximizeWindowKeyword.groovy:74)
	at com.kms.katalon.core.webui.keyword.builtin.MaximizeWindowKeyword.execute(MaximizeWindowKeyword.groovy:69)
	at com.kms.katalon.core.keyword.internal.KeywordExecutor.executeKeywordForPlatform(KeywordExecutor.groovy:74)
	at com.kms.katalon.core.webui.keyword.WebUiBuiltInKeywords.maximizeWindow(WebUiBuiltInKeywords.groovy:283)
	at com.kms.katalon.core.webui.keyword.WebUiBuiltInKeywords$maximizeWindow$0.call(Unknown Source)
	at Script1690371234682.run(Script1690371234682.groovy:22)
	... 13 more
)</message>
  <nestedLevel>1</nestedLevel>
  <escapedJava>false</escapedJava>
  <property name="failed.exception.class">org.openqa.selenium.UnsupportedCommandException</property>
  <property name="attachment">1690377968413.png</property>
  <property name="failed.exception.stacktrace">org.openqa.selenium.UnsupportedCommandException: Method has not yet been implemented
Build info: version: &apos;3.141.59&apos;, revision: &apos;e82be7d358&apos;, time: &apos;2018-11-14T08:25:53&apos;
System info: host: &apos;INBL01LAP31245&apos;, ip: &apos;192.168.1.5&apos;, os.name: &apos;Windows 11&apos;, os.arch: &apos;amd64&apos;, os.version: &apos;10.0&apos;, java.version: &apos;1.8.0_362&apos;
Driver info: com.kms.katalon.selenium.driver.CRemoteWebDriver
Capabilities {appium:deviceName: iPhone_14_Pro_real_us, appiumData: {appiumVersion: 1.22.2, automationName: XCUITest}, automationName: XCUITest, browserName: safari, browserVersion: latest, databaseEnabled: false, deviceContextId: 656324b0-60d6-4060-9a11-32b..., deviceName: 00008120-001A685C1E07C01E, javascriptEnabled: true, jobUuid: 71e7fd6d16aa4be7b0a6dd1f542..., katalon:option: {apiKey: 71bc3dda-0dca-4ef8-bf5b-eba..., class: com.katalon.testcloud.grid...., deviceId: apple_iphone_14_pro, deviceVersion: 16.5.1, group: eb1bcca9-4f33-4203-ae23-adf..., organizationId: 1221318, runFromTestCloud: true, teamId: 1170312, tenant: KatalonStudio, tunnelMetadataId: dc092cbc-975b-4edc-acb4-46a..., unlimitedExecutionMinutes: true, userId: 1243919, usingTunnel: true}, locationContextEnabled: false, networkConnectionEnabled: false, orientation: PORTRAIT, platform: IOS, platformName: IOS, platformVersion: 16.5.1, proxy: Proxy(pac: http://tunnel-ma..., requestId: 4d7695b0-7fba-4fe9-bcf3-dc2..., sauce:options: {build: TestCloud Automated Test Se..., commandTimeouts: 60000, name: TestCloud Automated Test Se..., realDevice: true, tunnelIdentifier: 4d7695b0-7fba-4fe9-bcf3-dc2...}, takesScreenshot: true, testobject_device: iPhone_14_Pro_real_us, testobject_device_name: iPhone 14 Pro, testobject_device_session_id: 30df6edc-58c5-4d67-8b6e-704..., testobject_test_report_api_url: https://api.us-west-1.*****..., testobject_test_report_url: https://app.*********.com/t..., testobject_user_id: coty_katalon, udid: 00008120-001A685C1E07C01E, usedCachedDevice: false, version: latest, webDriverAgentUrl: http://127.0.0.1:5721, webStorageEnabled: false}
Session ID: 980b9133-2515-4fb4-ba89-cab491dd9bf5
	at org.openqa.selenium.remote.http.W3CHttpResponseCodec.createException(W3CHttpResponseCodec.java:187)
	at org.openqa.selenium.remote.http.W3CHttpResponseCodec.decode(W3CHttpResponseCodec.java:122)
	at org.openqa.selenium.remote.http.W3CHttpResponseCodec.decode(W3CHttpResponseCodec.java:49)
	at org.openqa.selenium.remote.HttpCommandExecutor.execute(HttpCommandExecutor.java:158)
	at org.openqa.selenium.remote.RemoteWebDriver.execute(RemoteWebDriver.java:552)
	at com.kms.katalon.selenium.driver.CRemoteWebDriver.execute(CRemoteWebDriver.java:30)
	at org.openqa.selenium.remote.RemoteWebDriver.execute(RemoteWebDriver.java:609)
	at org.openqa.selenium.remote.RemoteWebDriver$RemoteWebDriverOptions$RemoteWindow.maximize(RemoteWebDriver.java:837)
	at org.openqa.selenium.support.events.EventFiringWebDriver$EventFiringWindow.maximize(EventFiringWebDriver.java:769)
	at com.kms.katalon.core.webui.keyword.builtin.MaximizeWindowKeyword$_maximizeWindow_closure1.doCall(MaximizeWindowKeyword.groovy:85)
	at com.kms.katalon.core.webui.keyword.builtin.MaximizeWindowKeyword$_maximizeWindow_closure1.call(MaximizeWindowKeyword.groovy)
	at com.kms.katalon.core.webui.keyword.internal.WebUIKeywordMain.runKeyword(WebUIKeywordMain.groovy:20)
	at com.kms.katalon.core.webui.keyword.builtin.MaximizeWindowKeyword.maximizeWindow(MaximizeWindowKeyword.groovy:74)
	at com.kms.katalon.core.webui.keyword.builtin.MaximizeWindowKeyword.execute(MaximizeWindowKeyword.groovy:69)
	at com.kms.katalon.core.keyword.internal.KeywordExecutor.executeKeywordForPlatform(KeywordExecutor.groovy:74)
	at com.kms.katalon.core.webui.keyword.WebUiBuiltInKeywords.maximizeWindow(WebUiBuiltInKeywords.groovy:283)
	at com.kms.katalon.core.webui.keyword.WebUiBuiltInKeywords$maximizeWindow$0.call(Unknown Source)
	at TestTunnel4Demoqa.run(TestTunnel4Demoqa:22)
	at com.kms.katalon.core.main.ScriptEngine.run(ScriptEngine.java:194)
	at com.kms.katalon.core.main.ScriptEngine.runScriptAsRawText(ScriptEngine.java:119)
	at com.kms.katalon.core.main.TestCaseExecutor.runScript(TestCaseExecutor.java:448)
	at com.kms.katalon.core.main.TestCaseExecutor.doExecute(TestCaseExecutor.java:439)
	at com.kms.katalon.core.main.TestCaseExecutor.processExecutionPhase(TestCaseExecutor.java:418)
	at com.kms.katalon.core.main.TestCaseExecutor.accessMainPhase(TestCaseExecutor.java:410)
	at com.kms.katalon.core.main.TestCaseExecutor.execute(TestCaseExecutor.java:285)
	at com.kms.katalon.core.common.CommonExecutor.accessTestCaseMainPhase(CommonExecutor.java:65)
	at com.kms.katalon.core.main.TestSuiteExecutor.accessTestSuiteMainPhase(TestSuiteExecutor.java:148)
	at com.kms.katalon.core.main.TestSuiteExecutor.execute(TestSuiteExecutor.java:106)
	at com.kms.katalon.core.main.TestCaseMain.startTestSuite(TestCaseMain.java:187)
	at com.kms.katalon.core.main.TestCaseMain$startTestSuite$0.call(Unknown Source)
	at TempTestSuite1690377867365.run(TempTestSuite1690377867365.groovy:36)
</property>
  <property name="failed.exception.message">Method has not yet been implemented
Build info: version: &apos;3.141.59&apos;, revision: &apos;e82be7d358&apos;, time: &apos;2018-11-14T08:25:53&apos;
System info: host: &apos;INBL01LAP31245&apos;, ip: &apos;192.168.1.5&apos;, os.name: &apos;Windows 11&apos;, os.arch: &apos;amd64&apos;, os.version: &apos;10.0&apos;, java.version: &apos;1.8.0_362&apos;
Driver info: com.kms.katalon.selenium.driver.CRemoteWebDriver
Capabilities {appium:deviceName: iPhone_14_Pro_real_us, appiumData: {appiumVersion: 1.22.2, automationName: XCUITest}, automationName: XCUITest, browserName: safari, browserVersion: latest, databaseEnabled: false, deviceContextId: 656324b0-60d6-4060-9a11-32b..., deviceName: 00008120-001A685C1E07C01E, javascriptEnabled: true, jobUuid: 71e7fd6d16aa4be7b0a6dd1f542..., katalon:option: {apiKey: 71bc3dda-0dca-4ef8-bf5b-eba..., class: com.katalon.testcloud.grid...., deviceId: apple_iphone_14_pro, deviceVersion: 16.5.1, group: eb1bcca9-4f33-4203-ae23-adf..., organizationId: 1221318, runFromTestCloud: true, teamId: 1170312, tenant: KatalonStudio, tunnelMetadataId: dc092cbc-975b-4edc-acb4-46a..., unlimitedExecutionMinutes: true, userId: 1243919, usingTunnel: true}, locationContextEnabled: false, networkConnectionEnabled: false, orientation: PORTRAIT, platform: IOS, platformName: IOS, platformVersion: 16.5.1, proxy: Proxy(pac: http://tunnel-ma..., requestId: 4d7695b0-7fba-4fe9-bcf3-dc2..., sauce:options: {build: TestCloud Automated Test Se..., commandTimeouts: 60000, name: TestCloud Automated Test Se..., realDevice: true, tunnelIdentifier: 4d7695b0-7fba-4fe9-bcf3-dc2...}, takesScreenshot: true, testobject_device: iPhone_14_Pro_real_us, testobject_device_name: iPhone 14 Pro, testobject_device_session_id: 30df6edc-58c5-4d67-8b6e-704..., testobject_test_report_api_url: https://api.us-west-1.*****..., testobject_test_report_url: https://app.*********.com/t..., testobject_user_id: coty_katalon, udid: 00008120-001A685C1E07C01E, usedCachedDevice: false, version: latest, webDriverAgentUrl: http://127.0.0.1:5721, webStorageEnabled: false}
Session ID: 980b9133-2515-4fb4-ba89-cab491dd9bf5</property>
</record>
<record>
  <date>2023-07-26T18:56:21</date>
  <millis>1690377981499</millis>
  <sequence>37</sequence>
  <level>END</level>
  <class>com.kms.katalon.core.logging.XmlKeywordLogger</class>
  <method>endKeyword</method>
  <thread>1</thread>
  <message>End action : maximizeWindow()</message>
  <nestedLevel>1</nestedLevel>
  <escapedJava>false</escapedJava>
</record>
<record>
  <date>2023-07-26T18:56:21</date>
  <millis>1690377981499</millis>
  <sequence>40</sequence>
  <level>FAILED</level>
  <class>com.kms.katalon.core.logging.XmlKeywordLogger</class>
  <method>logMessage</method>
  <thread>1</thread>
  <message>Test Cases/TestTunnel4Demoqa FAILED.
Reason:
com.kms.katalon.core.exception.StepFailedException: Unable to maximize current window
	at com.kms.katalon.core.webui.keyword.internal.WebUIKeywordMain.stepFailed(WebUIKeywordMain.groovy:64)
	at com.kms.katalon.core.webui.keyword.internal.WebUIKeywordMain.runKeyword(WebUIKeywordMain.groovy:26)
	at com.kms.katalon.core.webui.keyword.builtin.MaximizeWindowKeyword.maximizeWindow(MaximizeWindowKeyword.groovy:74)
	at com.kms.katalon.core.webui.keyword.builtin.MaximizeWindowKeyword.execute(MaximizeWindowKeyword.groovy:69)
	at com.kms.katalon.core.keyword.internal.KeywordExecutor.executeKeywordForPlatform(KeywordExecutor.groovy:74)
	at com.kms.katalon.core.webui.keyword.WebUiBuiltInKeywords.maximizeWindow(WebUiBuiltInKeywords.groovy:283)
	at com.kms.katalon.core.webui.keyword.WebUiBuiltInKeywords$maximizeWindow$0.call(Unknown Source)
	at TestTunnel4Demoqa.run(TestTunnel4Demoqa:22)
	at com.kms.katalon.core.main.ScriptEngine.run(ScriptEngine.java:194)
	at com.kms.katalon.core.main.ScriptEngine.runScriptAsRawText(ScriptEngine.java:119)
	at com.kms.katalon.core.main.TestCaseExecutor.runScript(TestCaseExecutor.java:448)
	at com.kms.katalon.core.main.TestCaseExecutor.doExecute(TestCaseExecutor.java:439)
	at com.kms.katalon.core.main.TestCaseExecutor.processExecutionPhase(TestCaseExecutor.java:418)
	at com.kms.katalon.core.main.TestCaseExecutor.accessMainPhase(TestCaseExecutor.java:410)
	at com.kms.katalon.core.main.TestCaseExecutor.execute(TestCaseExecutor.java:285)
	at com.kms.katalon.core.common.CommonExecutor.accessTestCaseMainPhase(CommonExecutor.java:65)
	at com.kms.katalon.core.main.TestSuiteExecutor.accessTestSuiteMainPhase(TestSuiteExecutor.java:148)
	at com.kms.katalon.core.main.TestSuiteExecutor.execute(TestSuiteExecutor.java:106)
	at com.kms.katalon.core.main.TestCaseMain.startTestSuite(TestCaseMain.java:187)
	at com.kms.katalon.core.main.TestCaseMain$startTestSuite$0.call(Unknown Source)
	at TempTestSuite1690377867365.run(TempTestSuite1690377867365.groovy:36)
Caused by: org.openqa.selenium.UnsupportedCommandException: Method has not yet been implemented
Build info: version: &amp;apos;3.141.59&amp;apos;, revision: &amp;apos;e82be7d358&amp;apos;, time: &amp;apos;2018-11-14T08:25:53&amp;apos;
System info: host: &amp;apos;INBL01LAP31245&amp;apos;, ip: &amp;apos;192.168.1.5&amp;apos;, os.name: &amp;apos;Windows 11&amp;apos;, os.arch: &amp;apos;amd64&amp;apos;, os.version: &amp;apos;10.0&amp;apos;, java.version: &amp;apos;1.8.0_362&amp;apos;
Driver info: com.kms.katalon.selenium.driver.CRemoteWebDriver
Capabilities {appium:deviceName: iPhone_14_Pro_real_us, appiumData: {appiumVersion: 1.22.2, automationName: XCUITest}, automationName: XCUITest, browserName: safari, browserVersion: latest, databaseEnabled: false, deviceContextId: 656324b0-60d6-4060-9a11-32b..., deviceName: 00008120-001A685C1E07C01E, javascriptEnabled: true, jobUuid: 71e7fd6d16aa4be7b0a6dd1f542..., katalon:option: {apiKey: 71bc3dda-0dca-4ef8-bf5b-eba..., class: com.katalon.testcloud.grid...., deviceId: apple_iphone_14_pro, deviceVersion: 16.5.1, group: eb1bcca9-4f33-4203-ae23-adf..., organizationId: 1221318, runFromTestCloud: true, teamId: 1170312, tenant: KatalonStudio, tunnelMetadataId: dc092cbc-975b-4edc-acb4-46a..., unlimitedExecutionMinutes: true, userId: 1243919, usingTunnel: true}, locationContextEnabled: false, networkConnectionEnabled: false, orientation: PORTRAIT, platform: IOS, platformName: IOS, platformVersion: 16.5.1, proxy: Proxy(pac: http://tunnel-ma..., requestId: 4d7695b0-7fba-4fe9-bcf3-dc2..., sauce:options: {build: TestCloud Automated Test Se..., commandTimeouts: 60000, name: TestCloud Automated Test Se..., realDevice: true, tunnelIdentifier: 4d7695b0-7fba-4fe9-bcf3-dc2...}, takesScreenshot: true, testobject_device: iPhone_14_Pro_real_us, testobject_device_name: iPhone 14 Pro, testobject_device_session_id: 30df6edc-58c5-4d67-8b6e-704..., testobject_test_report_api_url: https://api.us-west-1.*****..., testobject_test_report_url: https://app.*********.com/t..., testobject_user_id: coty_katalon, udid: 00008120-001A685C1E07C01E, usedCachedDevice: false, version: latest, webDriverAgentUrl: http://127.0.0.1:5721, webStorageEnabled: false}
Session ID: 980b9133-2515-4fb4-ba89-cab491dd9bf5
	at org.openqa.selenium.remote.http.W3CHttpResponseCodec.createException(W3CHttpResponseCodec.java:187)
	at org.openqa.selenium.remote.http.W3CHttpResponseCodec.decode(W3CHttpResponseCodec.java:122)
	at org.openqa.selenium.remote.http.W3CHttpResponseCodec.decode(W3CHttpResponseCodec.java:49)
	at org.openqa.selenium.remote.HttpCommandExecutor.execute(HttpCommandExecutor.java:158)
	at org.openqa.selenium.remote.RemoteWebDriver.execute(RemoteWebDriver.java:552)
	at com.kms.katalon.selenium.driver.CRemoteWebDriver.execute(CRemoteWebDriver.java:30)
	at org.openqa.selenium.remote.RemoteWebDriver.execute(RemoteWebDriver.java:609)
	at org.openqa.selenium.remote.RemoteWebDriver$RemoteWebDriverOptions$RemoteWindow.maximize(RemoteWebDriver.java:837)
	at org.openqa.selenium.support.events.EventFiringWebDriver$EventFiringWindow.maximize(EventFiringWebDriver.java:769)
	at com.kms.katalon.core.webui.keyword.builtin.MaximizeWindowKeyword$_maximizeWindow_closure1.doCall(MaximizeWindowKeyword.groovy:85)
	at com.kms.katalon.core.webui.keyword.builtin.MaximizeWindowKeyword$_maximizeWindow_closure1.call(MaximizeWindowKeyword.groovy)
	at com.kms.katalon.core.webui.keyword.internal.WebUIKeywordMain.runKeyword(WebUIKeywordMain.groovy:20)
	... 19 more
</message>
  <exception>
    <message>com.kms.katalon.core.exception.StepFailedException: Unable to maximize current window</message>
    <frame>
      <class>com.kms.katalon.core.webui.keyword.internal.WebUIKeywordMain</class>
      <method>stepFailed</method>
      <line>64</line>
    </frame>
    <frame>
      <class>com.kms.katalon.core.webui.keyword.internal.WebUIKeywordMain</class>
      <method>runKeyword</method>
      <line>26</line>
    </frame>
    <frame>
      <class>com.kms.katalon.core.webui.keyword.builtin.MaximizeWindowKeyword</class>
      <method>maximizeWindow</method>
      <line>74</line>
    </frame>
    <frame>
      <class>com.kms.katalon.core.webui.keyword.builtin.MaximizeWindowKeyword</class>
      <method>execute</method>
      <line>69</line>
    </frame>
    <frame>
      <class>com.kms.katalon.core.keyword.internal.KeywordExecutor</class>
      <method>executeKeywordForPlatform</method>
      <line>74</line>
    </frame>
    <frame>
      <class>com.kms.katalon.core.webui.keyword.WebUiBuiltInKeywords</class>
      <method>maximizeWindow</method>
      <line>283</line>
    </frame>
    <frame>
      <class>com.kms.katalon.core.webui.keyword.WebUiBuiltInKeywords$maximizeWindow$0</class>
      <method>call</method>
    </frame>
    <frame>
      <class>TestTunnel4Demoqa</class>
      <method>run</method>
      <line>22</line>
    </frame>
    <frame>
      <class>com.kms.katalon.core.main.ScriptEngine</class>
      <method>run</method>
      <line>194</line>
    </frame>
    <frame>
      <class>com.kms.katalon.core.main.ScriptEngine</class>
      <method>runScriptAsRawText</method>
      <line>119</line>
    </frame>
    <frame>
      <class>com.kms.katalon.core.main.TestCaseExecutor</class>
      <method>runScript</method>
      <line>448</line>
    </frame>
    <frame>
      <class>com.kms.katalon.core.main.TestCaseExecutor</class>
      <method>doExecute</method>
      <line>439</line>
    </frame>
    <frame>
      <class>com.kms.katalon.core.main.TestCaseExecutor</class>
      <method>processExecutionPhase</method>
      <line>418</line>
    </frame>
    <frame>
      <class>com.kms.katalon.core.main.TestCaseExecutor</class>
      <method>accessMainPhase</method>
      <line>410</line>
    </frame>
    <frame>
      <class>com.kms.katalon.core.main.TestCaseExecutor</class>
      <method>execute</method>
      <line>285</line>
    </frame>
    <frame>
      <class>com.kms.katalon.core.common.CommonExecutor</class>
      <method>accessTestCaseMainPhase</method>
      <line>65</line>
    </frame>
    <frame>
      <class>com.kms.katalon.core.main.TestSuiteExecutor</class>
      <method>accessTestSuiteMainPhase</method>
      <line>148</line>
    </frame>
    <frame>
      <class>com.kms.katalon.core.main.TestSuiteExecutor</class>
      <method>execute</method>
      <line>106</line>
    </frame>
    <frame>
      <class>com.kms.katalon.core.main.TestCaseMain</class>
      <method>startTestSuite</method>
      <line>187</line>
    </frame>
    <frame>
      <class>com.kms.katalon.core.main.TestCaseMain$startTestSuite$0</class>
      <method>call</method>
    </frame>
    <frame>
      <class>TempTestSuite1690377867365</class>
      <method>run</method>
      <line>36</line>
    </frame>
  </exception>
  <nestedLevel>0</nestedLevel>
  <escapedJava>false</escapedJava>
  <property name="failed.exception.stacktrace">org.openqa.selenium.UnsupportedCommandException: Method has not yet been implemented
Build info: version: &apos;3.141.59&apos;, revision: &apos;e82be7d358&apos;, time: &apos;2018-11-14T08:25:53&apos;
System info: host: &apos;INBL01LAP31245&apos;, ip: &apos;192.168.1.5&apos;, os.name: &apos;Windows 11&apos;, os.arch: &apos;amd64&apos;, os.version: &apos;10.0&apos;, java.version: &apos;1.8.0_362&apos;
Driver info: com.kms.katalon.selenium.driver.CRemoteWebDriver
Capabilities {appium:deviceName: iPhone_14_Pro_real_us, appiumData: {appiumVersion: 1.22.2, automationName: XCUITest}, automationName: XCUITest, browserName: safari, browserVersion: latest, databaseEnabled: false, deviceContextId: 656324b0-60d6-4060-9a11-32b..., deviceName: 00008120-001A685C1E07C01E, javascriptEnabled: true, jobUuid: 71e7fd6d16aa4be7b0a6dd1f542..., katalon:option: {apiKey: 71bc3dda-0dca-4ef8-bf5b-eba..., class: com.katalon.testcloud.grid...., deviceId: apple_iphone_14_pro, deviceVersion: 16.5.1, group: eb1bcca9-4f33-4203-ae23-adf..., organizationId: 1221318, runFromTestCloud: true, teamId: 1170312, tenant: KatalonStudio, tunnelMetadataId: dc092cbc-975b-4edc-acb4-46a..., unlimitedExecutionMinutes: true, userId: 1243919, usingTunnel: true}, locationContextEnabled: false, networkConnectionEnabled: false, orientation: PORTRAIT, platform: IOS, platformName: IOS, platformVersion: 16.5.1, proxy: Proxy(pac: http://tunnel-ma..., requestId: 4d7695b0-7fba-4fe9-bcf3-dc2..., sauce:options: {build: TestCloud Automated Test Se..., commandTimeouts: 60000, name: TestCloud Automated Test Se..., realDevice: true, tunnelIdentifier: 4d7695b0-7fba-4fe9-bcf3-dc2...}, takesScreenshot: true, testobject_device: iPhone_14_Pro_real_us, testobject_device_name: iPhone 14 Pro, testobject_device_session_id: 30df6edc-58c5-4d67-8b6e-704..., testobject_test_report_api_url: https://api.us-west-1.*****..., testobject_test_report_url: https://app.*********.com/t..., testobject_user_id: coty_katalon, udid: 00008120-001A685C1E07C01E, usedCachedDevice: false, version: latest, webDriverAgentUrl: http://127.0.0.1:5721, webStorageEnabled: false}
Session ID: 980b9133-2515-4fb4-ba89-cab491dd9bf5
	at org.openqa.selenium.remote.http.W3CHttpResponseCodec.createException(W3CHttpResponseCodec.java:187)
	at org.openqa.selenium.remote.http.W3CHttpResponseCodec.decode(W3CHttpResponseCodec.java:122)
	at org.openqa.selenium.remote.http.W3CHttpResponseCodec.decode(W3CHttpResponseCodec.java:49)
	at org.openqa.selenium.remote.HttpCommandExecutor.execute(HttpCommandExecutor.java:158)
	at org.openqa.selenium.remote.RemoteWebDriver.execute(RemoteWebDriver.java:552)
	at com.kms.katalon.selenium.driver.CRemoteWebDriver.execute(CRemoteWebDriver.java:30)
	at org.openqa.selenium.remote.RemoteWebDriver.execute(RemoteWebDriver.java:609)
	at org.openqa.selenium.remote.RemoteWebDriver$RemoteWebDriverOptions$RemoteWindow.maximize(RemoteWebDriver.java:837)
	at org.openqa.selenium.support.events.EventFiringWebDriver$EventFiringWindow.maximize(EventFiringWebDriver.java:769)
	at com.kms.katalon.core.webui.keyword.builtin.MaximizeWindowKeyword$_maximizeWindow_closure1.doCall(MaximizeWindowKeyword.groovy:85)
	at com.kms.katalon.core.webui.keyword.builtin.MaximizeWindowKeyword$_maximizeWindow_closure1.call(MaximizeWindowKeyword.groovy)
	at com.kms.katalon.core.webui.keyword.internal.WebUIKeywordMain.runKeyword(WebUIKeywordMain.groovy:20)
	at com.kms.katalon.core.webui.keyword.builtin.MaximizeWindowKeyword.maximizeWindow(MaximizeWindowKeyword.groovy:74)
	at com.kms.katalon.core.webui.keyword.builtin.MaximizeWindowKeyword.execute(MaximizeWindowKeyword.groovy:69)
	at com.kms.katalon.core.keyword.internal.KeywordExecutor.executeKeywordForPlatform(KeywordExecutor.groovy:74)
	at com.kms.katalon.core.webui.keyword.WebUiBuiltInKeywords.maximizeWindow(WebUiBuiltInKeywords.groovy:283)
	at com.kms.katalon.core.webui.keyword.WebUiBuiltInKeywords$maximizeWindow$0.call(Unknown Source)
	at TestTunnel4Demoqa.run(TestTunnel4Demoqa:22)
	at com.kms.katalon.core.main.ScriptEngine.run(ScriptEngine.java:194)
	at com.kms.katalon.core.main.ScriptEngine.runScriptAsRawText(ScriptEngine.java:119)
	at com.kms.katalon.core.main.TestCaseExecutor.runScript(TestCaseExecutor.java:448)
	at com.kms.katalon.core.main.TestCaseExecutor.doExecute(TestCaseExecutor.java:439)
	at com.kms.katalon.core.main.TestCaseExecutor.processExecutionPhase(TestCaseExecutor.java:418)
	at com.kms.katalon.core.main.TestCaseExecutor.accessMainPhase(TestCaseExecutor.java:410)
	at com.kms.katalon.core.main.TestCaseExecutor.execute(TestCaseExecutor.java:285)
	at com.kms.katalon.core.common.CommonExecutor.accessTestCaseMainPhase(CommonExecutor.java:65)
	at com.kms.katalon.core.main.TestSuiteExecutor.accessTestSuiteMainPhase(TestSuiteExecutor.java:148)
	at com.kms.katalon.core.main.TestSuiteExecutor.execute(TestSuiteExecutor.java:106)
	at com.kms.katalon.core.main.TestCaseMain.startTestSuite(TestCaseMain.java:187)
	at com.kms.katalon.core.main.TestCaseMain$startTestSuite$0.call(Unknown Source)
	at TempTestSuite1690377867365.run(TempTestSuite1690377867365.groovy:36)
</property>
  <property name="failed.exception.class">org.openqa.selenium.UnsupportedCommandException</property>
  <property name="failed.exception.message">Method has not yet been implemented
Build info: version: &apos;3.141.59&apos;, revision: &apos;e82be7d358&apos;, time: &apos;2018-11-14T08:25:53&apos;
System info: host: &apos;INBL01LAP31245&apos;, ip: &apos;192.168.1.5&apos;, os.name: &apos;Windows 11&apos;, os.arch: &apos;amd64&apos;, os.version: &apos;10.0&apos;, java.version: &apos;1.8.0_362&apos;
Driver info: com.kms.katalon.selenium.driver.CRemoteWebDriver
Capabilities {appium:deviceName: iPhone_14_Pro_real_us, appiumData: {appiumVersion: 1.22.2, automationName: XCUITest}, automationName: XCUITest, browserName: safari, browserVersion: latest, databaseEnabled: false, deviceContextId: 656324b0-60d6-4060-9a11-32b..., deviceName: 00008120-001A685C1E07C01E, javascriptEnabled: true, jobUuid: 71e7fd6d16aa4be7b0a6dd1f542..., katalon:option: {apiKey: 71bc3dda-0dca-4ef8-bf5b-eba..., class: com.katalon.testcloud.grid...., deviceId: apple_iphone_14_pro, deviceVersion: 16.5.1, group: eb1bcca9-4f33-4203-ae23-adf..., organizationId: 1221318, runFromTestCloud: true, teamId: 1170312, tenant: KatalonStudio, tunnelMetadataId: dc092cbc-975b-4edc-acb4-46a..., unlimitedExecutionMinutes: true, userId: 1243919, usingTunnel: true}, locationContextEnabled: false, networkConnectionEnabled: false, orientation: PORTRAIT, platform: IOS, platformName: IOS, platformVersion: 16.5.1, proxy: Proxy(pac: http://tunnel-ma..., requestId: 4d7695b0-7fba-4fe9-bcf3-dc2..., sauce:options: {build: TestCloud Automated Test Se..., commandTimeouts: 60000, name: TestCloud Automated Test Se..., realDevice: true, tunnelIdentifier: 4d7695b0-7fba-4fe9-bcf3-dc2...}, takesScreenshot: true, testobject_device: iPhone_14_Pro_real_us, testobject_device_name: iPhone 14 Pro, testobject_device_session_id: 30df6edc-58c5-4d67-8b6e-704..., testobject_test_report_api_url: https://api.us-west-1.*****..., testobject_test_report_url: https://app.*********.com/t..., testobject_user_id: coty_katalon, udid: 00008120-001A685C1E07C01E, usedCachedDevice: false, version: latest, webDriverAgentUrl: http://127.0.0.1:5721, webStorageEnabled: false}
Session ID: 980b9133-2515-4fb4-ba89-cab491dd9bf5</property>
</record>
<record>
  <date>2023-07-26T18:56:21</date>
  <millis>1690377981508</millis>
  <sequence>42</sequence>
  <level>END</level>
  <class>com.kms.katalon.core.logging.XmlKeywordLogger</class>
  <method>endTest</method>
  <thread>1</thread>
  <message>End Test Case : Test Cases/TestTunnel4Demoqa</message>
  <nestedLevel>0</nestedLevel>
  <escapedJava>false</escapedJava>
  <property name="executionBindingVariables">[]</property>
  <property name="applitools">false</property>
  <property name="remainingRetryCount">3</property>
  <property name="currentRetryCount">0</property>
  <property name="keywordsUsage">{
  &quot;web_ui&quot;: true,
  &quot;web_service&quot;: false,
  &quot;cucumber&quot;: false,
  &quot;builtin&quot;: false,
  &quot;mobile&quot;: false,
  &quot;windows&quot;: false,
  &quot;testng&quot;: false
}</property>
</record>
<record>
  <date>2023-07-26T18:56:21</date>
  <millis>1690377981534</millis>
  <sequence>43</sequence>
  <level>START</level>
  <class>com.kms.katalon.core.logging.XmlKeywordLogger</class>
  <method>startTest</method>
  <thread>1</thread>
  <message>Start Test Case : Test Cases/TestTunnel4Demoqa</message>
  <nestedLevel>1</nestedLevel>
  <escapedJava>false</escapedJava>
  <property name="remainingRetryCount">2</property>
  <property name="name">Test Cases/TestTunnel4Demoqa</property>
  <property name="description"></property>
  <property name="iteration"></property>
  <property name="id">Test Cases/TestTunnel4Demoqa</property>
  <property name="source">C:\Users\satyasai.samoju\git\TestTunnel_Pratice_Repo\Test Cases\TestTunnel4Demoqa.tc</property>
  <property name="tag"></property>
  <property name="isOptional">false</property>
  <property name="currentRetryCount">1</property>
</record>
<record>
  <date>2023-07-26T18:56:21</date>
  <millis>1690377981551</millis>
  <sequence>45</sequence>
  <level>START</level>
  <class>com.kms.katalon.core.logging.XmlKeywordLogger</class>
  <method>startKeyword</method>
  <thread>1</thread>
  <message>Start action : openBrowser(&amp;quot;&amp;quot;)</message>
  <nestedLevel>1</nestedLevel>
  <escapedJava>false</escapedJava>
  <property name="startLine">20</property>
  <property name="stepIndex">1</property>
</record>
<record>
  <date>2023-07-26T18:56:21</date>
  <millis>1690377981568</millis>
  <sequence>47</sequence>
  <level>WARNING</level>
  <class>com.kms.katalon.core.logging.XmlKeywordLogger</class>
  <method>logMessage</method>
  <thread>1</thread>
  <message>A browser is already opened. Closing browser and opening a new one</message>
  <nestedLevel>1</nestedLevel>
  <escapedJava>false</escapedJava>
</record>
<record>
  <date>2023-07-26T18:56:23</date>
  <millis>1690377983753</millis>
  <sequence>48</sequence>
  <level>INFO</level>
  <class>com.kms.katalon.core.logging.XmlKeywordLogger</class>
  <method>logMessage</method>
  <thread>1</thread>
  <message>User set preference: [&amp;apos;browserName&amp;apos;, &amp;apos;safari&amp;apos;]</message>
  <nestedLevel>1</nestedLevel>
  <escapedJava>false</escapedJava>
</record>
<record>
  <date>2023-07-26T18:56:23</date>
  <millis>1690377983769</millis>
  <sequence>49</sequence>
  <level>INFO</level>
  <class>com.kms.katalon.core.logging.XmlKeywordLogger</class>
  <method>logMessage</method>
  <thread>1</thread>
  <message>User set preference: [&amp;apos;platformName&amp;apos;, &amp;apos;iOS&amp;apos;]</message>
  <nestedLevel>1</nestedLevel>
  <escapedJava>false</escapedJava>
</record>
<record>
  <date>2023-07-26T18:56:23</date>
  <millis>1690377983769</millis>
  <sequence>50</sequence>
  <level>INFO</level>
  <class>com.kms.katalon.core.logging.XmlKeywordLogger</class>
  <method>logMessage</method>
  <thread>1</thread>
  <message>User set preference: [&amp;apos;browserVersion&amp;apos;, &amp;apos;latest&amp;apos;]</message>
  <nestedLevel>1</nestedLevel>
  <escapedJava>false</escapedJava>
</record>
<record>
  <date>2023-07-26T18:56:23</date>
  <millis>1690377983770</millis>
  <sequence>51</sequence>
  <level>INFO</level>
  <class>com.kms.katalon.core.logging.XmlKeywordLogger</class>
  <method>logMessage</method>
  <thread>1</thread>
  <message>User set preference: [&amp;apos;deviceName&amp;apos;, &amp;apos;iPhone iPhone 14 Pro&amp;apos;]</message>
  <nestedLevel>1</nestedLevel>
  <escapedJava>false</escapedJava>
</record>
<record>
  <date>2023-07-26T18:56:23</date>
  <millis>1690377983770</millis>
  <sequence>52</sequence>
  <level>INFO</level>
  <class>com.kms.katalon.core.logging.XmlKeywordLogger</class>
  <method>logMessage</method>
  <thread>1</thread>
  <message>User set preference: [&amp;apos;platformVersion&amp;apos;, &amp;apos;16.5.1&amp;apos;]</message>
  <nestedLevel>1</nestedLevel>
  <escapedJava>false</escapedJava>
</record>
<record>
  <date>2023-07-26T18:56:23</date>
  <millis>1690377983770</millis>
  <sequence>53</sequence>
  <level>INFO</level>
  <class>com.kms.katalon.core.logging.XmlKeywordLogger</class>
  <method>logMessage</method>
  <thread>1</thread>
  <message>User set preference: [&amp;apos;deviceId&amp;apos;, &amp;apos;apple_iphone_14_pro&amp;apos;]</message>
  <nestedLevel>1</nestedLevel>
  <escapedJava>false</escapedJava>
</record>
<record>
  <date>2023-07-26T18:56:23</date>
  <millis>1690377983770</millis>
  <sequence>54</sequence>
  <level>INFO</level>
  <class>com.kms.katalon.core.logging.XmlKeywordLogger</class>
  <method>logMessage</method>
  <thread>1</thread>
  <message>User set preference: [&amp;apos;katalon:option&amp;apos;, &amp;apos;{organizationId=1221318, tunnelId=dc092cbc-975b-4edc-acb4-46a8e236a020, deviceVersion=16.5.1, deviceId=apple_iphone_14_pro, usingTunnel=true}&amp;apos;]</message>
  <nestedLevel>1</nestedLevel>
  <escapedJava>false</escapedJava>
</record>
<record>
  <date>2023-07-26T18:56:23</date>
  <millis>1690377983770</millis>
  <sequence>55</sequence>
  <level>INFO</level>
  <class>com.kms.katalon.core.logging.XmlKeywordLogger</class>
  <method>logMessage</method>
  <thread>1</thread>
  <message>Connecting to remote web server &amp;apos;testcloud.katalon.com/hub&amp;apos; with type &amp;apos;Selenium&amp;apos;</message>
  <nestedLevel>1</nestedLevel>
  <escapedJava>false</escapedJava>
</record>
<record>
  <date>2023-07-26T18:56:23</date>
  <millis>1690377983770</millis>
  <sequence>56</sequence>
  <level>INFO</level>
  <class>com.kms.katalon.core.logging.XmlKeywordLogger</class>
  <method>logMessage</method>
  <thread>1</thread>
  <message>Action delay is set to 0 milliseconds</message>
  <nestedLevel>1</nestedLevel>
  <escapedJava>false</escapedJava>
</record>
<record>
  <date>2023-07-26T18:58:05</date>
  <millis>1690378085869</millis>
  <sequence>58</sequence>
  <level>RUN_DATA</level>
  <class>com.kms.katalon.core.logging.XmlKeywordLogger</class>
  <method>logMessage</method>
  <thread>1</thread>
  <message>remoteDriverUrl = testcloud.katalon.com/hub</message>
  <nestedLevel>1</nestedLevel>
  <escapedJava>false</escapedJava>
  <property name="remoteDriverUrl">testcloud.katalon.com/hub</property>
</record>
<record>
  <date>2023-07-26T18:58:05</date>
  <millis>1690378085870</millis>
  <sequence>59</sequence>
  <level>RUN_DATA</level>
  <class>com.kms.katalon.core.logging.XmlKeywordLogger</class>
  <method>logMessage</method>
  <thread>1</thread>
  <message>remoteOS = iOS</message>
  <nestedLevel>1</nestedLevel>
  <escapedJava>false</escapedJava>
  <property name="remoteOS">iOS</property>
</record>
<record>
  <date>2023-07-26T18:58:05</date>
  <millis>1690378085871</millis>
  <sequence>60</sequence>
  <level>RUN_DATA</level>
  <class>com.kms.katalon.core.logging.XmlKeywordLogger</class>
  <method>logMessage</method>
  <thread>1</thread>
  <message>desiredCapabilities = {
  &amp;quot;testobject_user_id&amp;quot;: &amp;quot;coty_katalon&amp;quot;,
  &amp;quot;testobject_test_report_url&amp;quot;: &amp;quot;https://app.*********.com/tests/6d297d34e02d4d2b86bc88e45a2a5a04&amp;quot;,
  &amp;quot;testobject_device_name&amp;quot;: &amp;quot;iPhone 14 Pro&amp;quot;,
  &amp;quot;testobject_device_session_id&amp;quot;: &amp;quot;f5167064-dc50-4ba5-837e-a10d6a1cdc38&amp;quot;,
  &amp;quot;deviceName&amp;quot;: &amp;quot;iPhone iPhone 14 Pro&amp;quot;,
  &amp;quot;platform&amp;quot;: &amp;quot;IOS&amp;quot;,
  &amp;quot;***:options&amp;quot;: {
    &amp;quot;name&amp;quot;: &amp;quot;TestCloud Automated Test Session &amp;quot;,
    &amp;quot;realDevice&amp;quot;: true,
    &amp;quot;tunnelIdentifier&amp;quot;: &amp;quot;22cd1f19-a69f-4cf8-9595-bb0bf66ea3e1&amp;quot;,
    &amp;quot;build&amp;quot;: &amp;quot;TestCloud Automated Test Session &amp;quot;,
    &amp;quot;commandTimeouts&amp;quot;: &amp;quot;60000&amp;quot;
  },
  &amp;quot;webDriverAgentUrl&amp;quot;: &amp;quot;http://127.0.0.1:5722&amp;quot;,
  &amp;quot;jobUuid&amp;quot;: &amp;quot;6d297d34e02d4d2b86bc88e45a2a5a04&amp;quot;,
  &amp;quot;requestId&amp;quot;: &amp;quot;22cd1f19-a69f-4cf8-9595-bb0bf66ea3e1&amp;quot;,
  &amp;quot;browserVersion&amp;quot;: &amp;quot;16&amp;quot;,
  &amp;quot;platformVersion&amp;quot;: &amp;quot;16.5.1&amp;quot;,
  &amp;quot;automationName&amp;quot;: &amp;quot;XCUITest&amp;quot;,
  &amp;quot;webStorageEnabled&amp;quot;: false,
  &amp;quot;browserName&amp;quot;: &amp;quot;safari&amp;quot;,
  &amp;quot;takesScreenshot&amp;quot;: true,
  &amp;quot;javascriptEnabled&amp;quot;: true,
  &amp;quot;katalon:option&amp;quot;: {
    &amp;quot;unlimitedExecutionMinutes&amp;quot;: true,
    &amp;quot;apiKey&amp;quot;: &amp;quot;71bc3dda-0dca-4ef8-bf5b-ebadbcb77988&amp;quot;,
    &amp;quot;tunnelMetadataId&amp;quot;: &amp;quot;dc092cbc-975b-4edc-acb4-46a8e236a020&amp;quot;,
    &amp;quot;deviceVersion&amp;quot;: &amp;quot;16.5.1&amp;quot;,
    &amp;quot;deviceId&amp;quot;: &amp;quot;apple_iphone_14_pro&amp;quot;,
    &amp;quot;userId&amp;quot;: 1243919,
    &amp;quot;organizationId&amp;quot;: &amp;quot;1221318&amp;quot;,
    &amp;quot;teamId&amp;quot;: &amp;quot;1170312&amp;quot;,
    &amp;quot;class&amp;quot;: &amp;quot;com.katalon.testcloud.grid.common.tunnel.domain.UserOptionCapability&amp;quot;,
    &amp;quot;runFromTestCloud&amp;quot;: true,
    &amp;quot;tenant&amp;quot;: &amp;quot;KatalonStudio&amp;quot;,
    &amp;quot;usingTunnel&amp;quot;: true,
    &amp;quot;group&amp;quot;: &amp;quot;eb1bcca9-4f33-4203-ae23-adf0465a52ce&amp;quot;
  },
  &amp;quot;platformName&amp;quot;: &amp;quot;IOS&amp;quot;,
  &amp;quot;udid&amp;quot;: &amp;quot;00008120-00196869349B401E&amp;quot;,
  &amp;quot;deviceContextId&amp;quot;: &amp;quot;776ade8b-ee02-4c1f-92d0-ea47200803ec&amp;quot;,
  &amp;quot;networkConnectionEnabled&amp;quot;: false,
  &amp;quot;orientation&amp;quot;: &amp;quot;PORTRAIT&amp;quot;,
  &amp;quot;testobject_device&amp;quot;: &amp;quot;iPhone_14_Pro_real_us&amp;quot;,
  &amp;quot;databaseEnabled&amp;quot;: false,
  &amp;quot;usedCachedDevice&amp;quot;: false,
  &amp;quot;version&amp;quot;: &amp;quot;latest&amp;quot;,
  &amp;quot;proxy&amp;quot;: {
    &amp;quot;proxyType&amp;quot;: &amp;quot;PAC&amp;quot;,
    &amp;quot;autodetect&amp;quot;: false,
    &amp;quot;proxyAutoconfigUrl&amp;quot;: &amp;quot;http://tunnel-manager-internal.katalon.com/pac/dc092cbc-975b-4edc-acb4-46a8e236a020.pac&amp;quot;
  },
  &amp;quot;testobject_test_report_api_url&amp;quot;: &amp;quot;https://***.*********.com/v1/rdc/jobs/6d297d34e02d4d2b86bc88e45a2a5a04&amp;quot;,
  &amp;quot;appiumData&amp;quot;: {
    &amp;quot;automationName&amp;quot;: &amp;quot;XCUITest&amp;quot;,
    &amp;quot;appiumVersion&amp;quot;: &amp;quot;1.22.2&amp;quot;
  },
  &amp;quot;locationContextEnabled&amp;quot;: false,
  &amp;quot;appium:deviceName&amp;quot;: &amp;quot;iPhone_14_Pro_real_us&amp;quot;
}</message>
  <nestedLevel>1</nestedLevel>
  <escapedJava>false</escapedJava>
  <property name="desiredCapabilities">{
  &quot;testobject_user_id&quot;: &quot;coty_katalon&quot;,
  &quot;testobject_test_report_url&quot;: &quot;https://app.*********.com/tests/6d297d34e02d4d2b86bc88e45a2a5a04&quot;,
  &quot;testobject_device_name&quot;: &quot;iPhone 14 Pro&quot;,
  &quot;testobject_device_session_id&quot;: &quot;f5167064-dc50-4ba5-837e-a10d6a1cdc38&quot;,
  &quot;deviceName&quot;: &quot;iPhone iPhone 14 Pro&quot;,
  &quot;platform&quot;: &quot;IOS&quot;,
  &quot;***:options&quot;: {
    &quot;name&quot;: &quot;TestCloud Automated Test Session &quot;,
    &quot;realDevice&quot;: true,
    &quot;tunnelIdentifier&quot;: &quot;22cd1f19-a69f-4cf8-9595-bb0bf66ea3e1&quot;,
    &quot;build&quot;: &quot;TestCloud Automated Test Session &quot;,
    &quot;commandTimeouts&quot;: &quot;60000&quot;
  },
  &quot;webDriverAgentUrl&quot;: &quot;http://127.0.0.1:5722&quot;,
  &quot;jobUuid&quot;: &quot;6d297d34e02d4d2b86bc88e45a2a5a04&quot;,
  &quot;requestId&quot;: &quot;22cd1f19-a69f-4cf8-9595-bb0bf66ea3e1&quot;,
  &quot;browserVersion&quot;: &quot;16&quot;,
  &quot;platformVersion&quot;: &quot;16.5.1&quot;,
  &quot;automationName&quot;: &quot;XCUITest&quot;,
  &quot;webStorageEnabled&quot;: false,
  &quot;browserName&quot;: &quot;safari&quot;,
  &quot;takesScreenshot&quot;: true,
  &quot;javascriptEnabled&quot;: true,
  &quot;katalon:option&quot;: {
    &quot;unlimitedExecutionMinutes&quot;: true,
    &quot;apiKey&quot;: &quot;71bc3dda-0dca-4ef8-bf5b-ebadbcb77988&quot;,
    &quot;tunnelMetadataId&quot;: &quot;dc092cbc-975b-4edc-acb4-46a8e236a020&quot;,
    &quot;deviceVersion&quot;: &quot;16.5.1&quot;,
    &quot;deviceId&quot;: &quot;apple_iphone_14_pro&quot;,
    &quot;userId&quot;: 1243919,
    &quot;organizationId&quot;: &quot;1221318&quot;,
    &quot;teamId&quot;: &quot;1170312&quot;,
    &quot;class&quot;: &quot;com.katalon.testcloud.grid.common.tunnel.domain.UserOptionCapability&quot;,
    &quot;runFromTestCloud&quot;: true,
    &quot;tenant&quot;: &quot;KatalonStudio&quot;,
    &quot;usingTunnel&quot;: true,
    &quot;group&quot;: &quot;eb1bcca9-4f33-4203-ae23-adf0465a52ce&quot;
  },
  &quot;platformName&quot;: &quot;IOS&quot;,
  &quot;udid&quot;: &quot;00008120-00196869349B401E&quot;,
  &quot;deviceContextId&quot;: &quot;776ade8b-ee02-4c1f-92d0-ea47200803ec&quot;,
  &quot;networkConnectionEnabled&quot;: false,
  &quot;orientation&quot;: &quot;PORTRAIT&quot;,
  &quot;testobject_device&quot;: &quot;iPhone_14_Pro_real_us&quot;,
  &quot;databaseEnabled&quot;: false,
  &quot;usedCachedDevice&quot;: false,
  &quot;version&quot;: &quot;latest&quot;,
  &quot;proxy&quot;: {
    &quot;proxyType&quot;: &quot;PAC&quot;,
    &quot;autodetect&quot;: false,
    &quot;proxyAutoconfigUrl&quot;: &quot;http://tunnel-manager-internal.katalon.com/pac/dc092cbc-975b-4edc-acb4-46a8e236a020.pac&quot;
  },
  &quot;testobject_test_report_api_url&quot;: &quot;https://***.*********.com/v1/rdc/jobs/6d297d34e02d4d2b86bc88e45a2a5a04&quot;,
  &quot;appiumData&quot;: {
    &quot;automationName&quot;: &quot;XCUITest&quot;,
    &quot;appiumVersion&quot;: &quot;1.22.2&quot;
  },
  &quot;locationContextEnabled&quot;: false,
  &quot;appium:deviceName&quot;: &quot;iPhone_14_Pro_real_us&quot;
}</property>
</record>
<record>
  <date>2023-07-26T18:58:05</date>
  <millis>1690378085878</millis>
  <sequence>61</sequence>
  <level>RUN_DATA</level>
  <class>com.kms.katalon.core.logging.XmlKeywordLogger</class>
  <method>logMessage</method>
  <thread>1</thread>
  <message>sessionId = f08b8de5-b2d0-4995-b764-c1cb769e4c4a</message>
  <nestedLevel>1</nestedLevel>
  <escapedJava>false</escapedJava>
  <property name="sessionId">f08b8de5-b2d0-4995-b764-c1cb769e4c4a</property>
</record>
<record>
  <date>2023-07-26T18:58:06</date>
  <millis>1690378086713</millis>
  <sequence>62</sequence>
  <level>RUN_DATA</level>
  <class>com.kms.katalon.core.logging.XmlKeywordLogger</class>
  <method>logMessage</method>
  <thread>1</thread>
  <message>browser = Safari 16</message>
  <nestedLevel>1</nestedLevel>
  <escapedJava>false</escapedJava>
  <property name="browser">Safari 16</property>
</record>
<record>
  <date>2023-07-26T18:58:06</date>
  <millis>1690378086714</millis>
  <sequence>63</sequence>
  <level>RUN_DATA</level>
  <class>com.kms.katalon.core.logging.XmlKeywordLogger</class>
  <method>logMessage</method>
  <thread>1</thread>
  <message>platform = Windows 11</message>
  <nestedLevel>1</nestedLevel>
  <escapedJava>false</escapedJava>
  <property name="platform">Windows 11</property>
</record>
<record>
  <date>2023-07-26T18:58:06</date>
  <millis>1690378086714</millis>
  <sequence>64</sequence>
  <level>RUN_DATA</level>
  <class>com.kms.katalon.core.logging.XmlKeywordLogger</class>
  <method>logMessage</method>
  <thread>1</thread>
  <message>seleniumVersion = 3.141.59</message>
  <nestedLevel>1</nestedLevel>
  <escapedJava>false</escapedJava>
  <property name="seleniumVersion">3.141.59</property>
</record>
<record>
  <date>2023-07-26T18:58:06</date>
  <millis>1690378086715</millis>
  <sequence>65</sequence>
  <level>RUN_DATA</level>
  <class>com.kms.katalon.core.logging.XmlKeywordLogger</class>
  <method>logMessage</method>
  <thread>1</thread>
  <message>proxyInformation = ProxyInformation { proxyOption=NO_PROXY, proxyServerType=HTTP, username=, password=********, proxyServerAddress=, proxyServerPort=0, executionList=&amp;quot;&amp;quot;, isApplyToDesiredCapabilities=true }</message>
  <nestedLevel>1</nestedLevel>
  <escapedJava>false</escapedJava>
  <property name="proxyInformation">ProxyInformation { proxyOption=NO_PROXY, proxyServerType=HTTP, username=, password=********, proxyServerAddress=, proxyServerPort=0, executionList=&quot;&quot;, isApplyToDesiredCapabilities=true }</property>
</record>
<record>
  <date>2023-07-26T18:58:09</date>
  <millis>1690378089229</millis>
  <sequence>66</sequence>
  <level>PASSED</level>
  <class>com.kms.katalon.core.logging.XmlKeywordLogger</class>
  <method>logMessage</method>
  <thread>1</thread>
  <message>Browser is opened with url: &amp;apos;&amp;apos;</message>
  <nestedLevel>1</nestedLevel>
  <escapedJava>false</escapedJava>
  <property name="testops-method-name">com.kms.katalon.core.webui.keyword.builtin.OpenBrowserKeyword.openBrowser</property>
  <property name="testops-execution-stacktrace"></property>
</record>
<record>
  <date>2023-07-26T18:58:09</date>
  <millis>1690378089229</millis>
  <sequence>67</sequence>
  <level>END</level>
  <class>com.kms.katalon.core.logging.XmlKeywordLogger</class>
  <method>endKeyword</method>
  <thread>1</thread>
  <message>End action : openBrowser(&amp;quot;&amp;quot;)</message>
  <nestedLevel>1</nestedLevel>
  <escapedJava>false</escapedJava>
</record>
<record>
  <date>2023-07-26T18:58:09</date>
  <millis>1690378089230</millis>
  <sequence>68</sequence>
  <level>START</level>
  <class>com.kms.katalon.core.logging.XmlKeywordLogger</class>
  <method>startKeyword</method>
  <thread>1</thread>
  <message>Start action : maximizeWindow()</message>
  <nestedLevel>1</nestedLevel>
  <escapedJava>false</escapedJava>
  <property name="startLine">22</property>
  <property name="stepIndex">2</property>
</record>
<record>
  <date>2023-07-26T18:58:15</date>
  <millis>1690378095492</millis>
  <sequence>73</sequence>
  <level>FAILED</level>
  <class>com.kms.katalon.core.logging.XmlKeywordLogger</class>
  <method>logMessage</method>
  <thread>1</thread>
  <message>Unable to maximize current window (Root cause: com.kms.katalon.core.exception.StepFailedException: Unable to maximize current window
	at com.kms.katalon.core.webui.keyword.internal.WebUIKeywordMain.stepFailed(WebUIKeywordMain.groovy:64)
	at com.kms.katalon.core.webui.keyword.internal.WebUIKeywordMain.runKeyword(WebUIKeywordMain.groovy:26)
	at com.kms.katalon.core.webui.keyword.builtin.MaximizeWindowKeyword.maximizeWindow(MaximizeWindowKeyword.groovy:74)
	at com.kms.katalon.core.webui.keyword.builtin.MaximizeWindowKeyword.execute(MaximizeWindowKeyword.groovy:69)
	at com.kms.katalon.core.keyword.internal.KeywordExecutor.executeKeywordForPlatform(KeywordExecutor.groovy:74)
	at com.kms.katalon.core.webui.keyword.WebUiBuiltInKeywords.maximizeWindow(WebUiBuiltInKeywords.groovy:283)
	at com.kms.katalon.core.webui.keyword.WebUiBuiltInKeywords$maximizeWindow$0.call(Unknown Source)
	at TestTunnel4Demoqa.run(TestTunnel4Demoqa:22)
	at com.kms.katalon.core.main.ScriptEngine.run(ScriptEngine.java:194)
	at com.kms.katalon.core.main.ScriptEngine.runScriptAsRawText(ScriptEngine.java:119)
	at com.kms.katalon.core.main.TestCaseExecutor.runScript(TestCaseExecutor.java:448)
	at com.kms.katalon.core.main.TestCaseExecutor.doExecute(TestCaseExecutor.java:439)
	at com.kms.katalon.core.main.TestCaseExecutor.processExecutionPhase(TestCaseExecutor.java:418)
	at com.kms.katalon.core.main.TestCaseExecutor.accessMainPhase(TestCaseExecutor.java:410)
	at com.kms.katalon.core.main.TestCaseExecutor.execute(TestCaseExecutor.java:285)
	at com.kms.katalon.core.main.TestCaseExecutor.execute(TestCaseExecutor.java:369)
	at com.kms.katalon.core.common.CommonExecutor.accessTestCaseMainPhase(CommonExecutor.java:65)
	at com.kms.katalon.core.main.TestSuiteExecutor.accessTestSuiteMainPhase(TestSuiteExecutor.java:148)
	at com.kms.katalon.core.main.TestSuiteExecutor.execute(TestSuiteExecutor.java:106)
	at com.kms.katalon.core.main.TestCaseMain.startTestSuite(TestCaseMain.java:187)
	at com.kms.katalon.core.main.TestCaseMain$startTestSuite$0.call(Unknown Source)
	at TempTestSuite1690377867365.run(TempTestSuite1690377867365.groovy:36)
Caused by: org.openqa.selenium.UnsupportedCommandException: Method has not yet been implemented
Build info: version: &amp;apos;3.141.59&amp;apos;, revision: &amp;apos;e82be7d358&amp;apos;, time: &amp;apos;2018-11-14T08:25:53&amp;apos;
System info: host: &amp;apos;INBL01LAP31245&amp;apos;, ip: &amp;apos;192.168.1.5&amp;apos;, os.name: &amp;apos;Windows 11&amp;apos;, os.arch: &amp;apos;amd64&amp;apos;, os.version: &amp;apos;10.0&amp;apos;, java.version: &amp;apos;1.8.0_362&amp;apos;
Driver info: com.kms.katalon.selenium.driver.CRemoteWebDriver
Capabilities {appium:deviceName: iPhone_14_Pro_real_us, appiumData: {appiumVersion: 1.22.2, automationName: XCUITest}, automationName: XCUITest, browserName: safari, browserVersion: latest, databaseEnabled: false, deviceContextId: 776ade8b-ee02-4c1f-92d0-ea4..., deviceName: 00008120-00196869349B401E, javascriptEnabled: true, jobUuid: 6d297d34e02d4d2b86bc88e45a2..., katalon:option: {apiKey: 71bc3dda-0dca-4ef8-bf5b-eba..., class: com.katalon.testcloud.grid...., deviceId: apple_iphone_14_pro, deviceVersion: 16.5.1, group: eb1bcca9-4f33-4203-ae23-adf..., organizationId: 1221318, runFromTestCloud: true, teamId: 1170312, tenant: KatalonStudio, tunnelMetadataId: dc092cbc-975b-4edc-acb4-46a..., unlimitedExecutionMinutes: true, userId: 1243919, usingTunnel: true}, locationContextEnabled: false, networkConnectionEnabled: false, orientation: PORTRAIT, platform: IOS, platformName: IOS, platformVersion: 16.5.1, proxy: Proxy(pac: http://tunnel-ma..., requestId: 22cd1f19-a69f-4cf8-9595-bb0..., sauce:options: {build: TestCloud Automated Test Se..., commandTimeouts: 60000, name: TestCloud Automated Test Se..., realDevice: true, tunnelIdentifier: 22cd1f19-a69f-4cf8-9595-bb0...}, takesScreenshot: true, testobject_device: iPhone_14_Pro_real_us, testobject_device_name: iPhone 14 Pro, testobject_device_session_id: f5167064-dc50-4ba5-837e-a10..., testobject_test_report_api_url: https://api.us-west-1.*****..., testobject_test_report_url: https://app.*********.com/t..., testobject_user_id: coty_katalon, udid: 00008120-00196869349B401E, usedCachedDevice: false, version: latest, webDriverAgentUrl: http://127.0.0.1:5722, webStorageEnabled: false}
Session ID: f08b8de5-b2d0-4995-b764-c1cb769e4c4a
	at org.openqa.selenium.remote.http.W3CHttpResponseCodec.createException(W3CHttpResponseCodec.java:187)
	at org.openqa.selenium.remote.http.W3CHttpResponseCodec.decode(W3CHttpResponseCodec.java:122)
	at org.openqa.selenium.remote.http.W3CHttpResponseCodec.decode(W3CHttpResponseCodec.java:49)
	at org.openqa.selenium.remote.HttpCommandExecutor.execute(HttpCommandExecutor.java:158)
	at org.openqa.selenium.remote.RemoteWebDriver.execute(RemoteWebDriver.java:552)
	at com.kms.katalon.selenium.driver.CRemoteWebDriver.execute(CRemoteWebDriver.java:30)
	at org.openqa.selenium.remote.RemoteWebDriver.execute(RemoteWebDriver.java:609)
	at org.openqa.selenium.remote.RemoteWebDriver$RemoteWebDriverOptions$RemoteWindow.maximize(RemoteWebDriver.java:837)
	at org.openqa.selenium.support.events.EventFiringWebDriver$EventFiringWindow.maximize(EventFiringWebDriver.java:769)
	at com.kms.katalon.core.webui.keyword.builtin.MaximizeWindowKeyword$_maximizeWindow_closure1.doCall(MaximizeWindowKeyword.groovy:85)
	at com.kms.katalon.core.webui.keyword.builtin.MaximizeWindowKeyword$_maximizeWindow_closure1.call(MaximizeWindowKeyword.groovy)
	at com.kms.katalon.core.webui.keyword.internal.WebUIKeywordMain.runKeyword(WebUIKeywordMain.groovy:20)
	at com.kms.katalon.core.webui.keyword.builtin.MaximizeWindowKeyword.maximizeWindow(MaximizeWindowKeyword.groovy:74)
	at com.kms.katalon.core.webui.keyword.builtin.MaximizeWindowKeyword.execute(MaximizeWindowKeyword.groovy:69)
	at com.kms.katalon.core.keyword.internal.KeywordExecutor.executeKeywordForPlatform(KeywordExecutor.groovy:74)
	at com.kms.katalon.core.webui.keyword.WebUiBuiltInKeywords.maximizeWindow(WebUiBuiltInKeywords.groovy:283)
	at com.kms.katalon.core.webui.keyword.WebUiBuiltInKeywords$maximizeWindow$0.call(Unknown Source)
	at Script1690371234682.run(Script1690371234682.groovy:22)
	... 14 more
)</message>
  <nestedLevel>1</nestedLevel>
  <escapedJava>false</escapedJava>
  <property name="failed.exception.class">org.openqa.selenium.UnsupportedCommandException</property>
  <property name="attachment">1690378090102.png</property>
  <property name="failed.exception.stacktrace">org.openqa.selenium.UnsupportedCommandException: Method has not yet been implemented
Build info: version: &apos;3.141.59&apos;, revision: &apos;e82be7d358&apos;, time: &apos;2018-11-14T08:25:53&apos;
System info: host: &apos;INBL01LAP31245&apos;, ip: &apos;192.168.1.5&apos;, os.name: &apos;Windows 11&apos;, os.arch: &apos;amd64&apos;, os.version: &apos;10.0&apos;, java.version: &apos;1.8.0_362&apos;
Driver info: com.kms.katalon.selenium.driver.CRemoteWebDriver
Capabilities {appium:deviceName: iPhone_14_Pro_real_us, appiumData: {appiumVersion: 1.22.2, automationName: XCUITest}, automationName: XCUITest, browserName: safari, browserVersion: latest, databaseEnabled: false, deviceContextId: 776ade8b-ee02-4c1f-92d0-ea4..., deviceName: 00008120-00196869349B401E, javascriptEnabled: true, jobUuid: 6d297d34e02d4d2b86bc88e45a2..., katalon:option: {apiKey: 71bc3dda-0dca-4ef8-bf5b-eba..., class: com.katalon.testcloud.grid...., deviceId: apple_iphone_14_pro, deviceVersion: 16.5.1, group: eb1bcca9-4f33-4203-ae23-adf..., organizationId: 1221318, runFromTestCloud: true, teamId: 1170312, tenant: KatalonStudio, tunnelMetadataId: dc092cbc-975b-4edc-acb4-46a..., unlimitedExecutionMinutes: true, userId: 1243919, usingTunnel: true}, locationContextEnabled: false, networkConnectionEnabled: false, orientation: PORTRAIT, platform: IOS, platformName: IOS, platformVersion: 16.5.1, proxy: Proxy(pac: http://tunnel-ma..., requestId: 22cd1f19-a69f-4cf8-9595-bb0..., sauce:options: {build: TestCloud Automated Test Se..., commandTimeouts: 60000, name: TestCloud Automated Test Se..., realDevice: true, tunnelIdentifier: 22cd1f19-a69f-4cf8-9595-bb0...}, takesScreenshot: true, testobject_device: iPhone_14_Pro_real_us, testobject_device_name: iPhone 14 Pro, testobject_device_session_id: f5167064-dc50-4ba5-837e-a10..., testobject_test_report_api_url: https://api.us-west-1.*****..., testobject_test_report_url: https://app.*********.com/t..., testobject_user_id: coty_katalon, udid: 00008120-00196869349B401E, usedCachedDevice: false, version: latest, webDriverAgentUrl: http://127.0.0.1:5722, webStorageEnabled: false}
Session ID: f08b8de5-b2d0-4995-b764-c1cb769e4c4a
	at org.openqa.selenium.remote.http.W3CHttpResponseCodec.createException(W3CHttpResponseCodec.java:187)
	at org.openqa.selenium.remote.http.W3CHttpResponseCodec.decode(W3CHttpResponseCodec.java:122)
	at org.openqa.selenium.remote.http.W3CHttpResponseCodec.decode(W3CHttpResponseCodec.java:49)
	at org.openqa.selenium.remote.HttpCommandExecutor.execute(HttpCommandExecutor.java:158)
	at org.openqa.selenium.remote.RemoteWebDriver.execute(RemoteWebDriver.java:552)
	at com.kms.katalon.selenium.driver.CRemoteWebDriver.execute(CRemoteWebDriver.java:30)
	at org.openqa.selenium.remote.RemoteWebDriver.execute(RemoteWebDriver.java:609)
	at org.openqa.selenium.remote.RemoteWebDriver$RemoteWebDriverOptions$RemoteWindow.maximize(RemoteWebDriver.java:837)
	at org.openqa.selenium.support.events.EventFiringWebDriver$EventFiringWindow.maximize(EventFiringWebDriver.java:769)
	at com.kms.katalon.core.webui.keyword.builtin.MaximizeWindowKeyword$_maximizeWindow_closure1.doCall(MaximizeWindowKeyword.groovy:85)
	at com.kms.katalon.core.webui.keyword.builtin.MaximizeWindowKeyword$_maximizeWindow_closure1.call(MaximizeWindowKeyword.groovy)
	at com.kms.katalon.core.webui.keyword.internal.WebUIKeywordMain.runKeyword(WebUIKeywordMain.groovy:20)
	at com.kms.katalon.core.webui.keyword.builtin.MaximizeWindowKeyword.maximizeWindow(MaximizeWindowKeyword.groovy:74)
	at com.kms.katalon.core.webui.keyword.builtin.MaximizeWindowKeyword.execute(MaximizeWindowKeyword.groovy:69)
	at com.kms.katalon.core.keyword.internal.KeywordExecutor.executeKeywordForPlatform(KeywordExecutor.groovy:74)
	at com.kms.katalon.core.webui.keyword.WebUiBuiltInKeywords.maximizeWindow(WebUiBuiltInKeywords.groovy:283)
	at com.kms.katalon.core.webui.keyword.WebUiBuiltInKeywords$maximizeWindow$0.call(Unknown Source)
	at TestTunnel4Demoqa.run(TestTunnel4Demoqa:22)
	at com.kms.katalon.core.main.ScriptEngine.run(ScriptEngine.java:194)
	at com.kms.katalon.core.main.ScriptEngine.runScriptAsRawText(ScriptEngine.java:119)
	at com.kms.katalon.core.main.TestCaseExecutor.runScript(TestCaseExecutor.java:448)
	at com.kms.katalon.core.main.TestCaseExecutor.doExecute(TestCaseExecutor.java:439)
	at com.kms.katalon.core.main.TestCaseExecutor.processExecutionPhase(TestCaseExecutor.java:418)
	at com.kms.katalon.core.main.TestCaseExecutor.accessMainPhase(TestCaseExecutor.java:410)
	at com.kms.katalon.core.main.TestCaseExecutor.execute(TestCaseExecutor.java:285)
	at com.kms.katalon.core.main.TestCaseExecutor.execute(TestCaseExecutor.java:369)
	at com.kms.katalon.core.common.CommonExecutor.accessTestCaseMainPhase(CommonExecutor.java:65)
	at com.kms.katalon.core.main.TestSuiteExecutor.accessTestSuiteMainPhase(TestSuiteExecutor.java:148)
	at com.kms.katalon.core.main.TestSuiteExecutor.execute(TestSuiteExecutor.java:106)
	at com.kms.katalon.core.main.TestCaseMain.startTestSuite(TestCaseMain.java:187)
	at com.kms.katalon.core.main.TestCaseMain$startTestSuite$0.call(Unknown Source)
	at TempTestSuite1690377867365.run(TempTestSuite1690377867365.groovy:36)
</property>
  <property name="failed.exception.message">Method has not yet been implemented
Build info: version: &apos;3.141.59&apos;, revision: &apos;e82be7d358&apos;, time: &apos;2018-11-14T08:25:53&apos;
System info: host: &apos;INBL01LAP31245&apos;, ip: &apos;192.168.1.5&apos;, os.name: &apos;Windows 11&apos;, os.arch: &apos;amd64&apos;, os.version: &apos;10.0&apos;, java.version: &apos;1.8.0_362&apos;
Driver info: com.kms.katalon.selenium.driver.CRemoteWebDriver
Capabilities {appium:deviceName: iPhone_14_Pro_real_us, appiumData: {appiumVersion: 1.22.2, automationName: XCUITest}, automationName: XCUITest, browserName: safari, browserVersion: latest, databaseEnabled: false, deviceContextId: 776ade8b-ee02-4c1f-92d0-ea4..., deviceName: 00008120-00196869349B401E, javascriptEnabled: true, jobUuid: 6d297d34e02d4d2b86bc88e45a2..., katalon:option: {apiKey: 71bc3dda-0dca-4ef8-bf5b-eba..., class: com.katalon.testcloud.grid...., deviceId: apple_iphone_14_pro, deviceVersion: 16.5.1, group: eb1bcca9-4f33-4203-ae23-adf..., organizationId: 1221318, runFromTestCloud: true, teamId: 1170312, tenant: KatalonStudio, tunnelMetadataId: dc092cbc-975b-4edc-acb4-46a..., unlimitedExecutionMinutes: true, userId: 1243919, usingTunnel: true}, locationContextEnabled: false, networkConnectionEnabled: false, orientation: PORTRAIT, platform: IOS, platformName: IOS, platformVersion: 16.5.1, proxy: Proxy(pac: http://tunnel-ma..., requestId: 22cd1f19-a69f-4cf8-9595-bb0..., sauce:options: {build: TestCloud Automated Test Se..., commandTimeouts: 60000, name: TestCloud Automated Test Se..., realDevice: true, tunnelIdentifier: 22cd1f19-a69f-4cf8-9595-bb0...}, takesScreenshot: true, testobject_device: iPhone_14_Pro_real_us, testobject_device_name: iPhone 14 Pro, testobject_device_session_id: f5167064-dc50-4ba5-837e-a10..., testobject_test_report_api_url: https://api.us-west-1.*****..., testobject_test_report_url: https://app.*********.com/t..., testobject_user_id: coty_katalon, udid: 00008120-00196869349B401E, usedCachedDevice: false, version: latest, webDriverAgentUrl: http://127.0.0.1:5722, webStorageEnabled: false}
Session ID: f08b8de5-b2d0-4995-b764-c1cb769e4c4a</property>
</record>
<record>
  <date>2023-07-26T18:58:15</date>
  <millis>1690378095500</millis>
  <sequence>76</sequence>
  <level>END</level>
  <class>com.kms.katalon.core.logging.XmlKeywordLogger</class>
  <method>endKeyword</method>
  <thread>1</thread>
  <message>End action : maximizeWindow()</message>
  <nestedLevel>1</nestedLevel>
  <escapedJava>false</escapedJava>
</record>
<record>
  <date>2023-07-26T18:58:15</date>
  <millis>1690378095502</millis>
  <sequence>79</sequence>
  <level>FAILED</level>
  <class>com.kms.katalon.core.logging.XmlKeywordLogger</class>
  <method>logMessage</method>
  <thread>1</thread>
  <message>Test Cases/TestTunnel4Demoqa FAILED.
Reason:
com.kms.katalon.core.exception.StepFailedException: Unable to maximize current window
	at com.kms.katalon.core.webui.keyword.internal.WebUIKeywordMain.stepFailed(WebUIKeywordMain.groovy:64)
	at com.kms.katalon.core.webui.keyword.internal.WebUIKeywordMain.runKeyword(WebUIKeywordMain.groovy:26)
	at com.kms.katalon.core.webui.keyword.builtin.MaximizeWindowKeyword.maximizeWindow(MaximizeWindowKeyword.groovy:74)
	at com.kms.katalon.core.webui.keyword.builtin.MaximizeWindowKeyword.execute(MaximizeWindowKeyword.groovy:69)
	at com.kms.katalon.core.keyword.internal.KeywordExecutor.executeKeywordForPlatform(KeywordExecutor.groovy:74)
	at com.kms.katalon.core.webui.keyword.WebUiBuiltInKeywords.maximizeWindow(WebUiBuiltInKeywords.groovy:283)
	at com.kms.katalon.core.webui.keyword.WebUiBuiltInKeywords$maximizeWindow$0.call(Unknown Source)
	at TestTunnel4Demoqa.run(TestTunnel4Demoqa:22)
	at com.kms.katalon.core.main.ScriptEngine.run(ScriptEngine.java:194)
	at com.kms.katalon.core.main.ScriptEngine.runScriptAsRawText(ScriptEngine.java:119)
	at com.kms.katalon.core.main.TestCaseExecutor.runScript(TestCaseExecutor.java:448)
	at com.kms.katalon.core.main.TestCaseExecutor.doExecute(TestCaseExecutor.java:439)
	at com.kms.katalon.core.main.TestCaseExecutor.processExecutionPhase(TestCaseExecutor.java:418)
	at com.kms.katalon.core.main.TestCaseExecutor.accessMainPhase(TestCaseExecutor.java:410)
	at com.kms.katalon.core.main.TestCaseExecutor.execute(TestCaseExecutor.java:285)
	at com.kms.katalon.core.main.TestCaseExecutor.execute(TestCaseExecutor.java:369)
	at com.kms.katalon.core.common.CommonExecutor.accessTestCaseMainPhase(CommonExecutor.java:65)
	at com.kms.katalon.core.main.TestSuiteExecutor.accessTestSuiteMainPhase(TestSuiteExecutor.java:148)
	at com.kms.katalon.core.main.TestSuiteExecutor.execute(TestSuiteExecutor.java:106)
	at com.kms.katalon.core.main.TestCaseMain.startTestSuite(TestCaseMain.java:187)
	at com.kms.katalon.core.main.TestCaseMain$startTestSuite$0.call(Unknown Source)
	at TempTestSuite1690377867365.run(TempTestSuite1690377867365.groovy:36)
Caused by: org.openqa.selenium.UnsupportedCommandException: Method has not yet been implemented
Build info: version: &amp;apos;3.141.59&amp;apos;, revision: &amp;apos;e82be7d358&amp;apos;, time: &amp;apos;2018-11-14T08:25:53&amp;apos;
System info: host: &amp;apos;INBL01LAP31245&amp;apos;, ip: &amp;apos;192.168.1.5&amp;apos;, os.name: &amp;apos;Windows 11&amp;apos;, os.arch: &amp;apos;amd64&amp;apos;, os.version: &amp;apos;10.0&amp;apos;, java.version: &amp;apos;1.8.0_362&amp;apos;
Driver info: com.kms.katalon.selenium.driver.CRemoteWebDriver
Capabilities {appium:deviceName: iPhone_14_Pro_real_us, appiumData: {appiumVersion: 1.22.2, automationName: XCUITest}, automationName: XCUITest, browserName: safari, browserVersion: latest, databaseEnabled: false, deviceContextId: 776ade8b-ee02-4c1f-92d0-ea4..., deviceName: 00008120-00196869349B401E, javascriptEnabled: true, jobUuid: 6d297d34e02d4d2b86bc88e45a2..., katalon:option: {apiKey: 71bc3dda-0dca-4ef8-bf5b-eba..., class: com.katalon.testcloud.grid...., deviceId: apple_iphone_14_pro, deviceVersion: 16.5.1, group: eb1bcca9-4f33-4203-ae23-adf..., organizationId: 1221318, runFromTestCloud: true, teamId: 1170312, tenant: KatalonStudio, tunnelMetadataId: dc092cbc-975b-4edc-acb4-46a..., unlimitedExecutionMinutes: true, userId: 1243919, usingTunnel: true}, locationContextEnabled: false, networkConnectionEnabled: false, orientation: PORTRAIT, platform: IOS, platformName: IOS, platformVersion: 16.5.1, proxy: Proxy(pac: http://tunnel-ma..., requestId: 22cd1f19-a69f-4cf8-9595-bb0..., sauce:options: {build: TestCloud Automated Test Se..., commandTimeouts: 60000, name: TestCloud Automated Test Se..., realDevice: true, tunnelIdentifier: 22cd1f19-a69f-4cf8-9595-bb0...}, takesScreenshot: true, testobject_device: iPhone_14_Pro_real_us, testobject_device_name: iPhone 14 Pro, testobject_device_session_id: f5167064-dc50-4ba5-837e-a10..., testobject_test_report_api_url: https://api.us-west-1.*****..., testobject_test_report_url: https://app.*********.com/t..., testobject_user_id: coty_katalon, udid: 00008120-00196869349B401E, usedCachedDevice: false, version: latest, webDriverAgentUrl: http://127.0.0.1:5722, webStorageEnabled: false}
Session ID: f08b8de5-b2d0-4995-b764-c1cb769e4c4a
	at org.openqa.selenium.remote.http.W3CHttpResponseCodec.createException(W3CHttpResponseCodec.java:187)
	at org.openqa.selenium.remote.http.W3CHttpResponseCodec.decode(W3CHttpResponseCodec.java:122)
	at org.openqa.selenium.remote.http.W3CHttpResponseCodec.decode(W3CHttpResponseCodec.java:49)
	at org.openqa.selenium.remote.HttpCommandExecutor.execute(HttpCommandExecutor.java:158)
	at org.openqa.selenium.remote.RemoteWebDriver.execute(RemoteWebDriver.java:552)
	at com.kms.katalon.selenium.driver.CRemoteWebDriver.execute(CRemoteWebDriver.java:30)
	at org.openqa.selenium.remote.RemoteWebDriver.execute(RemoteWebDriver.java:609)
	at org.openqa.selenium.remote.RemoteWebDriver$RemoteWebDriverOptions$RemoteWindow.maximize(RemoteWebDriver.java:837)
	at org.openqa.selenium.support.events.EventFiringWebDriver$EventFiringWindow.maximize(EventFiringWebDriver.java:769)
	at com.kms.katalon.core.webui.keyword.builtin.MaximizeWindowKeyword$_maximizeWindow_closure1.doCall(MaximizeWindowKeyword.groovy:85)
	at com.kms.katalon.core.webui.keyword.builtin.MaximizeWindowKeyword$_maximizeWindow_closure1.call(MaximizeWindowKeyword.groovy)
	at com.kms.katalon.core.webui.keyword.internal.WebUIKeywordMain.runKeyword(WebUIKeywordMain.groovy:20)
	... 20 more
</message>
  <exception>
    <message>com.kms.katalon.core.exception.StepFailedException: Unable to maximize current window</message>
    <frame>
      <class>com.kms.katalon.core.webui.keyword.internal.WebUIKeywordMain</class>
      <method>stepFailed</method>
      <line>64</line>
    </frame>
    <frame>
      <class>com.kms.katalon.core.webui.keyword.internal.WebUIKeywordMain</class>
      <method>runKeyword</method>
      <line>26</line>
    </frame>
    <frame>
      <class>com.kms.katalon.core.webui.keyword.builtin.MaximizeWindowKeyword</class>
      <method>maximizeWindow</method>
      <line>74</line>
    </frame>
    <frame>
      <class>com.kms.katalon.core.webui.keyword.builtin.MaximizeWindowKeyword</class>
      <method>execute</method>
      <line>69</line>
    </frame>
    <frame>
      <class>com.kms.katalon.core.keyword.internal.KeywordExecutor</class>
      <method>executeKeywordForPlatform</method>
      <line>74</line>
    </frame>
    <frame>
      <class>com.kms.katalon.core.webui.keyword.WebUiBuiltInKeywords</class>
      <method>maximizeWindow</method>
      <line>283</line>
    </frame>
    <frame>
      <class>com.kms.katalon.core.webui.keyword.WebUiBuiltInKeywords$maximizeWindow$0</class>
      <method>call</method>
    </frame>
    <frame>
      <class>TestTunnel4Demoqa</class>
      <method>run</method>
      <line>22</line>
    </frame>
    <frame>
      <class>com.kms.katalon.core.main.ScriptEngine</class>
      <method>run</method>
      <line>194</line>
    </frame>
    <frame>
      <class>com.kms.katalon.core.main.ScriptEngine</class>
      <method>runScriptAsRawText</method>
      <line>119</line>
    </frame>
    <frame>
      <class>com.kms.katalon.core.main.TestCaseExecutor</class>
      <method>runScript</method>
      <line>448</line>
    </frame>
    <frame>
      <class>com.kms.katalon.core.main.TestCaseExecutor</class>
      <method>doExecute</method>
      <line>439</line>
    </frame>
    <frame>
      <class>com.kms.katalon.core.main.TestCaseExecutor</class>
      <method>processExecutionPhase</method>
      <line>418</line>
    </frame>
    <frame>
      <class>com.kms.katalon.core.main.TestCaseExecutor</class>
      <method>accessMainPhase</method>
      <line>410</line>
    </frame>
    <frame>
      <class>com.kms.katalon.core.main.TestCaseExecutor</class>
      <method>execute</method>
      <line>285</line>
    </frame>
    <frame>
      <class>com.kms.katalon.core.main.TestCaseExecutor</class>
      <method>execute</method>
      <line>369</line>
    </frame>
    <frame>
      <class>com.kms.katalon.core.common.CommonExecutor</class>
      <method>accessTestCaseMainPhase</method>
      <line>65</line>
    </frame>
    <frame>
      <class>com.kms.katalon.core.main.TestSuiteExecutor</class>
      <method>accessTestSuiteMainPhase</method>
      <line>148</line>
    </frame>
    <frame>
      <class>com.kms.katalon.core.main.TestSuiteExecutor</class>
      <method>execute</method>
      <line>106</line>
    </frame>
    <frame>
      <class>com.kms.katalon.core.main.TestCaseMain</class>
      <method>startTestSuite</method>
      <line>187</line>
    </frame>
    <frame>
      <class>com.kms.katalon.core.main.TestCaseMain$startTestSuite$0</class>
      <method>call</method>
    </frame>
    <frame>
      <class>TempTestSuite1690377867365</class>
      <method>run</method>
      <line>36</line>
    </frame>
  </exception>
  <nestedLevel>0</nestedLevel>
  <escapedJava>false</escapedJava>
  <property name="failed.exception.stacktrace">org.openqa.selenium.UnsupportedCommandException: Method has not yet been implemented
Build info: version: &apos;3.141.59&apos;, revision: &apos;e82be7d358&apos;, time: &apos;2018-11-14T08:25:53&apos;
System info: host: &apos;INBL01LAP31245&apos;, ip: &apos;192.168.1.5&apos;, os.name: &apos;Windows 11&apos;, os.arch: &apos;amd64&apos;, os.version: &apos;10.0&apos;, java.version: &apos;1.8.0_362&apos;
Driver info: com.kms.katalon.selenium.driver.CRemoteWebDriver
Capabilities {appium:deviceName: iPhone_14_Pro_real_us, appiumData: {appiumVersion: 1.22.2, automationName: XCUITest}, automationName: XCUITest, browserName: safari, browserVersion: latest, databaseEnabled: false, deviceContextId: 776ade8b-ee02-4c1f-92d0-ea4..., deviceName: 00008120-00196869349B401E, javascriptEnabled: true, jobUuid: 6d297d34e02d4d2b86bc88e45a2..., katalon:option: {apiKey: 71bc3dda-0dca-4ef8-bf5b-eba..., class: com.katalon.testcloud.grid...., deviceId: apple_iphone_14_pro, deviceVersion: 16.5.1, group: eb1bcca9-4f33-4203-ae23-adf..., organizationId: 1221318, runFromTestCloud: true, teamId: 1170312, tenant: KatalonStudio, tunnelMetadataId: dc092cbc-975b-4edc-acb4-46a..., unlimitedExecutionMinutes: true, userId: 1243919, usingTunnel: true}, locationContextEnabled: false, networkConnectionEnabled: false, orientation: PORTRAIT, platform: IOS, platformName: IOS, platformVersion: 16.5.1, proxy: Proxy(pac: http://tunnel-ma..., requestId: 22cd1f19-a69f-4cf8-9595-bb0..., sauce:options: {build: TestCloud Automated Test Se..., commandTimeouts: 60000, name: TestCloud Automated Test Se..., realDevice: true, tunnelIdentifier: 22cd1f19-a69f-4cf8-9595-bb0...}, takesScreenshot: true, testobject_device: iPhone_14_Pro_real_us, testobject_device_name: iPhone 14 Pro, testobject_device_session_id: f5167064-dc50-4ba5-837e-a10..., testobject_test_report_api_url: https://api.us-west-1.*****..., testobject_test_report_url: https://app.*********.com/t..., testobject_user_id: coty_katalon, udid: 00008120-00196869349B401E, usedCachedDevice: false, version: latest, webDriverAgentUrl: http://127.0.0.1:5722, webStorageEnabled: false}
Session ID: f08b8de5-b2d0-4995-b764-c1cb769e4c4a
	at org.openqa.selenium.remote.http.W3CHttpResponseCodec.createException(W3CHttpResponseCodec.java:187)
	at org.openqa.selenium.remote.http.W3CHttpResponseCodec.decode(W3CHttpResponseCodec.java:122)
	at org.openqa.selenium.remote.http.W3CHttpResponseCodec.decode(W3CHttpResponseCodec.java:49)
	at org.openqa.selenium.remote.HttpCommandExecutor.execute(HttpCommandExecutor.java:158)
	at org.openqa.selenium.remote.RemoteWebDriver.execute(RemoteWebDriver.java:552)
	at com.kms.katalon.selenium.driver.CRemoteWebDriver.execute(CRemoteWebDriver.java:30)
	at org.openqa.selenium.remote.RemoteWebDriver.execute(RemoteWebDriver.java:609)
	at org.openqa.selenium.remote.RemoteWebDriver$RemoteWebDriverOptions$RemoteWindow.maximize(RemoteWebDriver.java:837)
	at org.openqa.selenium.support.events.EventFiringWebDriver$EventFiringWindow.maximize(EventFiringWebDriver.java:769)
	at com.kms.katalon.core.webui.keyword.builtin.MaximizeWindowKeyword$_maximizeWindow_closure1.doCall(MaximizeWindowKeyword.groovy:85)
	at com.kms.katalon.core.webui.keyword.builtin.MaximizeWindowKeyword$_maximizeWindow_closure1.call(MaximizeWindowKeyword.groovy)
	at com.kms.katalon.core.webui.keyword.internal.WebUIKeywordMain.runKeyword(WebUIKeywordMain.groovy:20)
	at com.kms.katalon.core.webui.keyword.builtin.MaximizeWindowKeyword.maximizeWindow(MaximizeWindowKeyword.groovy:74)
	at com.kms.katalon.core.webui.keyword.builtin.MaximizeWindowKeyword.execute(MaximizeWindowKeyword.groovy:69)
	at com.kms.katalon.core.keyword.internal.KeywordExecutor.executeKeywordForPlatform(KeywordExecutor.groovy:74)
	at com.kms.katalon.core.webui.keyword.WebUiBuiltInKeywords.maximizeWindow(WebUiBuiltInKeywords.groovy:283)
	at com.kms.katalon.core.webui.keyword.WebUiBuiltInKeywords$maximizeWindow$0.call(Unknown Source)
	at TestTunnel4Demoqa.run(TestTunnel4Demoqa:22)
	at com.kms.katalon.core.main.ScriptEngine.run(ScriptEngine.java:194)
	at com.kms.katalon.core.main.ScriptEngine.runScriptAsRawText(ScriptEngine.java:119)
	at com.kms.katalon.core.main.TestCaseExecutor.runScript(TestCaseExecutor.java:448)
	at com.kms.katalon.core.main.TestCaseExecutor.doExecute(TestCaseExecutor.java:439)
	at com.kms.katalon.core.main.TestCaseExecutor.processExecutionPhase(TestCaseExecutor.java:418)
	at com.kms.katalon.core.main.TestCaseExecutor.accessMainPhase(TestCaseExecutor.java:410)
	at com.kms.katalon.core.main.TestCaseExecutor.execute(TestCaseExecutor.java:285)
	at com.kms.katalon.core.main.TestCaseExecutor.execute(TestCaseExecutor.java:369)
	at com.kms.katalon.core.common.CommonExecutor.accessTestCaseMainPhase(CommonExecutor.java:65)
	at com.kms.katalon.core.main.TestSuiteExecutor.accessTestSuiteMainPhase(TestSuiteExecutor.java:148)
	at com.kms.katalon.core.main.TestSuiteExecutor.execute(TestSuiteExecutor.java:106)
	at com.kms.katalon.core.main.TestCaseMain.startTestSuite(TestCaseMain.java:187)
	at com.kms.katalon.core.main.TestCaseMain$startTestSuite$0.call(Unknown Source)
	at TempTestSuite1690377867365.run(TempTestSuite1690377867365.groovy:36)
</property>
  <property name="failed.exception.class">org.openqa.selenium.UnsupportedCommandException</property>
  <property name="failed.exception.message">Method has not yet been implemented
Build info: version: &apos;3.141.59&apos;, revision: &apos;e82be7d358&apos;, time: &apos;2018-11-14T08:25:53&apos;
System info: host: &apos;INBL01LAP31245&apos;, ip: &apos;192.168.1.5&apos;, os.name: &apos;Windows 11&apos;, os.arch: &apos;amd64&apos;, os.version: &apos;10.0&apos;, java.version: &apos;1.8.0_362&apos;
Driver info: com.kms.katalon.selenium.driver.CRemoteWebDriver
Capabilities {appium:deviceName: iPhone_14_Pro_real_us, appiumData: {appiumVersion: 1.22.2, automationName: XCUITest}, automationName: XCUITest, browserName: safari, browserVersion: latest, databaseEnabled: false, deviceContextId: 776ade8b-ee02-4c1f-92d0-ea4..., deviceName: 00008120-00196869349B401E, javascriptEnabled: true, jobUuid: 6d297d34e02d4d2b86bc88e45a2..., katalon:option: {apiKey: 71bc3dda-0dca-4ef8-bf5b-eba..., class: com.katalon.testcloud.grid...., deviceId: apple_iphone_14_pro, deviceVersion: 16.5.1, group: eb1bcca9-4f33-4203-ae23-adf..., organizationId: 1221318, runFromTestCloud: true, teamId: 1170312, tenant: KatalonStudio, tunnelMetadataId: dc092cbc-975b-4edc-acb4-46a..., unlimitedExecutionMinutes: true, userId: 1243919, usingTunnel: true}, locationContextEnabled: false, networkConnectionEnabled: false, orientation: PORTRAIT, platform: IOS, platformName: IOS, platformVersion: 16.5.1, proxy: Proxy(pac: http://tunnel-ma..., requestId: 22cd1f19-a69f-4cf8-9595-bb0..., sauce:options: {build: TestCloud Automated Test Se..., commandTimeouts: 60000, name: TestCloud Automated Test Se..., realDevice: true, tunnelIdentifier: 22cd1f19-a69f-4cf8-9595-bb0...}, takesScreenshot: true, testobject_device: iPhone_14_Pro_real_us, testobject_device_name: iPhone 14 Pro, testobject_device_session_id: f5167064-dc50-4ba5-837e-a10..., testobject_test_report_api_url: https://api.us-west-1.*****..., testobject_test_report_url: https://app.*********.com/t..., testobject_user_id: coty_katalon, udid: 00008120-00196869349B401E, usedCachedDevice: false, version: latest, webDriverAgentUrl: http://127.0.0.1:5722, webStorageEnabled: false}
Session ID: f08b8de5-b2d0-4995-b764-c1cb769e4c4a</property>
</record>
<record>
  <date>2023-07-26T18:58:15</date>
  <millis>1690378095512</millis>
  <sequence>81</sequence>
  <level>END</level>
  <class>com.kms.katalon.core.logging.XmlKeywordLogger</class>
  <method>endTest</method>
  <thread>1</thread>
  <message>End Test Case : Test Cases/TestTunnel4Demoqa</message>
  <nestedLevel>0</nestedLevel>
  <escapedJava>false</escapedJava>
  <property name="executionBindingVariables">[]</property>
  <property name="applitools">false</property>
  <property name="remainingRetryCount">2</property>
  <property name="currentRetryCount">1</property>
  <property name="keywordsUsage">{
  &quot;web_ui&quot;: true,
  &quot;web_service&quot;: false,
  &quot;cucumber&quot;: false,
  &quot;builtin&quot;: false,
  &quot;mobile&quot;: false,
  &quot;windows&quot;: false,
  &quot;testng&quot;: false
}</property>
</record>
<record>
  <date>2023-07-26T18:58:15</date>
  <millis>1690378095525</millis>
  <sequence>82</sequence>
  <level>START</level>
  <class>com.kms.katalon.core.logging.XmlKeywordLogger</class>
  <method>startTest</method>
  <thread>1</thread>
  <message>Start Test Case : Test Cases/TestTunnel4Demoqa</message>
  <nestedLevel>1</nestedLevel>
  <escapedJava>false</escapedJava>
  <property name="remainingRetryCount">1</property>
  <property name="name">Test Cases/TestTunnel4Demoqa</property>
  <property name="description"></property>
  <property name="iteration"></property>
  <property name="id">Test Cases/TestTunnel4Demoqa</property>
  <property name="source">C:\Users\satyasai.samoju\git\TestTunnel_Pratice_Repo\Test Cases\TestTunnel4Demoqa.tc</property>
  <property name="tag"></property>
  <property name="isOptional">false</property>
  <property name="currentRetryCount">2</property>
</record>
<record>
  <date>2023-07-26T18:58:15</date>
  <millis>1690378095543</millis>
  <sequence>84</sequence>
  <level>START</level>
  <class>com.kms.katalon.core.logging.XmlKeywordLogger</class>
  <method>startKeyword</method>
  <thread>1</thread>
  <message>Start action : openBrowser(&amp;quot;&amp;quot;)</message>
  <nestedLevel>1</nestedLevel>
  <escapedJava>false</escapedJava>
  <property name="startLine">20</property>
  <property name="stepIndex">1</property>
</record>
<record>
  <date>2023-07-26T18:58:15</date>
  <millis>1690378095555</millis>
  <sequence>86</sequence>
  <level>WARNING</level>
  <class>com.kms.katalon.core.logging.XmlKeywordLogger</class>
  <method>logMessage</method>
  <thread>1</thread>
  <message>A browser is already opened. Closing browser and opening a new one</message>
  <nestedLevel>1</nestedLevel>
  <escapedJava>false</escapedJava>
</record>
<record>
  <date>2023-07-26T18:58:17</date>
  <millis>1690378097759</millis>
  <sequence>87</sequence>
  <level>INFO</level>
  <class>com.kms.katalon.core.logging.XmlKeywordLogger</class>
  <method>logMessage</method>
  <thread>1</thread>
  <message>User set preference: [&amp;apos;browserName&amp;apos;, &amp;apos;safari&amp;apos;]</message>
  <nestedLevel>1</nestedLevel>
  <escapedJava>false</escapedJava>
</record>
<record>
  <date>2023-07-26T18:58:17</date>
  <millis>1690378097764</millis>
  <sequence>88</sequence>
  <level>INFO</level>
  <class>com.kms.katalon.core.logging.XmlKeywordLogger</class>
  <method>logMessage</method>
  <thread>1</thread>
  <message>User set preference: [&amp;apos;platformName&amp;apos;, &amp;apos;iOS&amp;apos;]</message>
  <nestedLevel>1</nestedLevel>
  <escapedJava>false</escapedJava>
</record>
<record>
  <date>2023-07-26T18:58:17</date>
  <millis>1690378097765</millis>
  <sequence>89</sequence>
  <level>INFO</level>
  <class>com.kms.katalon.core.logging.XmlKeywordLogger</class>
  <method>logMessage</method>
  <thread>1</thread>
  <message>User set preference: [&amp;apos;browserVersion&amp;apos;, &amp;apos;latest&amp;apos;]</message>
  <nestedLevel>1</nestedLevel>
  <escapedJava>false</escapedJava>
</record>
<record>
  <date>2023-07-26T18:58:17</date>
  <millis>1690378097766</millis>
  <sequence>90</sequence>
  <level>INFO</level>
  <class>com.kms.katalon.core.logging.XmlKeywordLogger</class>
  <method>logMessage</method>
  <thread>1</thread>
  <message>User set preference: [&amp;apos;deviceName&amp;apos;, &amp;apos;iPhone iPhone 14 Pro&amp;apos;]</message>
  <nestedLevel>1</nestedLevel>
  <escapedJava>false</escapedJava>
</record>
<record>
  <date>2023-07-26T18:58:17</date>
  <millis>1690378097766</millis>
  <sequence>91</sequence>
  <level>INFO</level>
  <class>com.kms.katalon.core.logging.XmlKeywordLogger</class>
  <method>logMessage</method>
  <thread>1</thread>
  <message>User set preference: [&amp;apos;platformVersion&amp;apos;, &amp;apos;16.5.1&amp;apos;]</message>
  <nestedLevel>1</nestedLevel>
  <escapedJava>false</escapedJava>
</record>
<record>
  <date>2023-07-26T18:58:17</date>
  <millis>1690378097766</millis>
  <sequence>92</sequence>
  <level>INFO</level>
  <class>com.kms.katalon.core.logging.XmlKeywordLogger</class>
  <method>logMessage</method>
  <thread>1</thread>
  <message>User set preference: [&amp;apos;deviceId&amp;apos;, &amp;apos;apple_iphone_14_pro&amp;apos;]</message>
  <nestedLevel>1</nestedLevel>
  <escapedJava>false</escapedJava>
</record>
<record>
  <date>2023-07-26T18:58:17</date>
  <millis>1690378097766</millis>
  <sequence>93</sequence>
  <level>INFO</level>
  <class>com.kms.katalon.core.logging.XmlKeywordLogger</class>
  <method>logMessage</method>
  <thread>1</thread>
  <message>User set preference: [&amp;apos;katalon:option&amp;apos;, &amp;apos;{organizationId=1221318, tunnelId=dc092cbc-975b-4edc-acb4-46a8e236a020, deviceVersion=16.5.1, deviceId=apple_iphone_14_pro, usingTunnel=true}&amp;apos;]</message>
  <nestedLevel>1</nestedLevel>
  <escapedJava>false</escapedJava>
</record>
<record>
  <date>2023-07-26T18:58:17</date>
  <millis>1690378097766</millis>
  <sequence>94</sequence>
  <level>INFO</level>
  <class>com.kms.katalon.core.logging.XmlKeywordLogger</class>
  <method>logMessage</method>
  <thread>1</thread>
  <message>Connecting to remote web server &amp;apos;testcloud.katalon.com/hub&amp;apos; with type &amp;apos;Selenium&amp;apos;</message>
  <nestedLevel>1</nestedLevel>
  <escapedJava>false</escapedJava>
</record>
<record>
  <date>2023-07-26T18:58:17</date>
  <millis>1690378097766</millis>
  <sequence>95</sequence>
  <level>INFO</level>
  <class>com.kms.katalon.core.logging.XmlKeywordLogger</class>
  <method>logMessage</method>
  <thread>1</thread>
  <message>Action delay is set to 0 milliseconds</message>
  <nestedLevel>1</nestedLevel>
  <escapedJava>false</escapedJava>
</record>
<record>
  <date>2023-07-26T18:59:36</date>
  <millis>1690378176880</millis>
  <sequence>97</sequence>
  <level>RUN_DATA</level>
  <class>com.kms.katalon.core.logging.XmlKeywordLogger</class>
  <method>logMessage</method>
  <thread>1</thread>
  <message>remoteDriverUrl = testcloud.katalon.com/hub</message>
  <nestedLevel>1</nestedLevel>
  <escapedJava>false</escapedJava>
  <property name="remoteDriverUrl">testcloud.katalon.com/hub</property>
</record>
<record>
  <date>2023-07-26T18:59:36</date>
  <millis>1690378176882</millis>
  <sequence>98</sequence>
  <level>RUN_DATA</level>
  <class>com.kms.katalon.core.logging.XmlKeywordLogger</class>
  <method>logMessage</method>
  <thread>1</thread>
  <message>remoteOS = iOS</message>
  <nestedLevel>1</nestedLevel>
  <escapedJava>false</escapedJava>
  <property name="remoteOS">iOS</property>
</record>
<record>
  <date>2023-07-26T18:59:36</date>
  <millis>1690378176883</millis>
  <sequence>99</sequence>
  <level>RUN_DATA</level>
  <class>com.kms.katalon.core.logging.XmlKeywordLogger</class>
  <method>logMessage</method>
  <thread>1</thread>
  <message>desiredCapabilities = {
  &amp;quot;testobject_user_id&amp;quot;: &amp;quot;coty_katalon&amp;quot;,
  &amp;quot;testobject_test_report_url&amp;quot;: &amp;quot;https://app.*********.com/tests/33b86956b2224b84963cd7e38af0eaf7&amp;quot;,
  &amp;quot;testobject_device_name&amp;quot;: &amp;quot;iPhone 14 Pro&amp;quot;,
  &amp;quot;testobject_device_session_id&amp;quot;: &amp;quot;731688e5-8823-45dd-a8f0-7154f7cbf5cb&amp;quot;,
  &amp;quot;deviceName&amp;quot;: &amp;quot;iPhone iPhone 14 Pro&amp;quot;,
  &amp;quot;platform&amp;quot;: &amp;quot;IOS&amp;quot;,
  &amp;quot;***:options&amp;quot;: {
    &amp;quot;name&amp;quot;: &amp;quot;TestCloud Automated Test Session &amp;quot;,
    &amp;quot;realDevice&amp;quot;: true,
    &amp;quot;tunnelIdentifier&amp;quot;: &amp;quot;acd22405-d7df-46bf-9d1d-573df9d7e4c0&amp;quot;,
    &amp;quot;build&amp;quot;: &amp;quot;TestCloud Automated Test Session &amp;quot;,
    &amp;quot;commandTimeouts&amp;quot;: &amp;quot;60000&amp;quot;
  },
  &amp;quot;webDriverAgentUrl&amp;quot;: &amp;quot;http://127.0.0.1:5723&amp;quot;,
  &amp;quot;jobUuid&amp;quot;: &amp;quot;33b86956b2224b84963cd7e38af0eaf7&amp;quot;,
  &amp;quot;requestId&amp;quot;: &amp;quot;acd22405-d7df-46bf-9d1d-573df9d7e4c0&amp;quot;,
  &amp;quot;browserVersion&amp;quot;: &amp;quot;16&amp;quot;,
  &amp;quot;platformVersion&amp;quot;: &amp;quot;16.5.1&amp;quot;,
  &amp;quot;automationName&amp;quot;: &amp;quot;XCUITest&amp;quot;,
  &amp;quot;webStorageEnabled&amp;quot;: false,
  &amp;quot;browserName&amp;quot;: &amp;quot;safari&amp;quot;,
  &amp;quot;takesScreenshot&amp;quot;: true,
  &amp;quot;javascriptEnabled&amp;quot;: true,
  &amp;quot;katalon:option&amp;quot;: {
    &amp;quot;unlimitedExecutionMinutes&amp;quot;: true,
    &amp;quot;apiKey&amp;quot;: &amp;quot;71bc3dda-0dca-4ef8-bf5b-ebadbcb77988&amp;quot;,
    &amp;quot;tunnelMetadataId&amp;quot;: &amp;quot;dc092cbc-975b-4edc-acb4-46a8e236a020&amp;quot;,
    &amp;quot;deviceVersion&amp;quot;: &amp;quot;16.5.1&amp;quot;,
    &amp;quot;deviceId&amp;quot;: &amp;quot;apple_iphone_14_pro&amp;quot;,
    &amp;quot;userId&amp;quot;: 1243919,
    &amp;quot;organizationId&amp;quot;: &amp;quot;1221318&amp;quot;,
    &amp;quot;teamId&amp;quot;: &amp;quot;1170312&amp;quot;,
    &amp;quot;class&amp;quot;: &amp;quot;com.katalon.testcloud.grid.common.tunnel.domain.UserOptionCapability&amp;quot;,
    &amp;quot;runFromTestCloud&amp;quot;: true,
    &amp;quot;tenant&amp;quot;: &amp;quot;KatalonStudio&amp;quot;,
    &amp;quot;usingTunnel&amp;quot;: true,
    &amp;quot;group&amp;quot;: &amp;quot;eb1bcca9-4f33-4203-ae23-adf0465a52ce&amp;quot;
  },
  &amp;quot;platformName&amp;quot;: &amp;quot;IOS&amp;quot;,
  &amp;quot;udid&amp;quot;: &amp;quot;00008120-000A2C202E0B401E&amp;quot;,
  &amp;quot;deviceContextId&amp;quot;: &amp;quot;108c8f1b-c6da-43b8-b5b3-3be6f4cc94af&amp;quot;,
  &amp;quot;networkConnectionEnabled&amp;quot;: false,
  &amp;quot;orientation&amp;quot;: &amp;quot;PORTRAIT&amp;quot;,
  &amp;quot;testobject_device&amp;quot;: &amp;quot;iPhone_14_Pro_real_us&amp;quot;,
  &amp;quot;databaseEnabled&amp;quot;: false,
  &amp;quot;usedCachedDevice&amp;quot;: false,
  &amp;quot;version&amp;quot;: &amp;quot;latest&amp;quot;,
  &amp;quot;proxy&amp;quot;: {
    &amp;quot;proxyType&amp;quot;: &amp;quot;PAC&amp;quot;,
    &amp;quot;autodetect&amp;quot;: false,
    &amp;quot;proxyAutoconfigUrl&amp;quot;: &amp;quot;http://tunnel-manager-internal.katalon.com/pac/dc092cbc-975b-4edc-acb4-46a8e236a020.pac&amp;quot;
  },
  &amp;quot;testobject_test_report_api_url&amp;quot;: &amp;quot;https://***.*********.com/v1/rdc/jobs/33b86956b2224b84963cd7e38af0eaf7&amp;quot;,
  &amp;quot;appiumData&amp;quot;: {
    &amp;quot;appiumVersion&amp;quot;: &amp;quot;1.22.2&amp;quot;,
    &amp;quot;automationName&amp;quot;: &amp;quot;XCUITest&amp;quot;
  },
  &amp;quot;locationContextEnabled&amp;quot;: false,
  &amp;quot;appium:deviceName&amp;quot;: &amp;quot;iPhone_14_Pro_real_us&amp;quot;
}</message>
  <nestedLevel>1</nestedLevel>
  <escapedJava>false</escapedJava>
  <property name="desiredCapabilities">{
  &quot;testobject_user_id&quot;: &quot;coty_katalon&quot;,
  &quot;testobject_test_report_url&quot;: &quot;https://app.*********.com/tests/33b86956b2224b84963cd7e38af0eaf7&quot;,
  &quot;testobject_device_name&quot;: &quot;iPhone 14 Pro&quot;,
  &quot;testobject_device_session_id&quot;: &quot;731688e5-8823-45dd-a8f0-7154f7cbf5cb&quot;,
  &quot;deviceName&quot;: &quot;iPhone iPhone 14 Pro&quot;,
  &quot;platform&quot;: &quot;IOS&quot;,
  &quot;***:options&quot;: {
    &quot;name&quot;: &quot;TestCloud Automated Test Session &quot;,
    &quot;realDevice&quot;: true,
    &quot;tunnelIdentifier&quot;: &quot;acd22405-d7df-46bf-9d1d-573df9d7e4c0&quot;,
    &quot;build&quot;: &quot;TestCloud Automated Test Session &quot;,
    &quot;commandTimeouts&quot;: &quot;60000&quot;
  },
  &quot;webDriverAgentUrl&quot;: &quot;http://127.0.0.1:5723&quot;,
  &quot;jobUuid&quot;: &quot;33b86956b2224b84963cd7e38af0eaf7&quot;,
  &quot;requestId&quot;: &quot;acd22405-d7df-46bf-9d1d-573df9d7e4c0&quot;,
  &quot;browserVersion&quot;: &quot;16&quot;,
  &quot;platformVersion&quot;: &quot;16.5.1&quot;,
  &quot;automationName&quot;: &quot;XCUITest&quot;,
  &quot;webStorageEnabled&quot;: false,
  &quot;browserName&quot;: &quot;safari&quot;,
  &quot;takesScreenshot&quot;: true,
  &quot;javascriptEnabled&quot;: true,
  &quot;katalon:option&quot;: {
    &quot;unlimitedExecutionMinutes&quot;: true,
    &quot;apiKey&quot;: &quot;71bc3dda-0dca-4ef8-bf5b-ebadbcb77988&quot;,
    &quot;tunnelMetadataId&quot;: &quot;dc092cbc-975b-4edc-acb4-46a8e236a020&quot;,
    &quot;deviceVersion&quot;: &quot;16.5.1&quot;,
    &quot;deviceId&quot;: &quot;apple_iphone_14_pro&quot;,
    &quot;userId&quot;: 1243919,
    &quot;organizationId&quot;: &quot;1221318&quot;,
    &quot;teamId&quot;: &quot;1170312&quot;,
    &quot;class&quot;: &quot;com.katalon.testcloud.grid.common.tunnel.domain.UserOptionCapability&quot;,
    &quot;runFromTestCloud&quot;: true,
    &quot;tenant&quot;: &quot;KatalonStudio&quot;,
    &quot;usingTunnel&quot;: true,
    &quot;group&quot;: &quot;eb1bcca9-4f33-4203-ae23-adf0465a52ce&quot;
  },
  &quot;platformName&quot;: &quot;IOS&quot;,
  &quot;udid&quot;: &quot;00008120-000A2C202E0B401E&quot;,
  &quot;deviceContextId&quot;: &quot;108c8f1b-c6da-43b8-b5b3-3be6f4cc94af&quot;,
  &quot;networkConnectionEnabled&quot;: false,
  &quot;orientation&quot;: &quot;PORTRAIT&quot;,
  &quot;testobject_device&quot;: &quot;iPhone_14_Pro_real_us&quot;,
  &quot;databaseEnabled&quot;: false,
  &quot;usedCachedDevice&quot;: false,
  &quot;version&quot;: &quot;latest&quot;,
  &quot;proxy&quot;: {
    &quot;proxyType&quot;: &quot;PAC&quot;,
    &quot;autodetect&quot;: false,
    &quot;proxyAutoconfigUrl&quot;: &quot;http://tunnel-manager-internal.katalon.com/pac/dc092cbc-975b-4edc-acb4-46a8e236a020.pac&quot;
  },
  &quot;testobject_test_report_api_url&quot;: &quot;https://***.*********.com/v1/rdc/jobs/33b86956b2224b84963cd7e38af0eaf7&quot;,
  &quot;appiumData&quot;: {
    &quot;appiumVersion&quot;: &quot;1.22.2&quot;,
    &quot;automationName&quot;: &quot;XCUITest&quot;
  },
  &quot;locationContextEnabled&quot;: false,
  &quot;appium:deviceName&quot;: &quot;iPhone_14_Pro_real_us&quot;
}</property>
</record>
<record>
  <date>2023-07-26T18:59:36</date>
  <millis>1690378176883</millis>
  <sequence>100</sequence>
  <level>RUN_DATA</level>
  <class>com.kms.katalon.core.logging.XmlKeywordLogger</class>
  <method>logMessage</method>
  <thread>1</thread>
  <message>sessionId = 77a5a5c6-f117-4b70-bee7-4b6a3b05ea81</message>
  <nestedLevel>1</nestedLevel>
  <escapedJava>false</escapedJava>
  <property name="sessionId">77a5a5c6-f117-4b70-bee7-4b6a3b05ea81</property>
</record>
<record>
  <date>2023-07-26T18:59:38</date>
  <millis>1690378178377</millis>
  <sequence>101</sequence>
  <level>RUN_DATA</level>
  <class>com.kms.katalon.core.logging.XmlKeywordLogger</class>
  <method>logMessage</method>
  <thread>1</thread>
  <message>browser = Safari 16</message>
  <nestedLevel>1</nestedLevel>
  <escapedJava>false</escapedJava>
  <property name="browser">Safari 16</property>
</record>
<record>
  <date>2023-07-26T18:59:38</date>
  <millis>1690378178379</millis>
  <sequence>102</sequence>
  <level>RUN_DATA</level>
  <class>com.kms.katalon.core.logging.XmlKeywordLogger</class>
  <method>logMessage</method>
  <thread>1</thread>
  <message>platform = Windows 11</message>
  <nestedLevel>1</nestedLevel>
  <escapedJava>false</escapedJava>
  <property name="platform">Windows 11</property>
</record>
<record>
  <date>2023-07-26T18:59:38</date>
  <millis>1690378178380</millis>
  <sequence>103</sequence>
  <level>RUN_DATA</level>
  <class>com.kms.katalon.core.logging.XmlKeywordLogger</class>
  <method>logMessage</method>
  <thread>1</thread>
  <message>seleniumVersion = 3.141.59</message>
  <nestedLevel>1</nestedLevel>
  <escapedJava>false</escapedJava>
  <property name="seleniumVersion">3.141.59</property>
</record>
<record>
  <date>2023-07-26T18:59:38</date>
  <millis>1690378178380</millis>
  <sequence>104</sequence>
  <level>RUN_DATA</level>
  <class>com.kms.katalon.core.logging.XmlKeywordLogger</class>
  <method>logMessage</method>
  <thread>1</thread>
  <message>proxyInformation = ProxyInformation { proxyOption=NO_PROXY, proxyServerType=HTTP, username=, password=********, proxyServerAddress=, proxyServerPort=0, executionList=&amp;quot;&amp;quot;, isApplyToDesiredCapabilities=true }</message>
  <nestedLevel>1</nestedLevel>
  <escapedJava>false</escapedJava>
  <property name="proxyInformation">ProxyInformation { proxyOption=NO_PROXY, proxyServerType=HTTP, username=, password=********, proxyServerAddress=, proxyServerPort=0, executionList=&quot;&quot;, isApplyToDesiredCapabilities=true }</property>
</record>
<record>
  <date>2023-07-26T18:59:40</date>
  <millis>1690378180904</millis>
  <sequence>105</sequence>
  <level>PASSED</level>
  <class>com.kms.katalon.core.logging.XmlKeywordLogger</class>
  <method>logMessage</method>
  <thread>1</thread>
  <message>Browser is opened with url: &amp;apos;&amp;apos;</message>
  <nestedLevel>1</nestedLevel>
  <escapedJava>false</escapedJava>
  <property name="testops-method-name">com.kms.katalon.core.webui.keyword.builtin.OpenBrowserKeyword.openBrowser</property>
  <property name="testops-execution-stacktrace"></property>
</record>
<record>
  <date>2023-07-26T18:59:40</date>
  <millis>1690378180905</millis>
  <sequence>106</sequence>
  <level>END</level>
  <class>com.kms.katalon.core.logging.XmlKeywordLogger</class>
  <method>endKeyword</method>
  <thread>1</thread>
  <message>End action : openBrowser(&amp;quot;&amp;quot;)</message>
  <nestedLevel>1</nestedLevel>
  <escapedJava>false</escapedJava>
</record>
<record>
  <date>2023-07-26T18:59:40</date>
  <millis>1690378180906</millis>
  <sequence>107</sequence>
  <level>START</level>
  <class>com.kms.katalon.core.logging.XmlKeywordLogger</class>
  <method>startKeyword</method>
  <thread>1</thread>
  <message>Start action : maximizeWindow()</message>
  <nestedLevel>1</nestedLevel>
  <escapedJava>false</escapedJava>
  <property name="startLine">22</property>
  <property name="stepIndex">2</property>
</record>
<record>
  <date>2023-07-26T19:00:06</date>
  <millis>1690378206508</millis>
  <sequence>112</sequence>
  <level>FAILED</level>
  <class>com.kms.katalon.core.logging.XmlKeywordLogger</class>
  <method>logMessage</method>
  <thread>1</thread>
  <message>Unable to maximize current window (Root cause: com.kms.katalon.core.exception.StepFailedException: Unable to maximize current window
	at com.kms.katalon.core.webui.keyword.internal.WebUIKeywordMain.stepFailed(WebUIKeywordMain.groovy:64)
	at com.kms.katalon.core.webui.keyword.internal.WebUIKeywordMain.runKeyword(WebUIKeywordMain.groovy:26)
	at com.kms.katalon.core.webui.keyword.builtin.MaximizeWindowKeyword.maximizeWindow(MaximizeWindowKeyword.groovy:74)
	at com.kms.katalon.core.webui.keyword.builtin.MaximizeWindowKeyword.execute(MaximizeWindowKeyword.groovy:69)
	at com.kms.katalon.core.keyword.internal.KeywordExecutor.executeKeywordForPlatform(KeywordExecutor.groovy:74)
	at com.kms.katalon.core.webui.keyword.WebUiBuiltInKeywords.maximizeWindow(WebUiBuiltInKeywords.groovy:283)
	at com.kms.katalon.core.webui.keyword.WebUiBuiltInKeywords$maximizeWindow$0.call(Unknown Source)
	at TestTunnel4Demoqa.run(TestTunnel4Demoqa:22)
	at com.kms.katalon.core.main.ScriptEngine.run(ScriptEngine.java:194)
	at com.kms.katalon.core.main.ScriptEngine.runScriptAsRawText(ScriptEngine.java:119)
	at com.kms.katalon.core.main.TestCaseExecutor.runScript(TestCaseExecutor.java:448)
	at com.kms.katalon.core.main.TestCaseExecutor.doExecute(TestCaseExecutor.java:439)
	at com.kms.katalon.core.main.TestCaseExecutor.processExecutionPhase(TestCaseExecutor.java:418)
	at com.kms.katalon.core.main.TestCaseExecutor.accessMainPhase(TestCaseExecutor.java:410)
	at com.kms.katalon.core.main.TestCaseExecutor.execute(TestCaseExecutor.java:285)
	at com.kms.katalon.core.main.TestCaseExecutor.execute(TestCaseExecutor.java:369)
	at com.kms.katalon.core.main.TestCaseExecutor.execute(TestCaseExecutor.java:369)
	at com.kms.katalon.core.common.CommonExecutor.accessTestCaseMainPhase(CommonExecutor.java:65)
	at com.kms.katalon.core.main.TestSuiteExecutor.accessTestSuiteMainPhase(TestSuiteExecutor.java:148)
	at com.kms.katalon.core.main.TestSuiteExecutor.execute(TestSuiteExecutor.java:106)
	at com.kms.katalon.core.main.TestCaseMain.startTestSuite(TestCaseMain.java:187)
	at com.kms.katalon.core.main.TestCaseMain$startTestSuite$0.call(Unknown Source)
	at TempTestSuite1690377867365.run(TempTestSuite1690377867365.groovy:36)
Caused by: org.openqa.selenium.UnsupportedCommandException: Method has not yet been implemented
Build info: version: &amp;apos;3.141.59&amp;apos;, revision: &amp;apos;e82be7d358&amp;apos;, time: &amp;apos;2018-11-14T08:25:53&amp;apos;
System info: host: &amp;apos;INBL01LAP31245&amp;apos;, ip: &amp;apos;192.168.1.5&amp;apos;, os.name: &amp;apos;Windows 11&amp;apos;, os.arch: &amp;apos;amd64&amp;apos;, os.version: &amp;apos;10.0&amp;apos;, java.version: &amp;apos;1.8.0_362&amp;apos;
Driver info: com.kms.katalon.selenium.driver.CRemoteWebDriver
Capabilities {appium:deviceName: iPhone_14_Pro_real_us, appiumData: {appiumVersion: 1.22.2, automationName: XCUITest}, automationName: XCUITest, browserName: safari, browserVersion: latest, databaseEnabled: false, deviceContextId: 108c8f1b-c6da-43b8-b5b3-3be..., deviceName: 00008120-000A2C202E0B401E, javascriptEnabled: true, jobUuid: 33b86956b2224b84963cd7e38af..., katalon:option: {apiKey: 71bc3dda-0dca-4ef8-bf5b-eba..., class: com.katalon.testcloud.grid...., deviceId: apple_iphone_14_pro, deviceVersion: 16.5.1, group: eb1bcca9-4f33-4203-ae23-adf..., organizationId: 1221318, runFromTestCloud: true, teamId: 1170312, tenant: KatalonStudio, tunnelMetadataId: dc092cbc-975b-4edc-acb4-46a..., unlimitedExecutionMinutes: true, userId: 1243919, usingTunnel: true}, locationContextEnabled: false, networkConnectionEnabled: false, orientation: PORTRAIT, platform: IOS, platformName: IOS, platformVersion: 16.5.1, proxy: Proxy(pac: http://tunnel-ma..., requestId: acd22405-d7df-46bf-9d1d-573..., sauce:options: {build: TestCloud Automated Test Se..., commandTimeouts: 60000, name: TestCloud Automated Test Se..., realDevice: true, tunnelIdentifier: acd22405-d7df-46bf-9d1d-573...}, takesScreenshot: true, testobject_device: iPhone_14_Pro_real_us, testobject_device_name: iPhone 14 Pro, testobject_device_session_id: 731688e5-8823-45dd-a8f0-715..., testobject_test_report_api_url: https://api.us-west-1.*****..., testobject_test_report_url: https://app.*********.com/t..., testobject_user_id: coty_katalon, udid: 00008120-000A2C202E0B401E, usedCachedDevice: false, version: latest, webDriverAgentUrl: http://127.0.0.1:5723, webStorageEnabled: false}
Session ID: 77a5a5c6-f117-4b70-bee7-4b6a3b05ea81
	at org.openqa.selenium.remote.http.W3CHttpResponseCodec.createException(W3CHttpResponseCodec.java:187)
	at org.openqa.selenium.remote.http.W3CHttpResponseCodec.decode(W3CHttpResponseCodec.java:122)
	at org.openqa.selenium.remote.http.W3CHttpResponseCodec.decode(W3CHttpResponseCodec.java:49)
	at org.openqa.selenium.remote.HttpCommandExecutor.execute(HttpCommandExecutor.java:158)
	at org.openqa.selenium.remote.RemoteWebDriver.execute(RemoteWebDriver.java:552)
	at com.kms.katalon.selenium.driver.CRemoteWebDriver.execute(CRemoteWebDriver.java:30)
	at org.openqa.selenium.remote.RemoteWebDriver.execute(RemoteWebDriver.java:609)
	at org.openqa.selenium.remote.RemoteWebDriver$RemoteWebDriverOptions$RemoteWindow.maximize(RemoteWebDriver.java:837)
	at org.openqa.selenium.support.events.EventFiringWebDriver$EventFiringWindow.maximize(EventFiringWebDriver.java:769)
	at com.kms.katalon.core.webui.keyword.builtin.MaximizeWindowKeyword$_maximizeWindow_closure1.doCall(MaximizeWindowKeyword.groovy:85)
	at com.kms.katalon.core.webui.keyword.builtin.MaximizeWindowKeyword$_maximizeWindow_closure1.call(MaximizeWindowKeyword.groovy)
	at com.kms.katalon.core.webui.keyword.internal.WebUIKeywordMain.runKeyword(WebUIKeywordMain.groovy:20)
	at com.kms.katalon.core.webui.keyword.builtin.MaximizeWindowKeyword.maximizeWindow(MaximizeWindowKeyword.groovy:74)
	at com.kms.katalon.core.webui.keyword.builtin.MaximizeWindowKeyword.execute(MaximizeWindowKeyword.groovy:69)
	at com.kms.katalon.core.keyword.internal.KeywordExecutor.executeKeywordForPlatform(KeywordExecutor.groovy:74)
	at com.kms.katalon.core.webui.keyword.WebUiBuiltInKeywords.maximizeWindow(WebUiBuiltInKeywords.groovy:283)
	at com.kms.katalon.core.webui.keyword.WebUiBuiltInKeywords$maximizeWindow$0.call(Unknown Source)
	at Script1690371234682.run(Script1690371234682.groovy:22)
	... 15 more
)</message>
  <nestedLevel>1</nestedLevel>
  <escapedJava>false</escapedJava>
  <property name="failed.exception.class">org.openqa.selenium.UnsupportedCommandException</property>
  <property name="attachment">1690378182676.png</property>
  <property name="failed.exception.stacktrace">org.openqa.selenium.UnsupportedCommandException: Method has not yet been implemented
Build info: version: &apos;3.141.59&apos;, revision: &apos;e82be7d358&apos;, time: &apos;2018-11-14T08:25:53&apos;
System info: host: &apos;INBL01LAP31245&apos;, ip: &apos;192.168.1.5&apos;, os.name: &apos;Windows 11&apos;, os.arch: &apos;amd64&apos;, os.version: &apos;10.0&apos;, java.version: &apos;1.8.0_362&apos;
Driver info: com.kms.katalon.selenium.driver.CRemoteWebDriver
Capabilities {appium:deviceName: iPhone_14_Pro_real_us, appiumData: {appiumVersion: 1.22.2, automationName: XCUITest}, automationName: XCUITest, browserName: safari, browserVersion: latest, databaseEnabled: false, deviceContextId: 108c8f1b-c6da-43b8-b5b3-3be..., deviceName: 00008120-000A2C202E0B401E, javascriptEnabled: true, jobUuid: 33b86956b2224b84963cd7e38af..., katalon:option: {apiKey: 71bc3dda-0dca-4ef8-bf5b-eba..., class: com.katalon.testcloud.grid...., deviceId: apple_iphone_14_pro, deviceVersion: 16.5.1, group: eb1bcca9-4f33-4203-ae23-adf..., organizationId: 1221318, runFromTestCloud: true, teamId: 1170312, tenant: KatalonStudio, tunnelMetadataId: dc092cbc-975b-4edc-acb4-46a..., unlimitedExecutionMinutes: true, userId: 1243919, usingTunnel: true}, locationContextEnabled: false, networkConnectionEnabled: false, orientation: PORTRAIT, platform: IOS, platformName: IOS, platformVersion: 16.5.1, proxy: Proxy(pac: http://tunnel-ma..., requestId: acd22405-d7df-46bf-9d1d-573..., sauce:options: {build: TestCloud Automated Test Se..., commandTimeouts: 60000, name: TestCloud Automated Test Se..., realDevice: true, tunnelIdentifier: acd22405-d7df-46bf-9d1d-573...}, takesScreenshot: true, testobject_device: iPhone_14_Pro_real_us, testobject_device_name: iPhone 14 Pro, testobject_device_session_id: 731688e5-8823-45dd-a8f0-715..., testobject_test_report_api_url: https://api.us-west-1.*****..., testobject_test_report_url: https://app.*********.com/t..., testobject_user_id: coty_katalon, udid: 00008120-000A2C202E0B401E, usedCachedDevice: false, version: latest, webDriverAgentUrl: http://127.0.0.1:5723, webStorageEnabled: false}
Session ID: 77a5a5c6-f117-4b70-bee7-4b6a3b05ea81
	at org.openqa.selenium.remote.http.W3CHttpResponseCodec.createException(W3CHttpResponseCodec.java:187)
	at org.openqa.selenium.remote.http.W3CHttpResponseCodec.decode(W3CHttpResponseCodec.java:122)
	at org.openqa.selenium.remote.http.W3CHttpResponseCodec.decode(W3CHttpResponseCodec.java:49)
	at org.openqa.selenium.remote.HttpCommandExecutor.execute(HttpCommandExecutor.java:158)
	at org.openqa.selenium.remote.RemoteWebDriver.execute(RemoteWebDriver.java:552)
	at com.kms.katalon.selenium.driver.CRemoteWebDriver.execute(CRemoteWebDriver.java:30)
	at org.openqa.selenium.remote.RemoteWebDriver.execute(RemoteWebDriver.java:609)
	at org.openqa.selenium.remote.RemoteWebDriver$RemoteWebDriverOptions$RemoteWindow.maximize(RemoteWebDriver.java:837)
	at org.openqa.selenium.support.events.EventFiringWebDriver$EventFiringWindow.maximize(EventFiringWebDriver.java:769)
	at com.kms.katalon.core.webui.keyword.builtin.MaximizeWindowKeyword$_maximizeWindow_closure1.doCall(MaximizeWindowKeyword.groovy:85)
	at com.kms.katalon.core.webui.keyword.builtin.MaximizeWindowKeyword$_maximizeWindow_closure1.call(MaximizeWindowKeyword.groovy)
	at com.kms.katalon.core.webui.keyword.internal.WebUIKeywordMain.runKeyword(WebUIKeywordMain.groovy:20)
	at com.kms.katalon.core.webui.keyword.builtin.MaximizeWindowKeyword.maximizeWindow(MaximizeWindowKeyword.groovy:74)
	at com.kms.katalon.core.webui.keyword.builtin.MaximizeWindowKeyword.execute(MaximizeWindowKeyword.groovy:69)
	at com.kms.katalon.core.keyword.internal.KeywordExecutor.executeKeywordForPlatform(KeywordExecutor.groovy:74)
	at com.kms.katalon.core.webui.keyword.WebUiBuiltInKeywords.maximizeWindow(WebUiBuiltInKeywords.groovy:283)
	at com.kms.katalon.core.webui.keyword.WebUiBuiltInKeywords$maximizeWindow$0.call(Unknown Source)
	at TestTunnel4Demoqa.run(TestTunnel4Demoqa:22)
	at com.kms.katalon.core.main.ScriptEngine.run(ScriptEngine.java:194)
	at com.kms.katalon.core.main.ScriptEngine.runScriptAsRawText(ScriptEngine.java:119)
	at com.kms.katalon.core.main.TestCaseExecutor.runScript(TestCaseExecutor.java:448)
	at com.kms.katalon.core.main.TestCaseExecutor.doExecute(TestCaseExecutor.java:439)
	at com.kms.katalon.core.main.TestCaseExecutor.processExecutionPhase(TestCaseExecutor.java:418)
	at com.kms.katalon.core.main.TestCaseExecutor.accessMainPhase(TestCaseExecutor.java:410)
	at com.kms.katalon.core.main.TestCaseExecutor.execute(TestCaseExecutor.java:285)
	at com.kms.katalon.core.main.TestCaseExecutor.execute(TestCaseExecutor.java:369)
	at com.kms.katalon.core.main.TestCaseExecutor.execute(TestCaseExecutor.java:369)
	at com.kms.katalon.core.common.CommonExecutor.accessTestCaseMainPhase(CommonExecutor.java:65)
	at com.kms.katalon.core.main.TestSuiteExecutor.accessTestSuiteMainPhase(TestSuiteExecutor.java:148)
	at com.kms.katalon.core.main.TestSuiteExecutor.execute(TestSuiteExecutor.java:106)
	at com.kms.katalon.core.main.TestCaseMain.startTestSuite(TestCaseMain.java:187)
	at com.kms.katalon.core.main.TestCaseMain$startTestSuite$0.call(Unknown Source)
	at TempTestSuite1690377867365.run(TempTestSuite1690377867365.groovy:36)
</property>
  <property name="failed.exception.message">Method has not yet been implemented
Build info: version: &apos;3.141.59&apos;, revision: &apos;e82be7d358&apos;, time: &apos;2018-11-14T08:25:53&apos;
System info: host: &apos;INBL01LAP31245&apos;, ip: &apos;192.168.1.5&apos;, os.name: &apos;Windows 11&apos;, os.arch: &apos;amd64&apos;, os.version: &apos;10.0&apos;, java.version: &apos;1.8.0_362&apos;
Driver info: com.kms.katalon.selenium.driver.CRemoteWebDriver
Capabilities {appium:deviceName: iPhone_14_Pro_real_us, appiumData: {appiumVersion: 1.22.2, automationName: XCUITest}, automationName: XCUITest, browserName: safari, browserVersion: latest, databaseEnabled: false, deviceContextId: 108c8f1b-c6da-43b8-b5b3-3be..., deviceName: 00008120-000A2C202E0B401E, javascriptEnabled: true, jobUuid: 33b86956b2224b84963cd7e38af..., katalon:option: {apiKey: 71bc3dda-0dca-4ef8-bf5b-eba..., class: com.katalon.testcloud.grid...., deviceId: apple_iphone_14_pro, deviceVersion: 16.5.1, group: eb1bcca9-4f33-4203-ae23-adf..., organizationId: 1221318, runFromTestCloud: true, teamId: 1170312, tenant: KatalonStudio, tunnelMetadataId: dc092cbc-975b-4edc-acb4-46a..., unlimitedExecutionMinutes: true, userId: 1243919, usingTunnel: true}, locationContextEnabled: false, networkConnectionEnabled: false, orientation: PORTRAIT, platform: IOS, platformName: IOS, platformVersion: 16.5.1, proxy: Proxy(pac: http://tunnel-ma..., requestId: acd22405-d7df-46bf-9d1d-573..., sauce:options: {build: TestCloud Automated Test Se..., commandTimeouts: 60000, name: TestCloud Automated Test Se..., realDevice: true, tunnelIdentifier: acd22405-d7df-46bf-9d1d-573...}, takesScreenshot: true, testobject_device: iPhone_14_Pro_real_us, testobject_device_name: iPhone 14 Pro, testobject_device_session_id: 731688e5-8823-45dd-a8f0-715..., testobject_test_report_api_url: https://api.us-west-1.*****..., testobject_test_report_url: https://app.*********.com/t..., testobject_user_id: coty_katalon, udid: 00008120-000A2C202E0B401E, usedCachedDevice: false, version: latest, webDriverAgentUrl: http://127.0.0.1:5723, webStorageEnabled: false}
Session ID: 77a5a5c6-f117-4b70-bee7-4b6a3b05ea81</property>
</record>
<record>
  <date>2023-07-26T19:00:06</date>
  <millis>1690378206512</millis>
  <sequence>115</sequence>
  <level>END</level>
  <class>com.kms.katalon.core.logging.XmlKeywordLogger</class>
  <method>endKeyword</method>
  <thread>1</thread>
  <message>End action : maximizeWindow()</message>
  <nestedLevel>1</nestedLevel>
  <escapedJava>false</escapedJava>
</record>
<record>
  <date>2023-07-26T19:00:06</date>
  <millis>1690378206512</millis>
  <sequence>118</sequence>
  <level>FAILED</level>
  <class>com.kms.katalon.core.logging.XmlKeywordLogger</class>
  <method>logMessage</method>
  <thread>1</thread>
  <message>Test Cases/TestTunnel4Demoqa FAILED.
Reason:
com.kms.katalon.core.exception.StepFailedException: Unable to maximize current window
	at com.kms.katalon.core.webui.keyword.internal.WebUIKeywordMain.stepFailed(WebUIKeywordMain.groovy:64)
	at com.kms.katalon.core.webui.keyword.internal.WebUIKeywordMain.runKeyword(WebUIKeywordMain.groovy:26)
	at com.kms.katalon.core.webui.keyword.builtin.MaximizeWindowKeyword.maximizeWindow(MaximizeWindowKeyword.groovy:74)
	at com.kms.katalon.core.webui.keyword.builtin.MaximizeWindowKeyword.execute(MaximizeWindowKeyword.groovy:69)
	at com.kms.katalon.core.keyword.internal.KeywordExecutor.executeKeywordForPlatform(KeywordExecutor.groovy:74)
	at com.kms.katalon.core.webui.keyword.WebUiBuiltInKeywords.maximizeWindow(WebUiBuiltInKeywords.groovy:283)
	at com.kms.katalon.core.webui.keyword.WebUiBuiltInKeywords$maximizeWindow$0.call(Unknown Source)
	at TestTunnel4Demoqa.run(TestTunnel4Demoqa:22)
	at com.kms.katalon.core.main.ScriptEngine.run(ScriptEngine.java:194)
	at com.kms.katalon.core.main.ScriptEngine.runScriptAsRawText(ScriptEngine.java:119)
	at com.kms.katalon.core.main.TestCaseExecutor.runScript(TestCaseExecutor.java:448)
	at com.kms.katalon.core.main.TestCaseExecutor.doExecute(TestCaseExecutor.java:439)
	at com.kms.katalon.core.main.TestCaseExecutor.processExecutionPhase(TestCaseExecutor.java:418)
	at com.kms.katalon.core.main.TestCaseExecutor.accessMainPhase(TestCaseExecutor.java:410)
	at com.kms.katalon.core.main.TestCaseExecutor.execute(TestCaseExecutor.java:285)
	at com.kms.katalon.core.main.TestCaseExecutor.execute(TestCaseExecutor.java:369)
	at com.kms.katalon.core.main.TestCaseExecutor.execute(TestCaseExecutor.java:369)
	at com.kms.katalon.core.common.CommonExecutor.accessTestCaseMainPhase(CommonExecutor.java:65)
	at com.kms.katalon.core.main.TestSuiteExecutor.accessTestSuiteMainPhase(TestSuiteExecutor.java:148)
	at com.kms.katalon.core.main.TestSuiteExecutor.execute(TestSuiteExecutor.java:106)
	at com.kms.katalon.core.main.TestCaseMain.startTestSuite(TestCaseMain.java:187)
	at com.kms.katalon.core.main.TestCaseMain$startTestSuite$0.call(Unknown Source)
	at TempTestSuite1690377867365.run(TempTestSuite1690377867365.groovy:36)
Caused by: org.openqa.selenium.UnsupportedCommandException: Method has not yet been implemented
Build info: version: &amp;apos;3.141.59&amp;apos;, revision: &amp;apos;e82be7d358&amp;apos;, time: &amp;apos;2018-11-14T08:25:53&amp;apos;
System info: host: &amp;apos;INBL01LAP31245&amp;apos;, ip: &amp;apos;192.168.1.5&amp;apos;, os.name: &amp;apos;Windows 11&amp;apos;, os.arch: &amp;apos;amd64&amp;apos;, os.version: &amp;apos;10.0&amp;apos;, java.version: &amp;apos;1.8.0_362&amp;apos;
Driver info: com.kms.katalon.selenium.driver.CRemoteWebDriver
Capabilities {appium:deviceName: iPhone_14_Pro_real_us, appiumData: {appiumVersion: 1.22.2, automationName: XCUITest}, automationName: XCUITest, browserName: safari, browserVersion: latest, databaseEnabled: false, deviceContextId: 108c8f1b-c6da-43b8-b5b3-3be..., deviceName: 00008120-000A2C202E0B401E, javascriptEnabled: true, jobUuid: 33b86956b2224b84963cd7e38af..., katalon:option: {apiKey: 71bc3dda-0dca-4ef8-bf5b-eba..., class: com.katalon.testcloud.grid...., deviceId: apple_iphone_14_pro, deviceVersion: 16.5.1, group: eb1bcca9-4f33-4203-ae23-adf..., organizationId: 1221318, runFromTestCloud: true, teamId: 1170312, tenant: KatalonStudio, tunnelMetadataId: dc092cbc-975b-4edc-acb4-46a..., unlimitedExecutionMinutes: true, userId: 1243919, usingTunnel: true}, locationContextEnabled: false, networkConnectionEnabled: false, orientation: PORTRAIT, platform: IOS, platformName: IOS, platformVersion: 16.5.1, proxy: Proxy(pac: http://tunnel-ma..., requestId: acd22405-d7df-46bf-9d1d-573..., sauce:options: {build: TestCloud Automated Test Se..., commandTimeouts: 60000, name: TestCloud Automated Test Se..., realDevice: true, tunnelIdentifier: acd22405-d7df-46bf-9d1d-573...}, takesScreenshot: true, testobject_device: iPhone_14_Pro_real_us, testobject_device_name: iPhone 14 Pro, testobject_device_session_id: 731688e5-8823-45dd-a8f0-715..., testobject_test_report_api_url: https://api.us-west-1.*****..., testobject_test_report_url: https://app.*********.com/t..., testobject_user_id: coty_katalon, udid: 00008120-000A2C202E0B401E, usedCachedDevice: false, version: latest, webDriverAgentUrl: http://127.0.0.1:5723, webStorageEnabled: false}
Session ID: 77a5a5c6-f117-4b70-bee7-4b6a3b05ea81
	at org.openqa.selenium.remote.http.W3CHttpResponseCodec.createException(W3CHttpResponseCodec.java:187)
	at org.openqa.selenium.remote.http.W3CHttpResponseCodec.decode(W3CHttpResponseCodec.java:122)
	at org.openqa.selenium.remote.http.W3CHttpResponseCodec.decode(W3CHttpResponseCodec.java:49)
	at org.openqa.selenium.remote.HttpCommandExecutor.execute(HttpCommandExecutor.java:158)
	at org.openqa.selenium.remote.RemoteWebDriver.execute(RemoteWebDriver.java:552)
	at com.kms.katalon.selenium.driver.CRemoteWebDriver.execute(CRemoteWebDriver.java:30)
	at org.openqa.selenium.remote.RemoteWebDriver.execute(RemoteWebDriver.java:609)
	at org.openqa.selenium.remote.RemoteWebDriver$RemoteWebDriverOptions$RemoteWindow.maximize(RemoteWebDriver.java:837)
	at org.openqa.selenium.support.events.EventFiringWebDriver$EventFiringWindow.maximize(EventFiringWebDriver.java:769)
	at com.kms.katalon.core.webui.keyword.builtin.MaximizeWindowKeyword$_maximizeWindow_closure1.doCall(MaximizeWindowKeyword.groovy:85)
	at com.kms.katalon.core.webui.keyword.builtin.MaximizeWindowKeyword$_maximizeWindow_closure1.call(MaximizeWindowKeyword.groovy)
	at com.kms.katalon.core.webui.keyword.internal.WebUIKeywordMain.runKeyword(WebUIKeywordMain.groovy:20)
	... 21 more
</message>
  <exception>
    <message>com.kms.katalon.core.exception.StepFailedException: Unable to maximize current window</message>
    <frame>
      <class>com.kms.katalon.core.webui.keyword.internal.WebUIKeywordMain</class>
      <method>stepFailed</method>
      <line>64</line>
    </frame>
    <frame>
      <class>com.kms.katalon.core.webui.keyword.internal.WebUIKeywordMain</class>
      <method>runKeyword</method>
      <line>26</line>
    </frame>
    <frame>
      <class>com.kms.katalon.core.webui.keyword.builtin.MaximizeWindowKeyword</class>
      <method>maximizeWindow</method>
      <line>74</line>
    </frame>
    <frame>
      <class>com.kms.katalon.core.webui.keyword.builtin.MaximizeWindowKeyword</class>
      <method>execute</method>
      <line>69</line>
    </frame>
    <frame>
      <class>com.kms.katalon.core.keyword.internal.KeywordExecutor</class>
      <method>executeKeywordForPlatform</method>
      <line>74</line>
    </frame>
    <frame>
      <class>com.kms.katalon.core.webui.keyword.WebUiBuiltInKeywords</class>
      <method>maximizeWindow</method>
      <line>283</line>
    </frame>
    <frame>
      <class>com.kms.katalon.core.webui.keyword.WebUiBuiltInKeywords$maximizeWindow$0</class>
      <method>call</method>
    </frame>
    <frame>
      <class>TestTunnel4Demoqa</class>
      <method>run</method>
      <line>22</line>
    </frame>
    <frame>
      <class>com.kms.katalon.core.main.ScriptEngine</class>
      <method>run</method>
      <line>194</line>
    </frame>
    <frame>
      <class>com.kms.katalon.core.main.ScriptEngine</class>
      <method>runScriptAsRawText</method>
      <line>119</line>
    </frame>
    <frame>
      <class>com.kms.katalon.core.main.TestCaseExecutor</class>
      <method>runScript</method>
      <line>448</line>
    </frame>
    <frame>
      <class>com.kms.katalon.core.main.TestCaseExecutor</class>
      <method>doExecute</method>
      <line>439</line>
    </frame>
    <frame>
      <class>com.kms.katalon.core.main.TestCaseExecutor</class>
      <method>processExecutionPhase</method>
      <line>418</line>
    </frame>
    <frame>
      <class>com.kms.katalon.core.main.TestCaseExecutor</class>
      <method>accessMainPhase</method>
      <line>410</line>
    </frame>
    <frame>
      <class>com.kms.katalon.core.main.TestCaseExecutor</class>
      <method>execute</method>
      <line>285</line>
    </frame>
    <frame>
      <class>com.kms.katalon.core.main.TestCaseExecutor</class>
      <method>execute</method>
      <line>369</line>
    </frame>
    <frame>
      <class>com.kms.katalon.core.main.TestCaseExecutor</class>
      <method>execute</method>
      <line>369</line>
    </frame>
    <frame>
      <class>com.kms.katalon.core.common.CommonExecutor</class>
      <method>accessTestCaseMainPhase</method>
      <line>65</line>
    </frame>
    <frame>
      <class>com.kms.katalon.core.main.TestSuiteExecutor</class>
      <method>accessTestSuiteMainPhase</method>
      <line>148</line>
    </frame>
    <frame>
      <class>com.kms.katalon.core.main.TestSuiteExecutor</class>
      <method>execute</method>
      <line>106</line>
    </frame>
    <frame>
      <class>com.kms.katalon.core.main.TestCaseMain</class>
      <method>startTestSuite</method>
      <line>187</line>
    </frame>
    <frame>
      <class>com.kms.katalon.core.main.TestCaseMain$startTestSuite$0</class>
      <method>call</method>
    </frame>
    <frame>
      <class>TempTestSuite1690377867365</class>
      <method>run</method>
      <line>36</line>
    </frame>
  </exception>
  <nestedLevel>0</nestedLevel>
  <escapedJava>false</escapedJava>
  <property name="failed.exception.stacktrace">org.openqa.selenium.UnsupportedCommandException: Method has not yet been implemented
Build info: version: &apos;3.141.59&apos;, revision: &apos;e82be7d358&apos;, time: &apos;2018-11-14T08:25:53&apos;
System info: host: &apos;INBL01LAP31245&apos;, ip: &apos;192.168.1.5&apos;, os.name: &apos;Windows 11&apos;, os.arch: &apos;amd64&apos;, os.version: &apos;10.0&apos;, java.version: &apos;1.8.0_362&apos;
Driver info: com.kms.katalon.selenium.driver.CRemoteWebDriver
Capabilities {appium:deviceName: iPhone_14_Pro_real_us, appiumData: {appiumVersion: 1.22.2, automationName: XCUITest}, automationName: XCUITest, browserName: safari, browserVersion: latest, databaseEnabled: false, deviceContextId: 108c8f1b-c6da-43b8-b5b3-3be..., deviceName: 00008120-000A2C202E0B401E, javascriptEnabled: true, jobUuid: 33b86956b2224b84963cd7e38af..., katalon:option: {apiKey: 71bc3dda-0dca-4ef8-bf5b-eba..., class: com.katalon.testcloud.grid...., deviceId: apple_iphone_14_pro, deviceVersion: 16.5.1, group: eb1bcca9-4f33-4203-ae23-adf..., organizationId: 1221318, runFromTestCloud: true, teamId: 1170312, tenant: KatalonStudio, tunnelMetadataId: dc092cbc-975b-4edc-acb4-46a..., unlimitedExecutionMinutes: true, userId: 1243919, usingTunnel: true}, locationContextEnabled: false, networkConnectionEnabled: false, orientation: PORTRAIT, platform: IOS, platformName: IOS, platformVersion: 16.5.1, proxy: Proxy(pac: http://tunnel-ma..., requestId: acd22405-d7df-46bf-9d1d-573..., sauce:options: {build: TestCloud Automated Test Se..., commandTimeouts: 60000, name: TestCloud Automated Test Se..., realDevice: true, tunnelIdentifier: acd22405-d7df-46bf-9d1d-573...}, takesScreenshot: true, testobject_device: iPhone_14_Pro_real_us, testobject_device_name: iPhone 14 Pro, testobject_device_session_id: 731688e5-8823-45dd-a8f0-715..., testobject_test_report_api_url: https://api.us-west-1.*****..., testobject_test_report_url: https://app.*********.com/t..., testobject_user_id: coty_katalon, udid: 00008120-000A2C202E0B401E, usedCachedDevice: false, version: latest, webDriverAgentUrl: http://127.0.0.1:5723, webStorageEnabled: false}
Session ID: 77a5a5c6-f117-4b70-bee7-4b6a3b05ea81
	at org.openqa.selenium.remote.http.W3CHttpResponseCodec.createException(W3CHttpResponseCodec.java:187)
	at org.openqa.selenium.remote.http.W3CHttpResponseCodec.decode(W3CHttpResponseCodec.java:122)
	at org.openqa.selenium.remote.http.W3CHttpResponseCodec.decode(W3CHttpResponseCodec.java:49)
	at org.openqa.selenium.remote.HttpCommandExecutor.execute(HttpCommandExecutor.java:158)
	at org.openqa.selenium.remote.RemoteWebDriver.execute(RemoteWebDriver.java:552)
	at com.kms.katalon.selenium.driver.CRemoteWebDriver.execute(CRemoteWebDriver.java:30)
	at org.openqa.selenium.remote.RemoteWebDriver.execute(RemoteWebDriver.java:609)
	at org.openqa.selenium.remote.RemoteWebDriver$RemoteWebDriverOptions$RemoteWindow.maximize(RemoteWebDriver.java:837)
	at org.openqa.selenium.support.events.EventFiringWebDriver$EventFiringWindow.maximize(EventFiringWebDriver.java:769)
	at com.kms.katalon.core.webui.keyword.builtin.MaximizeWindowKeyword$_maximizeWindow_closure1.doCall(MaximizeWindowKeyword.groovy:85)
	at com.kms.katalon.core.webui.keyword.builtin.MaximizeWindowKeyword$_maximizeWindow_closure1.call(MaximizeWindowKeyword.groovy)
	at com.kms.katalon.core.webui.keyword.internal.WebUIKeywordMain.runKeyword(WebUIKeywordMain.groovy:20)
	at com.kms.katalon.core.webui.keyword.builtin.MaximizeWindowKeyword.maximizeWindow(MaximizeWindowKeyword.groovy:74)
	at com.kms.katalon.core.webui.keyword.builtin.MaximizeWindowKeyword.execute(MaximizeWindowKeyword.groovy:69)
	at com.kms.katalon.core.keyword.internal.KeywordExecutor.executeKeywordForPlatform(KeywordExecutor.groovy:74)
	at com.kms.katalon.core.webui.keyword.WebUiBuiltInKeywords.maximizeWindow(WebUiBuiltInKeywords.groovy:283)
	at com.kms.katalon.core.webui.keyword.WebUiBuiltInKeywords$maximizeWindow$0.call(Unknown Source)
	at TestTunnel4Demoqa.run(TestTunnel4Demoqa:22)
	at com.kms.katalon.core.main.ScriptEngine.run(ScriptEngine.java:194)
	at com.kms.katalon.core.main.ScriptEngine.runScriptAsRawText(ScriptEngine.java:119)
	at com.kms.katalon.core.main.TestCaseExecutor.runScript(TestCaseExecutor.java:448)
	at com.kms.katalon.core.main.TestCaseExecutor.doExecute(TestCaseExecutor.java:439)
	at com.kms.katalon.core.main.TestCaseExecutor.processExecutionPhase(TestCaseExecutor.java:418)
	at com.kms.katalon.core.main.TestCaseExecutor.accessMainPhase(TestCaseExecutor.java:410)
	at com.kms.katalon.core.main.TestCaseExecutor.execute(TestCaseExecutor.java:285)
	at com.kms.katalon.core.main.TestCaseExecutor.execute(TestCaseExecutor.java:369)
	at com.kms.katalon.core.main.TestCaseExecutor.execute(TestCaseExecutor.java:369)
	at com.kms.katalon.core.common.CommonExecutor.accessTestCaseMainPhase(CommonExecutor.java:65)
	at com.kms.katalon.core.main.TestSuiteExecutor.accessTestSuiteMainPhase(TestSuiteExecutor.java:148)
	at com.kms.katalon.core.main.TestSuiteExecutor.execute(TestSuiteExecutor.java:106)
	at com.kms.katalon.core.main.TestCaseMain.startTestSuite(TestCaseMain.java:187)
	at com.kms.katalon.core.main.TestCaseMain$startTestSuite$0.call(Unknown Source)
	at TempTestSuite1690377867365.run(TempTestSuite1690377867365.groovy:36)
</property>
  <property name="failed.exception.class">org.openqa.selenium.UnsupportedCommandException</property>
  <property name="failed.exception.message">Method has not yet been implemented
Build info: version: &apos;3.141.59&apos;, revision: &apos;e82be7d358&apos;, time: &apos;2018-11-14T08:25:53&apos;
System info: host: &apos;INBL01LAP31245&apos;, ip: &apos;192.168.1.5&apos;, os.name: &apos;Windows 11&apos;, os.arch: &apos;amd64&apos;, os.version: &apos;10.0&apos;, java.version: &apos;1.8.0_362&apos;
Driver info: com.kms.katalon.selenium.driver.CRemoteWebDriver
Capabilities {appium:deviceName: iPhone_14_Pro_real_us, appiumData: {appiumVersion: 1.22.2, automationName: XCUITest}, automationName: XCUITest, browserName: safari, browserVersion: latest, databaseEnabled: false, deviceContextId: 108c8f1b-c6da-43b8-b5b3-3be..., deviceName: 00008120-000A2C202E0B401E, javascriptEnabled: true, jobUuid: 33b86956b2224b84963cd7e38af..., katalon:option: {apiKey: 71bc3dda-0dca-4ef8-bf5b-eba..., class: com.katalon.testcloud.grid...., deviceId: apple_iphone_14_pro, deviceVersion: 16.5.1, group: eb1bcca9-4f33-4203-ae23-adf..., organizationId: 1221318, runFromTestCloud: true, teamId: 1170312, tenant: KatalonStudio, tunnelMetadataId: dc092cbc-975b-4edc-acb4-46a..., unlimitedExecutionMinutes: true, userId: 1243919, usingTunnel: true}, locationContextEnabled: false, networkConnectionEnabled: false, orientation: PORTRAIT, platform: IOS, platformName: IOS, platformVersion: 16.5.1, proxy: Proxy(pac: http://tunnel-ma..., requestId: acd22405-d7df-46bf-9d1d-573..., sauce:options: {build: TestCloud Automated Test Se..., commandTimeouts: 60000, name: TestCloud Automated Test Se..., realDevice: true, tunnelIdentifier: acd22405-d7df-46bf-9d1d-573...}, takesScreenshot: true, testobject_device: iPhone_14_Pro_real_us, testobject_device_name: iPhone 14 Pro, testobject_device_session_id: 731688e5-8823-45dd-a8f0-715..., testobject_test_report_api_url: https://api.us-west-1.*****..., testobject_test_report_url: https://app.*********.com/t..., testobject_user_id: coty_katalon, udid: 00008120-000A2C202E0B401E, usedCachedDevice: false, version: latest, webDriverAgentUrl: http://127.0.0.1:5723, webStorageEnabled: false}
Session ID: 77a5a5c6-f117-4b70-bee7-4b6a3b05ea81</property>
</record>
<record>
  <date>2023-07-26T19:00:06</date>
  <millis>1690378206517</millis>
  <sequence>120</sequence>
  <level>END</level>
  <class>com.kms.katalon.core.logging.XmlKeywordLogger</class>
  <method>endTest</method>
  <thread>1</thread>
  <message>End Test Case : Test Cases/TestTunnel4Demoqa</message>
  <nestedLevel>0</nestedLevel>
  <escapedJava>false</escapedJava>
  <property name="executionBindingVariables">[]</property>
  <property name="applitools">false</property>
  <property name="remainingRetryCount">1</property>
  <property name="currentRetryCount">2</property>
  <property name="keywordsUsage">{
  &quot;web_ui&quot;: true,
  &quot;web_service&quot;: false,
  &quot;cucumber&quot;: false,
  &quot;builtin&quot;: false,
  &quot;mobile&quot;: false,
  &quot;windows&quot;: false,
  &quot;testng&quot;: false
}</property>
</record>
<record>
  <date>2023-07-26T19:00:06</date>
  <millis>1690378206518</millis>
  <sequence>121</sequence>
  <level>START</level>
  <class>com.kms.katalon.core.logging.XmlKeywordLogger</class>
  <method>startTest</method>
  <thread>1</thread>
  <message>Start Test Case : Test Cases/TestTunnel4Demoqa</message>
  <nestedLevel>1</nestedLevel>
  <escapedJava>false</escapedJava>
  <property name="remainingRetryCount">0</property>
  <property name="name">Test Cases/TestTunnel4Demoqa</property>
  <property name="description"></property>
  <property name="iteration"></property>
  <property name="id">Test Cases/TestTunnel4Demoqa</property>
  <property name="source">C:\Users\satyasai.samoju\git\TestTunnel_Pratice_Repo\Test Cases\TestTunnel4Demoqa.tc</property>
  <property name="tag"></property>
  <property name="isOptional">false</property>
  <property name="currentRetryCount">3</property>
</record>
<record>
  <date>2023-07-26T19:00:06</date>
  <millis>1690378206543</millis>
  <sequence>123</sequence>
  <level>START</level>
  <class>com.kms.katalon.core.logging.XmlKeywordLogger</class>
  <method>startKeyword</method>
  <thread>1</thread>
  <message>Start action : openBrowser(&amp;quot;&amp;quot;)</message>
  <nestedLevel>1</nestedLevel>
  <escapedJava>false</escapedJava>
  <property name="startLine">20</property>
  <property name="stepIndex">1</property>
</record>
<record>
  <date>2023-07-26T19:00:06</date>
  <millis>1690378206545</millis>
  <sequence>125</sequence>
  <level>WARNING</level>
  <class>com.kms.katalon.core.logging.XmlKeywordLogger</class>
  <method>logMessage</method>
  <thread>1</thread>
  <message>A browser is already opened. Closing browser and opening a new one</message>
  <nestedLevel>1</nestedLevel>
  <escapedJava>false</escapedJava>
</record>
<record>
  <date>2023-07-26T19:00:10</date>
  <millis>1690378210151</millis>
  <sequence>126</sequence>
  <level>INFO</level>
  <class>com.kms.katalon.core.logging.XmlKeywordLogger</class>
  <method>logMessage</method>
  <thread>1</thread>
  <message>User set preference: [&amp;apos;browserName&amp;apos;, &amp;apos;safari&amp;apos;]</message>
  <nestedLevel>1</nestedLevel>
  <escapedJava>false</escapedJava>
</record>
<record>
  <date>2023-07-26T19:00:10</date>
  <millis>1690378210164</millis>
  <sequence>127</sequence>
  <level>INFO</level>
  <class>com.kms.katalon.core.logging.XmlKeywordLogger</class>
  <method>logMessage</method>
  <thread>1</thread>
  <message>User set preference: [&amp;apos;platformName&amp;apos;, &amp;apos;iOS&amp;apos;]</message>
  <nestedLevel>1</nestedLevel>
  <escapedJava>false</escapedJava>
</record>
<record>
  <date>2023-07-26T19:00:10</date>
  <millis>1690378210165</millis>
  <sequence>128</sequence>
  <level>INFO</level>
  <class>com.kms.katalon.core.logging.XmlKeywordLogger</class>
  <method>logMessage</method>
  <thread>1</thread>
  <message>User set preference: [&amp;apos;browserVersion&amp;apos;, &amp;apos;latest&amp;apos;]</message>
  <nestedLevel>1</nestedLevel>
  <escapedJava>false</escapedJava>
</record>
<record>
  <date>2023-07-26T19:00:10</date>
  <millis>1690378210165</millis>
  <sequence>129</sequence>
  <level>INFO</level>
  <class>com.kms.katalon.core.logging.XmlKeywordLogger</class>
  <method>logMessage</method>
  <thread>1</thread>
  <message>User set preference: [&amp;apos;deviceName&amp;apos;, &amp;apos;iPhone iPhone 14 Pro&amp;apos;]</message>
  <nestedLevel>1</nestedLevel>
  <escapedJava>false</escapedJava>
</record>
<record>
  <date>2023-07-26T19:00:10</date>
  <millis>1690378210166</millis>
  <sequence>130</sequence>
  <level>INFO</level>
  <class>com.kms.katalon.core.logging.XmlKeywordLogger</class>
  <method>logMessage</method>
  <thread>1</thread>
  <message>User set preference: [&amp;apos;platformVersion&amp;apos;, &amp;apos;16.5.1&amp;apos;]</message>
  <nestedLevel>1</nestedLevel>
  <escapedJava>false</escapedJava>
</record>
<record>
  <date>2023-07-26T19:00:10</date>
  <millis>1690378210166</millis>
  <sequence>131</sequence>
  <level>INFO</level>
  <class>com.kms.katalon.core.logging.XmlKeywordLogger</class>
  <method>logMessage</method>
  <thread>1</thread>
  <message>User set preference: [&amp;apos;deviceId&amp;apos;, &amp;apos;apple_iphone_14_pro&amp;apos;]</message>
  <nestedLevel>1</nestedLevel>
  <escapedJava>false</escapedJava>
</record>
<record>
  <date>2023-07-26T19:00:10</date>
  <millis>1690378210166</millis>
  <sequence>132</sequence>
  <level>INFO</level>
  <class>com.kms.katalon.core.logging.XmlKeywordLogger</class>
  <method>logMessage</method>
  <thread>1</thread>
  <message>User set preference: [&amp;apos;katalon:option&amp;apos;, &amp;apos;{organizationId=1221318, tunnelId=dc092cbc-975b-4edc-acb4-46a8e236a020, deviceVersion=16.5.1, deviceId=apple_iphone_14_pro, usingTunnel=true}&amp;apos;]</message>
  <nestedLevel>1</nestedLevel>
  <escapedJava>false</escapedJava>
</record>
<record>
  <date>2023-07-26T19:00:10</date>
  <millis>1690378210166</millis>
  <sequence>133</sequence>
  <level>INFO</level>
  <class>com.kms.katalon.core.logging.XmlKeywordLogger</class>
  <method>logMessage</method>
  <thread>1</thread>
  <message>Connecting to remote web server &amp;apos;testcloud.katalon.com/hub&amp;apos; with type &amp;apos;Selenium&amp;apos;</message>
  <nestedLevel>1</nestedLevel>
  <escapedJava>false</escapedJava>
</record>
<record>
  <date>2023-07-26T19:00:10</date>
  <millis>1690378210166</millis>
  <sequence>134</sequence>
  <level>INFO</level>
  <class>com.kms.katalon.core.logging.XmlKeywordLogger</class>
  <method>logMessage</method>
  <thread>1</thread>
  <message>Action delay is set to 0 milliseconds</message>
  <nestedLevel>1</nestedLevel>
  <escapedJava>false</escapedJava>
</record>
<record>
  <date>2023-07-26T19:01:24</date>
  <millis>1690378284613</millis>
  <sequence>136</sequence>
  <level>RUN_DATA</level>
  <class>com.kms.katalon.core.logging.XmlKeywordLogger</class>
  <method>logMessage</method>
  <thread>1</thread>
  <message>remoteDriverUrl = testcloud.katalon.com/hub</message>
  <nestedLevel>1</nestedLevel>
  <escapedJava>false</escapedJava>
  <property name="remoteDriverUrl">testcloud.katalon.com/hub</property>
</record>
<record>
  <date>2023-07-26T19:01:24</date>
  <millis>1690378284614</millis>
  <sequence>137</sequence>
  <level>RUN_DATA</level>
  <class>com.kms.katalon.core.logging.XmlKeywordLogger</class>
  <method>logMessage</method>
  <thread>1</thread>
  <message>remoteOS = iOS</message>
  <nestedLevel>1</nestedLevel>
  <escapedJava>false</escapedJava>
  <property name="remoteOS">iOS</property>
</record>
<record>
  <date>2023-07-26T19:01:24</date>
  <millis>1690378284615</millis>
  <sequence>138</sequence>
  <level>RUN_DATA</level>
  <class>com.kms.katalon.core.logging.XmlKeywordLogger</class>
  <method>logMessage</method>
  <thread>1</thread>
  <message>desiredCapabilities = {
  &amp;quot;testobject_user_id&amp;quot;: &amp;quot;coty_katalon&amp;quot;,
  &amp;quot;testobject_test_report_url&amp;quot;: &amp;quot;https://app.*********.com/tests/ad23dc4555d34ff5aeed47c275cfd468&amp;quot;,
  &amp;quot;testobject_device_name&amp;quot;: &amp;quot;iPhone 14 Pro&amp;quot;,
  &amp;quot;testobject_device_session_id&amp;quot;: &amp;quot;bf04fa89-2521-46d0-89c6-7fe6769af518&amp;quot;,
  &amp;quot;deviceName&amp;quot;: &amp;quot;iPhone iPhone 14 Pro&amp;quot;,
  &amp;quot;platform&amp;quot;: &amp;quot;IOS&amp;quot;,
  &amp;quot;***:options&amp;quot;: {
    &amp;quot;name&amp;quot;: &amp;quot;TestCloud Automated Test Session &amp;quot;,
    &amp;quot;realDevice&amp;quot;: true,
    &amp;quot;tunnelIdentifier&amp;quot;: &amp;quot;e47cbfd3-64a6-406b-a328-5d77d8b62d4b&amp;quot;,
    &amp;quot;build&amp;quot;: &amp;quot;TestCloud Automated Test Session &amp;quot;,
    &amp;quot;commandTimeouts&amp;quot;: &amp;quot;60000&amp;quot;
  },
  &amp;quot;webDriverAgentUrl&amp;quot;: &amp;quot;http://127.0.0.1:5701&amp;quot;,
  &amp;quot;jobUuid&amp;quot;: &amp;quot;ad23dc4555d34ff5aeed47c275cfd468&amp;quot;,
  &amp;quot;requestId&amp;quot;: &amp;quot;e47cbfd3-64a6-406b-a328-5d77d8b62d4b&amp;quot;,
  &amp;quot;browserVersion&amp;quot;: &amp;quot;16&amp;quot;,
  &amp;quot;platformVersion&amp;quot;: &amp;quot;16.5.1&amp;quot;,
  &amp;quot;automationName&amp;quot;: &amp;quot;XCUITest&amp;quot;,
  &amp;quot;webStorageEnabled&amp;quot;: false,
  &amp;quot;browserName&amp;quot;: &amp;quot;safari&amp;quot;,
  &amp;quot;takesScreenshot&amp;quot;: true,
  &amp;quot;javascriptEnabled&amp;quot;: true,
  &amp;quot;katalon:option&amp;quot;: {
    &amp;quot;unlimitedExecutionMinutes&amp;quot;: true,
    &amp;quot;apiKey&amp;quot;: &amp;quot;71bc3dda-0dca-4ef8-bf5b-ebadbcb77988&amp;quot;,
    &amp;quot;tunnelMetadataId&amp;quot;: &amp;quot;dc092cbc-975b-4edc-acb4-46a8e236a020&amp;quot;,
    &amp;quot;deviceVersion&amp;quot;: &amp;quot;16.5.1&amp;quot;,
    &amp;quot;deviceId&amp;quot;: &amp;quot;apple_iphone_14_pro&amp;quot;,
    &amp;quot;userId&amp;quot;: 1243919,
    &amp;quot;organizationId&amp;quot;: &amp;quot;1221318&amp;quot;,
    &amp;quot;teamId&amp;quot;: &amp;quot;1170312&amp;quot;,
    &amp;quot;class&amp;quot;: &amp;quot;com.katalon.testcloud.grid.common.tunnel.domain.UserOptionCapability&amp;quot;,
    &amp;quot;runFromTestCloud&amp;quot;: true,
    &amp;quot;tenant&amp;quot;: &amp;quot;KatalonStudio&amp;quot;,
    &amp;quot;usingTunnel&amp;quot;: true,
    &amp;quot;group&amp;quot;: &amp;quot;eb1bcca9-4f33-4203-ae23-adf0465a52ce&amp;quot;
  },
  &amp;quot;platformName&amp;quot;: &amp;quot;IOS&amp;quot;,
  &amp;quot;udid&amp;quot;: &amp;quot;00008120-0012194E01D3401E&amp;quot;,
  &amp;quot;deviceContextId&amp;quot;: &amp;quot;cea30fa1-182b-4de0-b93a-51a78d5f2750&amp;quot;,
  &amp;quot;networkConnectionEnabled&amp;quot;: false,
  &amp;quot;orientation&amp;quot;: &amp;quot;PORTRAIT&amp;quot;,
  &amp;quot;testobject_device&amp;quot;: &amp;quot;iPhone_14_Pro_real_us&amp;quot;,
  &amp;quot;databaseEnabled&amp;quot;: false,
  &amp;quot;usedCachedDevice&amp;quot;: false,
  &amp;quot;version&amp;quot;: &amp;quot;latest&amp;quot;,
  &amp;quot;proxy&amp;quot;: {
    &amp;quot;proxyType&amp;quot;: &amp;quot;PAC&amp;quot;,
    &amp;quot;autodetect&amp;quot;: false,
    &amp;quot;proxyAutoconfigUrl&amp;quot;: &amp;quot;http://tunnel-manager-internal.katalon.com/pac/dc092cbc-975b-4edc-acb4-46a8e236a020.pac&amp;quot;
  },
  &amp;quot;testobject_test_report_api_url&amp;quot;: &amp;quot;https://***.*********.com/v1/rdc/jobs/ad23dc4555d34ff5aeed47c275cfd468&amp;quot;,
  &amp;quot;appiumData&amp;quot;: {
    &amp;quot;appiumVersion&amp;quot;: &amp;quot;1.22.2&amp;quot;,
    &amp;quot;automationName&amp;quot;: &amp;quot;XCUITest&amp;quot;
  },
  &amp;quot;locationContextEnabled&amp;quot;: false,
  &amp;quot;appium:deviceName&amp;quot;: &amp;quot;iPhone_14_Pro_real_us&amp;quot;
}</message>
  <nestedLevel>1</nestedLevel>
  <escapedJava>false</escapedJava>
  <property name="desiredCapabilities">{
  &quot;testobject_user_id&quot;: &quot;coty_katalon&quot;,
  &quot;testobject_test_report_url&quot;: &quot;https://app.*********.com/tests/ad23dc4555d34ff5aeed47c275cfd468&quot;,
  &quot;testobject_device_name&quot;: &quot;iPhone 14 Pro&quot;,
  &quot;testobject_device_session_id&quot;: &quot;bf04fa89-2521-46d0-89c6-7fe6769af518&quot;,
  &quot;deviceName&quot;: &quot;iPhone iPhone 14 Pro&quot;,
  &quot;platform&quot;: &quot;IOS&quot;,
  &quot;***:options&quot;: {
    &quot;name&quot;: &quot;TestCloud Automated Test Session &quot;,
    &quot;realDevice&quot;: true,
    &quot;tunnelIdentifier&quot;: &quot;e47cbfd3-64a6-406b-a328-5d77d8b62d4b&quot;,
    &quot;build&quot;: &quot;TestCloud Automated Test Session &quot;,
    &quot;commandTimeouts&quot;: &quot;60000&quot;
  },
  &quot;webDriverAgentUrl&quot;: &quot;http://127.0.0.1:5701&quot;,
  &quot;jobUuid&quot;: &quot;ad23dc4555d34ff5aeed47c275cfd468&quot;,
  &quot;requestId&quot;: &quot;e47cbfd3-64a6-406b-a328-5d77d8b62d4b&quot;,
  &quot;browserVersion&quot;: &quot;16&quot;,
  &quot;platformVersion&quot;: &quot;16.5.1&quot;,
  &quot;automationName&quot;: &quot;XCUITest&quot;,
  &quot;webStorageEnabled&quot;: false,
  &quot;browserName&quot;: &quot;safari&quot;,
  &quot;takesScreenshot&quot;: true,
  &quot;javascriptEnabled&quot;: true,
  &quot;katalon:option&quot;: {
    &quot;unlimitedExecutionMinutes&quot;: true,
    &quot;apiKey&quot;: &quot;71bc3dda-0dca-4ef8-bf5b-ebadbcb77988&quot;,
    &quot;tunnelMetadataId&quot;: &quot;dc092cbc-975b-4edc-acb4-46a8e236a020&quot;,
    &quot;deviceVersion&quot;: &quot;16.5.1&quot;,
    &quot;deviceId&quot;: &quot;apple_iphone_14_pro&quot;,
    &quot;userId&quot;: 1243919,
    &quot;organizationId&quot;: &quot;1221318&quot;,
    &quot;teamId&quot;: &quot;1170312&quot;,
    &quot;class&quot;: &quot;com.katalon.testcloud.grid.common.tunnel.domain.UserOptionCapability&quot;,
    &quot;runFromTestCloud&quot;: true,
    &quot;tenant&quot;: &quot;KatalonStudio&quot;,
    &quot;usingTunnel&quot;: true,
    &quot;group&quot;: &quot;eb1bcca9-4f33-4203-ae23-adf0465a52ce&quot;
  },
  &quot;platformName&quot;: &quot;IOS&quot;,
  &quot;udid&quot;: &quot;00008120-0012194E01D3401E&quot;,
  &quot;deviceContextId&quot;: &quot;cea30fa1-182b-4de0-b93a-51a78d5f2750&quot;,
  &quot;networkConnectionEnabled&quot;: false,
  &quot;orientation&quot;: &quot;PORTRAIT&quot;,
  &quot;testobject_device&quot;: &quot;iPhone_14_Pro_real_us&quot;,
  &quot;databaseEnabled&quot;: false,
  &quot;usedCachedDevice&quot;: false,
  &quot;version&quot;: &quot;latest&quot;,
  &quot;proxy&quot;: {
    &quot;proxyType&quot;: &quot;PAC&quot;,
    &quot;autodetect&quot;: false,
    &quot;proxyAutoconfigUrl&quot;: &quot;http://tunnel-manager-internal.katalon.com/pac/dc092cbc-975b-4edc-acb4-46a8e236a020.pac&quot;
  },
  &quot;testobject_test_report_api_url&quot;: &quot;https://***.*********.com/v1/rdc/jobs/ad23dc4555d34ff5aeed47c275cfd468&quot;,
  &quot;appiumData&quot;: {
    &quot;appiumVersion&quot;: &quot;1.22.2&quot;,
    &quot;automationName&quot;: &quot;XCUITest&quot;
  },
  &quot;locationContextEnabled&quot;: false,
  &quot;appium:deviceName&quot;: &quot;iPhone_14_Pro_real_us&quot;
}</property>
</record>
<record>
  <date>2023-07-26T19:01:24</date>
  <millis>1690378284615</millis>
  <sequence>139</sequence>
  <level>RUN_DATA</level>
  <class>com.kms.katalon.core.logging.XmlKeywordLogger</class>
  <method>logMessage</method>
  <thread>1</thread>
  <message>sessionId = 5d65aa31-aa27-4c79-a21c-973f08ba870c</message>
  <nestedLevel>1</nestedLevel>
  <escapedJava>false</escapedJava>
  <property name="sessionId">5d65aa31-aa27-4c79-a21c-973f08ba870c</property>
</record>
<record>
  <date>2023-07-26T19:01:25</date>
  <millis>1690378285541</millis>
  <sequence>140</sequence>
  <level>RUN_DATA</level>
  <class>com.kms.katalon.core.logging.XmlKeywordLogger</class>
  <method>logMessage</method>
  <thread>1</thread>
  <message>browser = Safari 16</message>
  <nestedLevel>1</nestedLevel>
  <escapedJava>false</escapedJava>
  <property name="browser">Safari 16</property>
</record>
<record>
  <date>2023-07-26T19:01:25</date>
  <millis>1690378285542</millis>
  <sequence>141</sequence>
  <level>RUN_DATA</level>
  <class>com.kms.katalon.core.logging.XmlKeywordLogger</class>
  <method>logMessage</method>
  <thread>1</thread>
  <message>platform = Windows 11</message>
  <nestedLevel>1</nestedLevel>
  <escapedJava>false</escapedJava>
  <property name="platform">Windows 11</property>
</record>
<record>
  <date>2023-07-26T19:01:25</date>
  <millis>1690378285542</millis>
  <sequence>142</sequence>
  <level>RUN_DATA</level>
  <class>com.kms.katalon.core.logging.XmlKeywordLogger</class>
  <method>logMessage</method>
  <thread>1</thread>
  <message>seleniumVersion = 3.141.59</message>
  <nestedLevel>1</nestedLevel>
  <escapedJava>false</escapedJava>
  <property name="seleniumVersion">3.141.59</property>
</record>
<record>
  <date>2023-07-26T19:01:25</date>
  <millis>1690378285542</millis>
  <sequence>143</sequence>
  <level>RUN_DATA</level>
  <class>com.kms.katalon.core.logging.XmlKeywordLogger</class>
  <method>logMessage</method>
  <thread>1</thread>
  <message>proxyInformation = ProxyInformation { proxyOption=NO_PROXY, proxyServerType=HTTP, username=, password=********, proxyServerAddress=, proxyServerPort=0, executionList=&amp;quot;&amp;quot;, isApplyToDesiredCapabilities=true }</message>
  <nestedLevel>1</nestedLevel>
  <escapedJava>false</escapedJava>
  <property name="proxyInformation">ProxyInformation { proxyOption=NO_PROXY, proxyServerType=HTTP, username=, password=********, proxyServerAddress=, proxyServerPort=0, executionList=&quot;&quot;, isApplyToDesiredCapabilities=true }</property>
</record>
<record>
  <date>2023-07-26T19:01:27</date>
  <millis>1690378287312</millis>
  <sequence>144</sequence>
  <level>PASSED</level>
  <class>com.kms.katalon.core.logging.XmlKeywordLogger</class>
  <method>logMessage</method>
  <thread>1</thread>
  <message>Browser is opened with url: &amp;apos;&amp;apos;</message>
  <nestedLevel>1</nestedLevel>
  <escapedJava>false</escapedJava>
  <property name="testops-method-name">com.kms.katalon.core.webui.keyword.builtin.OpenBrowserKeyword.openBrowser</property>
  <property name="testops-execution-stacktrace"></property>
</record>
<record>
  <date>2023-07-26T19:01:27</date>
  <millis>1690378287313</millis>
  <sequence>145</sequence>
  <level>END</level>
  <class>com.kms.katalon.core.logging.XmlKeywordLogger</class>
  <method>endKeyword</method>
  <thread>1</thread>
  <message>End action : openBrowser(&amp;quot;&amp;quot;)</message>
  <nestedLevel>1</nestedLevel>
  <escapedJava>false</escapedJava>
</record>
<record>
  <date>2023-07-26T19:01:27</date>
  <millis>1690378287314</millis>
  <sequence>146</sequence>
  <level>START</level>
  <class>com.kms.katalon.core.logging.XmlKeywordLogger</class>
  <method>startKeyword</method>
  <thread>1</thread>
  <message>Start action : maximizeWindow()</message>
  <nestedLevel>1</nestedLevel>
  <escapedJava>false</escapedJava>
  <property name="startLine">22</property>
  <property name="stepIndex">2</property>
</record>
<record>
  <date>2023-07-26T19:01:39</date>
  <millis>1690378299678</millis>
  <sequence>151</sequence>
  <level>FAILED</level>
  <class>com.kms.katalon.core.logging.XmlKeywordLogger</class>
  <method>logMessage</method>
  <thread>1</thread>
  <message>Unable to maximize current window (Root cause: com.kms.katalon.core.exception.StepFailedException: Unable to maximize current window
	at com.kms.katalon.core.webui.keyword.internal.WebUIKeywordMain.stepFailed(WebUIKeywordMain.groovy:64)
	at com.kms.katalon.core.webui.keyword.internal.WebUIKeywordMain.runKeyword(WebUIKeywordMain.groovy:26)
	at com.kms.katalon.core.webui.keyword.builtin.MaximizeWindowKeyword.maximizeWindow(MaximizeWindowKeyword.groovy:74)
	at com.kms.katalon.core.webui.keyword.builtin.MaximizeWindowKeyword.execute(MaximizeWindowKeyword.groovy:69)
	at com.kms.katalon.core.keyword.internal.KeywordExecutor.executeKeywordForPlatform(KeywordExecutor.groovy:74)
	at com.kms.katalon.core.webui.keyword.WebUiBuiltInKeywords.maximizeWindow(WebUiBuiltInKeywords.groovy:283)
	at com.kms.katalon.core.webui.keyword.WebUiBuiltInKeywords$maximizeWindow$0.call(Unknown Source)
	at TestTunnel4Demoqa.run(TestTunnel4Demoqa:22)
	at com.kms.katalon.core.main.ScriptEngine.run(ScriptEngine.java:194)
	at com.kms.katalon.core.main.ScriptEngine.runScriptAsRawText(ScriptEngine.java:119)
	at com.kms.katalon.core.main.TestCaseExecutor.runScript(TestCaseExecutor.java:448)
	at com.kms.katalon.core.main.TestCaseExecutor.doExecute(TestCaseExecutor.java:439)
	at com.kms.katalon.core.main.TestCaseExecutor.processExecutionPhase(TestCaseExecutor.java:418)
	at com.kms.katalon.core.main.TestCaseExecutor.accessMainPhase(TestCaseExecutor.java:410)
	at com.kms.katalon.core.main.TestCaseExecutor.execute(TestCaseExecutor.java:285)
	at com.kms.katalon.core.main.TestCaseExecutor.execute(TestCaseExecutor.java:369)
	at com.kms.katalon.core.main.TestCaseExecutor.execute(TestCaseExecutor.java:369)
	at com.kms.katalon.core.main.TestCaseExecutor.execute(TestCaseExecutor.java:369)
	at com.kms.katalon.core.common.CommonExecutor.accessTestCaseMainPhase(CommonExecutor.java:65)
	at com.kms.katalon.core.main.TestSuiteExecutor.accessTestSuiteMainPhase(TestSuiteExecutor.java:148)
	at com.kms.katalon.core.main.TestSuiteExecutor.execute(TestSuiteExecutor.java:106)
	at com.kms.katalon.core.main.TestCaseMain.startTestSuite(TestCaseMain.java:187)
	at com.kms.katalon.core.main.TestCaseMain$startTestSuite$0.call(Unknown Source)
	at TempTestSuite1690377867365.run(TempTestSuite1690377867365.groovy:36)
Caused by: org.openqa.selenium.UnsupportedCommandException: Method has not yet been implemented
Build info: version: &amp;apos;3.141.59&amp;apos;, revision: &amp;apos;e82be7d358&amp;apos;, time: &amp;apos;2018-11-14T08:25:53&amp;apos;
System info: host: &amp;apos;INBL01LAP31245&amp;apos;, ip: &amp;apos;192.168.1.5&amp;apos;, os.name: &amp;apos;Windows 11&amp;apos;, os.arch: &amp;apos;amd64&amp;apos;, os.version: &amp;apos;10.0&amp;apos;, java.version: &amp;apos;1.8.0_362&amp;apos;
Driver info: com.kms.katalon.selenium.driver.CRemoteWebDriver
Capabilities {appium:deviceName: iPhone_14_Pro_real_us, appiumData: {appiumVersion: 1.22.2, automationName: XCUITest}, automationName: XCUITest, browserName: safari, browserVersion: latest, databaseEnabled: false, deviceContextId: cea30fa1-182b-4de0-b93a-51a..., deviceName: 00008120-0012194E01D3401E, javascriptEnabled: true, jobUuid: ad23dc4555d34ff5aeed47c275c..., katalon:option: {apiKey: 71bc3dda-0dca-4ef8-bf5b-eba..., class: com.katalon.testcloud.grid...., deviceId: apple_iphone_14_pro, deviceVersion: 16.5.1, group: eb1bcca9-4f33-4203-ae23-adf..., organizationId: 1221318, runFromTestCloud: true, teamId: 1170312, tenant: KatalonStudio, tunnelMetadataId: dc092cbc-975b-4edc-acb4-46a..., unlimitedExecutionMinutes: true, userId: 1243919, usingTunnel: true}, locationContextEnabled: false, networkConnectionEnabled: false, orientation: PORTRAIT, platform: IOS, platformName: IOS, platformVersion: 16.5.1, proxy: Proxy(pac: http://tunnel-ma..., requestId: e47cbfd3-64a6-406b-a328-5d7..., sauce:options: {build: TestCloud Automated Test Se..., commandTimeouts: 60000, name: TestCloud Automated Test Se..., realDevice: true, tunnelIdentifier: e47cbfd3-64a6-406b-a328-5d7...}, takesScreenshot: true, testobject_device: iPhone_14_Pro_real_us, testobject_device_name: iPhone 14 Pro, testobject_device_session_id: bf04fa89-2521-46d0-89c6-7fe..., testobject_test_report_api_url: https://api.us-west-1.*****..., testobject_test_report_url: https://app.*********.com/t..., testobject_user_id: coty_katalon, udid: 00008120-0012194E01D3401E, usedCachedDevice: false, version: latest, webDriverAgentUrl: http://127.0.0.1:5701, webStorageEnabled: false}
Session ID: 5d65aa31-aa27-4c79-a21c-973f08ba870c
	at org.openqa.selenium.remote.http.W3CHttpResponseCodec.createException(W3CHttpResponseCodec.java:187)
	at org.openqa.selenium.remote.http.W3CHttpResponseCodec.decode(W3CHttpResponseCodec.java:122)
	at org.openqa.selenium.remote.http.W3CHttpResponseCodec.decode(W3CHttpResponseCodec.java:49)
	at org.openqa.selenium.remote.HttpCommandExecutor.execute(HttpCommandExecutor.java:158)
	at org.openqa.selenium.remote.RemoteWebDriver.execute(RemoteWebDriver.java:552)
	at com.kms.katalon.selenium.driver.CRemoteWebDriver.execute(CRemoteWebDriver.java:30)
	at org.openqa.selenium.remote.RemoteWebDriver.execute(RemoteWebDriver.java:609)
	at org.openqa.selenium.remote.RemoteWebDriver$RemoteWebDriverOptions$RemoteWindow.maximize(RemoteWebDriver.java:837)
	at org.openqa.selenium.support.events.EventFiringWebDriver$EventFiringWindow.maximize(EventFiringWebDriver.java:769)
	at com.kms.katalon.core.webui.keyword.builtin.MaximizeWindowKeyword$_maximizeWindow_closure1.doCall(MaximizeWindowKeyword.groovy:85)
	at com.kms.katalon.core.webui.keyword.builtin.MaximizeWindowKeyword$_maximizeWindow_closure1.call(MaximizeWindowKeyword.groovy)
	at com.kms.katalon.core.webui.keyword.internal.WebUIKeywordMain.runKeyword(WebUIKeywordMain.groovy:20)
	at com.kms.katalon.core.webui.keyword.builtin.MaximizeWindowKeyword.maximizeWindow(MaximizeWindowKeyword.groovy:74)
	at com.kms.katalon.core.webui.keyword.builtin.MaximizeWindowKeyword.execute(MaximizeWindowKeyword.groovy:69)
	at com.kms.katalon.core.keyword.internal.KeywordExecutor.executeKeywordForPlatform(KeywordExecutor.groovy:74)
	at com.kms.katalon.core.webui.keyword.WebUiBuiltInKeywords.maximizeWindow(WebUiBuiltInKeywords.groovy:283)
	at com.kms.katalon.core.webui.keyword.WebUiBuiltInKeywords$maximizeWindow$0.call(Unknown Source)
	at Script1690371234682.run(Script1690371234682.groovy:22)
	... 16 more
)</message>
  <nestedLevel>1</nestedLevel>
  <escapedJava>false</escapedJava>
  <property name="failed.exception.class">org.openqa.selenium.UnsupportedCommandException</property>
  <property name="attachment">1690378288264.png</property>
  <property name="failed.exception.stacktrace">org.openqa.selenium.UnsupportedCommandException: Method has not yet been implemented
Build info: version: &apos;3.141.59&apos;, revision: &apos;e82be7d358&apos;, time: &apos;2018-11-14T08:25:53&apos;
System info: host: &apos;INBL01LAP31245&apos;, ip: &apos;192.168.1.5&apos;, os.name: &apos;Windows 11&apos;, os.arch: &apos;amd64&apos;, os.version: &apos;10.0&apos;, java.version: &apos;1.8.0_362&apos;
Driver info: com.kms.katalon.selenium.driver.CRemoteWebDriver
Capabilities {appium:deviceName: iPhone_14_Pro_real_us, appiumData: {appiumVersion: 1.22.2, automationName: XCUITest}, automationName: XCUITest, browserName: safari, browserVersion: latest, databaseEnabled: false, deviceContextId: cea30fa1-182b-4de0-b93a-51a..., deviceName: 00008120-0012194E01D3401E, javascriptEnabled: true, jobUuid: ad23dc4555d34ff5aeed47c275c..., katalon:option: {apiKey: 71bc3dda-0dca-4ef8-bf5b-eba..., class: com.katalon.testcloud.grid...., deviceId: apple_iphone_14_pro, deviceVersion: 16.5.1, group: eb1bcca9-4f33-4203-ae23-adf..., organizationId: 1221318, runFromTestCloud: true, teamId: 1170312, tenant: KatalonStudio, tunnelMetadataId: dc092cbc-975b-4edc-acb4-46a..., unlimitedExecutionMinutes: true, userId: 1243919, usingTunnel: true}, locationContextEnabled: false, networkConnectionEnabled: false, orientation: PORTRAIT, platform: IOS, platformName: IOS, platformVersion: 16.5.1, proxy: Proxy(pac: http://tunnel-ma..., requestId: e47cbfd3-64a6-406b-a328-5d7..., sauce:options: {build: TestCloud Automated Test Se..., commandTimeouts: 60000, name: TestCloud Automated Test Se..., realDevice: true, tunnelIdentifier: e47cbfd3-64a6-406b-a328-5d7...}, takesScreenshot: true, testobject_device: iPhone_14_Pro_real_us, testobject_device_name: iPhone 14 Pro, testobject_device_session_id: bf04fa89-2521-46d0-89c6-7fe..., testobject_test_report_api_url: https://api.us-west-1.*****..., testobject_test_report_url: https://app.*********.com/t..., testobject_user_id: coty_katalon, udid: 00008120-0012194E01D3401E, usedCachedDevice: false, version: latest, webDriverAgentUrl: http://127.0.0.1:5701, webStorageEnabled: false}
Session ID: 5d65aa31-aa27-4c79-a21c-973f08ba870c
	at org.openqa.selenium.remote.http.W3CHttpResponseCodec.createException(W3CHttpResponseCodec.java:187)
	at org.openqa.selenium.remote.http.W3CHttpResponseCodec.decode(W3CHttpResponseCodec.java:122)
	at org.openqa.selenium.remote.http.W3CHttpResponseCodec.decode(W3CHttpResponseCodec.java:49)
	at org.openqa.selenium.remote.HttpCommandExecutor.execute(HttpCommandExecutor.java:158)
	at org.openqa.selenium.remote.RemoteWebDriver.execute(RemoteWebDriver.java:552)
	at com.kms.katalon.selenium.driver.CRemoteWebDriver.execute(CRemoteWebDriver.java:30)
	at org.openqa.selenium.remote.RemoteWebDriver.execute(RemoteWebDriver.java:609)
	at org.openqa.selenium.remote.RemoteWebDriver$RemoteWebDriverOptions$RemoteWindow.maximize(RemoteWebDriver.java:837)
	at org.openqa.selenium.support.events.EventFiringWebDriver$EventFiringWindow.maximize(EventFiringWebDriver.java:769)
	at com.kms.katalon.core.webui.keyword.builtin.MaximizeWindowKeyword$_maximizeWindow_closure1.doCall(MaximizeWindowKeyword.groovy:85)
	at com.kms.katalon.core.webui.keyword.builtin.MaximizeWindowKeyword$_maximizeWindow_closure1.call(MaximizeWindowKeyword.groovy)
	at com.kms.katalon.core.webui.keyword.internal.WebUIKeywordMain.runKeyword(WebUIKeywordMain.groovy:20)
	at com.kms.katalon.core.webui.keyword.builtin.MaximizeWindowKeyword.maximizeWindow(MaximizeWindowKeyword.groovy:74)
	at com.kms.katalon.core.webui.keyword.builtin.MaximizeWindowKeyword.execute(MaximizeWindowKeyword.groovy:69)
	at com.kms.katalon.core.keyword.internal.KeywordExecutor.executeKeywordForPlatform(KeywordExecutor.groovy:74)
	at com.kms.katalon.core.webui.keyword.WebUiBuiltInKeywords.maximizeWindow(WebUiBuiltInKeywords.groovy:283)
	at com.kms.katalon.core.webui.keyword.WebUiBuiltInKeywords$maximizeWindow$0.call(Unknown Source)
	at TestTunnel4Demoqa.run(TestTunnel4Demoqa:22)
	at com.kms.katalon.core.main.ScriptEngine.run(ScriptEngine.java:194)
	at com.kms.katalon.core.main.ScriptEngine.runScriptAsRawText(ScriptEngine.java:119)
	at com.kms.katalon.core.main.TestCaseExecutor.runScript(TestCaseExecutor.java:448)
	at com.kms.katalon.core.main.TestCaseExecutor.doExecute(TestCaseExecutor.java:439)
	at com.kms.katalon.core.main.TestCaseExecutor.processExecutionPhase(TestCaseExecutor.java:418)
	at com.kms.katalon.core.main.TestCaseExecutor.accessMainPhase(TestCaseExecutor.java:410)
	at com.kms.katalon.core.main.TestCaseExecutor.execute(TestCaseExecutor.java:285)
	at com.kms.katalon.core.main.TestCaseExecutor.execute(TestCaseExecutor.java:369)
	at com.kms.katalon.core.main.TestCaseExecutor.execute(TestCaseExecutor.java:369)
	at com.kms.katalon.core.main.TestCaseExecutor.execute(TestCaseExecutor.java:369)
	at com.kms.katalon.core.common.CommonExecutor.accessTestCaseMainPhase(CommonExecutor.java:65)
	at com.kms.katalon.core.main.TestSuiteExecutor.accessTestSuiteMainPhase(TestSuiteExecutor.java:148)
	at com.kms.katalon.core.main.TestSuiteExecutor.execute(TestSuiteExecutor.java:106)
	at com.kms.katalon.core.main.TestCaseMain.startTestSuite(TestCaseMain.java:187)
	at com.kms.katalon.core.main.TestCaseMain$startTestSuite$0.call(Unknown Source)
	at TempTestSuite1690377867365.run(TempTestSuite1690377867365.groovy:36)
</property>
  <property name="failed.exception.message">Method has not yet been implemented
Build info: version: &apos;3.141.59&apos;, revision: &apos;e82be7d358&apos;, time: &apos;2018-11-14T08:25:53&apos;
System info: host: &apos;INBL01LAP31245&apos;, ip: &apos;192.168.1.5&apos;, os.name: &apos;Windows 11&apos;, os.arch: &apos;amd64&apos;, os.version: &apos;10.0&apos;, java.version: &apos;1.8.0_362&apos;
Driver info: com.kms.katalon.selenium.driver.CRemoteWebDriver
Capabilities {appium:deviceName: iPhone_14_Pro_real_us, appiumData: {appiumVersion: 1.22.2, automationName: XCUITest}, automationName: XCUITest, browserName: safari, browserVersion: latest, databaseEnabled: false, deviceContextId: cea30fa1-182b-4de0-b93a-51a..., deviceName: 00008120-0012194E01D3401E, javascriptEnabled: true, jobUuid: ad23dc4555d34ff5aeed47c275c..., katalon:option: {apiKey: 71bc3dda-0dca-4ef8-bf5b-eba..., class: com.katalon.testcloud.grid...., deviceId: apple_iphone_14_pro, deviceVersion: 16.5.1, group: eb1bcca9-4f33-4203-ae23-adf..., organizationId: 1221318, runFromTestCloud: true, teamId: 1170312, tenant: KatalonStudio, tunnelMetadataId: dc092cbc-975b-4edc-acb4-46a..., unlimitedExecutionMinutes: true, userId: 1243919, usingTunnel: true}, locationContextEnabled: false, networkConnectionEnabled: false, orientation: PORTRAIT, platform: IOS, platformName: IOS, platformVersion: 16.5.1, proxy: Proxy(pac: http://tunnel-ma..., requestId: e47cbfd3-64a6-406b-a328-5d7..., sauce:options: {build: TestCloud Automated Test Se..., commandTimeouts: 60000, name: TestCloud Automated Test Se..., realDevice: true, tunnelIdentifier: e47cbfd3-64a6-406b-a328-5d7...}, takesScreenshot: true, testobject_device: iPhone_14_Pro_real_us, testobject_device_name: iPhone 14 Pro, testobject_device_session_id: bf04fa89-2521-46d0-89c6-7fe..., testobject_test_report_api_url: https://api.us-west-1.*****..., testobject_test_report_url: https://app.*********.com/t..., testobject_user_id: coty_katalon, udid: 00008120-0012194E01D3401E, usedCachedDevice: false, version: latest, webDriverAgentUrl: http://127.0.0.1:5701, webStorageEnabled: false}
Session ID: 5d65aa31-aa27-4c79-a21c-973f08ba870c</property>
</record>
<record>
  <date>2023-07-26T19:01:39</date>
  <millis>1690378299681</millis>
  <sequence>154</sequence>
  <level>END</level>
  <class>com.kms.katalon.core.logging.XmlKeywordLogger</class>
  <method>endKeyword</method>
  <thread>1</thread>
  <message>End action : maximizeWindow()</message>
  <nestedLevel>1</nestedLevel>
  <escapedJava>false</escapedJava>
</record>
<record>
  <date>2023-07-26T19:01:39</date>
  <millis>1690378299682</millis>
  <sequence>157</sequence>
  <level>FAILED</level>
  <class>com.kms.katalon.core.logging.XmlKeywordLogger</class>
  <method>logMessage</method>
  <thread>1</thread>
  <message>Test Cases/TestTunnel4Demoqa FAILED.
Reason:
com.kms.katalon.core.exception.StepFailedException: Unable to maximize current window
	at com.kms.katalon.core.webui.keyword.internal.WebUIKeywordMain.stepFailed(WebUIKeywordMain.groovy:64)
	at com.kms.katalon.core.webui.keyword.internal.WebUIKeywordMain.runKeyword(WebUIKeywordMain.groovy:26)
	at com.kms.katalon.core.webui.keyword.builtin.MaximizeWindowKeyword.maximizeWindow(MaximizeWindowKeyword.groovy:74)
	at com.kms.katalon.core.webui.keyword.builtin.MaximizeWindowKeyword.execute(MaximizeWindowKeyword.groovy:69)
	at com.kms.katalon.core.keyword.internal.KeywordExecutor.executeKeywordForPlatform(KeywordExecutor.groovy:74)
	at com.kms.katalon.core.webui.keyword.WebUiBuiltInKeywords.maximizeWindow(WebUiBuiltInKeywords.groovy:283)
	at com.kms.katalon.core.webui.keyword.WebUiBuiltInKeywords$maximizeWindow$0.call(Unknown Source)
	at TestTunnel4Demoqa.run(TestTunnel4Demoqa:22)
	at com.kms.katalon.core.main.ScriptEngine.run(ScriptEngine.java:194)
	at com.kms.katalon.core.main.ScriptEngine.runScriptAsRawText(ScriptEngine.java:119)
	at com.kms.katalon.core.main.TestCaseExecutor.runScript(TestCaseExecutor.java:448)
	at com.kms.katalon.core.main.TestCaseExecutor.doExecute(TestCaseExecutor.java:439)
	at com.kms.katalon.core.main.TestCaseExecutor.processExecutionPhase(TestCaseExecutor.java:418)
	at com.kms.katalon.core.main.TestCaseExecutor.accessMainPhase(TestCaseExecutor.java:410)
	at com.kms.katalon.core.main.TestCaseExecutor.execute(TestCaseExecutor.java:285)
	at com.kms.katalon.core.main.TestCaseExecutor.execute(TestCaseExecutor.java:369)
	at com.kms.katalon.core.main.TestCaseExecutor.execute(TestCaseExecutor.java:369)
	at com.kms.katalon.core.main.TestCaseExecutor.execute(TestCaseExecutor.java:369)
	at com.kms.katalon.core.common.CommonExecutor.accessTestCaseMainPhase(CommonExecutor.java:65)
	at com.kms.katalon.core.main.TestSuiteExecutor.accessTestSuiteMainPhase(TestSuiteExecutor.java:148)
	at com.kms.katalon.core.main.TestSuiteExecutor.execute(TestSuiteExecutor.java:106)
	at com.kms.katalon.core.main.TestCaseMain.startTestSuite(TestCaseMain.java:187)
	at com.kms.katalon.core.main.TestCaseMain$startTestSuite$0.call(Unknown Source)
	at TempTestSuite1690377867365.run(TempTestSuite1690377867365.groovy:36)
Caused by: org.openqa.selenium.UnsupportedCommandException: Method has not yet been implemented
Build info: version: &amp;apos;3.141.59&amp;apos;, revision: &amp;apos;e82be7d358&amp;apos;, time: &amp;apos;2018-11-14T08:25:53&amp;apos;
System info: host: &amp;apos;INBL01LAP31245&amp;apos;, ip: &amp;apos;192.168.1.5&amp;apos;, os.name: &amp;apos;Windows 11&amp;apos;, os.arch: &amp;apos;amd64&amp;apos;, os.version: &amp;apos;10.0&amp;apos;, java.version: &amp;apos;1.8.0_362&amp;apos;
Driver info: com.kms.katalon.selenium.driver.CRemoteWebDriver
Capabilities {appium:deviceName: iPhone_14_Pro_real_us, appiumData: {appiumVersion: 1.22.2, automationName: XCUITest}, automationName: XCUITest, browserName: safari, browserVersion: latest, databaseEnabled: false, deviceContextId: cea30fa1-182b-4de0-b93a-51a..., deviceName: 00008120-0012194E01D3401E, javascriptEnabled: true, jobUuid: ad23dc4555d34ff5aeed47c275c..., katalon:option: {apiKey: 71bc3dda-0dca-4ef8-bf5b-eba..., class: com.katalon.testcloud.grid...., deviceId: apple_iphone_14_pro, deviceVersion: 16.5.1, group: eb1bcca9-4f33-4203-ae23-adf..., organizationId: 1221318, runFromTestCloud: true, teamId: 1170312, tenant: KatalonStudio, tunnelMetadataId: dc092cbc-975b-4edc-acb4-46a..., unlimitedExecutionMinutes: true, userId: 1243919, usingTunnel: true}, locationContextEnabled: false, networkConnectionEnabled: false, orientation: PORTRAIT, platform: IOS, platformName: IOS, platformVersion: 16.5.1, proxy: Proxy(pac: http://tunnel-ma..., requestId: e47cbfd3-64a6-406b-a328-5d7..., sauce:options: {build: TestCloud Automated Test Se..., commandTimeouts: 60000, name: TestCloud Automated Test Se..., realDevice: true, tunnelIdentifier: e47cbfd3-64a6-406b-a328-5d7...}, takesScreenshot: true, testobject_device: iPhone_14_Pro_real_us, testobject_device_name: iPhone 14 Pro, testobject_device_session_id: bf04fa89-2521-46d0-89c6-7fe..., testobject_test_report_api_url: https://api.us-west-1.*****..., testobject_test_report_url: https://app.*********.com/t..., testobject_user_id: coty_katalon, udid: 00008120-0012194E01D3401E, usedCachedDevice: false, version: latest, webDriverAgentUrl: http://127.0.0.1:5701, webStorageEnabled: false}
Session ID: 5d65aa31-aa27-4c79-a21c-973f08ba870c
	at org.openqa.selenium.remote.http.W3CHttpResponseCodec.createException(W3CHttpResponseCodec.java:187)
	at org.openqa.selenium.remote.http.W3CHttpResponseCodec.decode(W3CHttpResponseCodec.java:122)
	at org.openqa.selenium.remote.http.W3CHttpResponseCodec.decode(W3CHttpResponseCodec.java:49)
	at org.openqa.selenium.remote.HttpCommandExecutor.execute(HttpCommandExecutor.java:158)
	at org.openqa.selenium.remote.RemoteWebDriver.execute(RemoteWebDriver.java:552)
	at com.kms.katalon.selenium.driver.CRemoteWebDriver.execute(CRemoteWebDriver.java:30)
	at org.openqa.selenium.remote.RemoteWebDriver.execute(RemoteWebDriver.java:609)
	at org.openqa.selenium.remote.RemoteWebDriver$RemoteWebDriverOptions$RemoteWindow.maximize(RemoteWebDriver.java:837)
	at org.openqa.selenium.support.events.EventFiringWebDriver$EventFiringWindow.maximize(EventFiringWebDriver.java:769)
	at com.kms.katalon.core.webui.keyword.builtin.MaximizeWindowKeyword$_maximizeWindow_closure1.doCall(MaximizeWindowKeyword.groovy:85)
	at com.kms.katalon.core.webui.keyword.builtin.MaximizeWindowKeyword$_maximizeWindow_closure1.call(MaximizeWindowKeyword.groovy)
	at com.kms.katalon.core.webui.keyword.internal.WebUIKeywordMain.runKeyword(WebUIKeywordMain.groovy:20)
	... 22 more
</message>
  <exception>
    <message>com.kms.katalon.core.exception.StepFailedException: Unable to maximize current window</message>
    <frame>
      <class>com.kms.katalon.core.webui.keyword.internal.WebUIKeywordMain</class>
      <method>stepFailed</method>
      <line>64</line>
    </frame>
    <frame>
      <class>com.kms.katalon.core.webui.keyword.internal.WebUIKeywordMain</class>
      <method>runKeyword</method>
      <line>26</line>
    </frame>
    <frame>
      <class>com.kms.katalon.core.webui.keyword.builtin.MaximizeWindowKeyword</class>
      <method>maximizeWindow</method>
      <line>74</line>
    </frame>
    <frame>
      <class>com.kms.katalon.core.webui.keyword.builtin.MaximizeWindowKeyword</class>
      <method>execute</method>
      <line>69</line>
    </frame>
    <frame>
      <class>com.kms.katalon.core.keyword.internal.KeywordExecutor</class>
      <method>executeKeywordForPlatform</method>
      <line>74</line>
    </frame>
    <frame>
      <class>com.kms.katalon.core.webui.keyword.WebUiBuiltInKeywords</class>
      <method>maximizeWindow</method>
      <line>283</line>
    </frame>
    <frame>
      <class>com.kms.katalon.core.webui.keyword.WebUiBuiltInKeywords$maximizeWindow$0</class>
      <method>call</method>
    </frame>
    <frame>
      <class>TestTunnel4Demoqa</class>
      <method>run</method>
      <line>22</line>
    </frame>
    <frame>
      <class>com.kms.katalon.core.main.ScriptEngine</class>
      <method>run</method>
      <line>194</line>
    </frame>
    <frame>
      <class>com.kms.katalon.core.main.ScriptEngine</class>
      <method>runScriptAsRawText</method>
      <line>119</line>
    </frame>
    <frame>
      <class>com.kms.katalon.core.main.TestCaseExecutor</class>
      <method>runScript</method>
      <line>448</line>
    </frame>
    <frame>
      <class>com.kms.katalon.core.main.TestCaseExecutor</class>
      <method>doExecute</method>
      <line>439</line>
    </frame>
    <frame>
      <class>com.kms.katalon.core.main.TestCaseExecutor</class>
      <method>processExecutionPhase</method>
      <line>418</line>
    </frame>
    <frame>
      <class>com.kms.katalon.core.main.TestCaseExecutor</class>
      <method>accessMainPhase</method>
      <line>410</line>
    </frame>
    <frame>
      <class>com.kms.katalon.core.main.TestCaseExecutor</class>
      <method>execute</method>
      <line>285</line>
    </frame>
    <frame>
      <class>com.kms.katalon.core.main.TestCaseExecutor</class>
      <method>execute</method>
      <line>369</line>
    </frame>
    <frame>
      <class>com.kms.katalon.core.main.TestCaseExecutor</class>
      <method>execute</method>
      <line>369</line>
    </frame>
    <frame>
      <class>com.kms.katalon.core.main.TestCaseExecutor</class>
      <method>execute</method>
      <line>369</line>
    </frame>
    <frame>
      <class>com.kms.katalon.core.common.CommonExecutor</class>
      <method>accessTestCaseMainPhase</method>
      <line>65</line>
    </frame>
    <frame>
      <class>com.kms.katalon.core.main.TestSuiteExecutor</class>
      <method>accessTestSuiteMainPhase</method>
      <line>148</line>
    </frame>
    <frame>
      <class>com.kms.katalon.core.main.TestSuiteExecutor</class>
      <method>execute</method>
      <line>106</line>
    </frame>
    <frame>
      <class>com.kms.katalon.core.main.TestCaseMain</class>
      <method>startTestSuite</method>
      <line>187</line>
    </frame>
    <frame>
      <class>com.kms.katalon.core.main.TestCaseMain$startTestSuite$0</class>
      <method>call</method>
    </frame>
    <frame>
      <class>TempTestSuite1690377867365</class>
      <method>run</method>
      <line>36</line>
    </frame>
  </exception>
  <nestedLevel>0</nestedLevel>
  <escapedJava>false</escapedJava>
  <property name="failed.exception.stacktrace">org.openqa.selenium.UnsupportedCommandException: Method has not yet been implemented
Build info: version: &apos;3.141.59&apos;, revision: &apos;e82be7d358&apos;, time: &apos;2018-11-14T08:25:53&apos;
System info: host: &apos;INBL01LAP31245&apos;, ip: &apos;192.168.1.5&apos;, os.name: &apos;Windows 11&apos;, os.arch: &apos;amd64&apos;, os.version: &apos;10.0&apos;, java.version: &apos;1.8.0_362&apos;
Driver info: com.kms.katalon.selenium.driver.CRemoteWebDriver
Capabilities {appium:deviceName: iPhone_14_Pro_real_us, appiumData: {appiumVersion: 1.22.2, automationName: XCUITest}, automationName: XCUITest, browserName: safari, browserVersion: latest, databaseEnabled: false, deviceContextId: cea30fa1-182b-4de0-b93a-51a..., deviceName: 00008120-0012194E01D3401E, javascriptEnabled: true, jobUuid: ad23dc4555d34ff5aeed47c275c..., katalon:option: {apiKey: 71bc3dda-0dca-4ef8-bf5b-eba..., class: com.katalon.testcloud.grid...., deviceId: apple_iphone_14_pro, deviceVersion: 16.5.1, group: eb1bcca9-4f33-4203-ae23-adf..., organizationId: 1221318, runFromTestCloud: true, teamId: 1170312, tenant: KatalonStudio, tunnelMetadataId: dc092cbc-975b-4edc-acb4-46a..., unlimitedExecutionMinutes: true, userId: 1243919, usingTunnel: true}, locationContextEnabled: false, networkConnectionEnabled: false, orientation: PORTRAIT, platform: IOS, platformName: IOS, platformVersion: 16.5.1, proxy: Proxy(pac: http://tunnel-ma..., requestId: e47cbfd3-64a6-406b-a328-5d7..., sauce:options: {build: TestCloud Automated Test Se..., commandTimeouts: 60000, name: TestCloud Automated Test Se..., realDevice: true, tunnelIdentifier: e47cbfd3-64a6-406b-a328-5d7...}, takesScreenshot: true, testobject_device: iPhone_14_Pro_real_us, testobject_device_name: iPhone 14 Pro, testobject_device_session_id: bf04fa89-2521-46d0-89c6-7fe..., testobject_test_report_api_url: https://api.us-west-1.*****..., testobject_test_report_url: https://app.*********.com/t..., testobject_user_id: coty_katalon, udid: 00008120-0012194E01D3401E, usedCachedDevice: false, version: latest, webDriverAgentUrl: http://127.0.0.1:5701, webStorageEnabled: false}
Session ID: 5d65aa31-aa27-4c79-a21c-973f08ba870c
	at org.openqa.selenium.remote.http.W3CHttpResponseCodec.createException(W3CHttpResponseCodec.java:187)
	at org.openqa.selenium.remote.http.W3CHttpResponseCodec.decode(W3CHttpResponseCodec.java:122)
	at org.openqa.selenium.remote.http.W3CHttpResponseCodec.decode(W3CHttpResponseCodec.java:49)
	at org.openqa.selenium.remote.HttpCommandExecutor.execute(HttpCommandExecutor.java:158)
	at org.openqa.selenium.remote.RemoteWebDriver.execute(RemoteWebDriver.java:552)
	at com.kms.katalon.selenium.driver.CRemoteWebDriver.execute(CRemoteWebDriver.java:30)
	at org.openqa.selenium.remote.RemoteWebDriver.execute(RemoteWebDriver.java:609)
	at org.openqa.selenium.remote.RemoteWebDriver$RemoteWebDriverOptions$RemoteWindow.maximize(RemoteWebDriver.java:837)
	at org.openqa.selenium.support.events.EventFiringWebDriver$EventFiringWindow.maximize(EventFiringWebDriver.java:769)
	at com.kms.katalon.core.webui.keyword.builtin.MaximizeWindowKeyword$_maximizeWindow_closure1.doCall(MaximizeWindowKeyword.groovy:85)
	at com.kms.katalon.core.webui.keyword.builtin.MaximizeWindowKeyword$_maximizeWindow_closure1.call(MaximizeWindowKeyword.groovy)
	at com.kms.katalon.core.webui.keyword.internal.WebUIKeywordMain.runKeyword(WebUIKeywordMain.groovy:20)
	at com.kms.katalon.core.webui.keyword.builtin.MaximizeWindowKeyword.maximizeWindow(MaximizeWindowKeyword.groovy:74)
	at com.kms.katalon.core.webui.keyword.builtin.MaximizeWindowKeyword.execute(MaximizeWindowKeyword.groovy:69)
	at com.kms.katalon.core.keyword.internal.KeywordExecutor.executeKeywordForPlatform(KeywordExecutor.groovy:74)
	at com.kms.katalon.core.webui.keyword.WebUiBuiltInKeywords.maximizeWindow(WebUiBuiltInKeywords.groovy:283)
	at com.kms.katalon.core.webui.keyword.WebUiBuiltInKeywords$maximizeWindow$0.call(Unknown Source)
	at TestTunnel4Demoqa.run(TestTunnel4Demoqa:22)
	at com.kms.katalon.core.main.ScriptEngine.run(ScriptEngine.java:194)
	at com.kms.katalon.core.main.ScriptEngine.runScriptAsRawText(ScriptEngine.java:119)
	at com.kms.katalon.core.main.TestCaseExecutor.runScript(TestCaseExecutor.java:448)
	at com.kms.katalon.core.main.TestCaseExecutor.doExecute(TestCaseExecutor.java:439)
	at com.kms.katalon.core.main.TestCaseExecutor.processExecutionPhase(TestCaseExecutor.java:418)
	at com.kms.katalon.core.main.TestCaseExecutor.accessMainPhase(TestCaseExecutor.java:410)
	at com.kms.katalon.core.main.TestCaseExecutor.execute(TestCaseExecutor.java:285)
	at com.kms.katalon.core.main.TestCaseExecutor.execute(TestCaseExecutor.java:369)
	at com.kms.katalon.core.main.TestCaseExecutor.execute(TestCaseExecutor.java:369)
	at com.kms.katalon.core.main.TestCaseExecutor.execute(TestCaseExecutor.java:369)
	at com.kms.katalon.core.common.CommonExecutor.accessTestCaseMainPhase(CommonExecutor.java:65)
	at com.kms.katalon.core.main.TestSuiteExecutor.accessTestSuiteMainPhase(TestSuiteExecutor.java:148)
	at com.kms.katalon.core.main.TestSuiteExecutor.execute(TestSuiteExecutor.java:106)
	at com.kms.katalon.core.main.TestCaseMain.startTestSuite(TestCaseMain.java:187)
	at com.kms.katalon.core.main.TestCaseMain$startTestSuite$0.call(Unknown Source)
	at TempTestSuite1690377867365.run(TempTestSuite1690377867365.groovy:36)
</property>
  <property name="failed.exception.class">org.openqa.selenium.UnsupportedCommandException</property>
  <property name="failed.exception.message">Method has not yet been implemented
Build info: version: &apos;3.141.59&apos;, revision: &apos;e82be7d358&apos;, time: &apos;2018-11-14T08:25:53&apos;
System info: host: &apos;INBL01LAP31245&apos;, ip: &apos;192.168.1.5&apos;, os.name: &apos;Windows 11&apos;, os.arch: &apos;amd64&apos;, os.version: &apos;10.0&apos;, java.version: &apos;1.8.0_362&apos;
Driver info: com.kms.katalon.selenium.driver.CRemoteWebDriver
Capabilities {appium:deviceName: iPhone_14_Pro_real_us, appiumData: {appiumVersion: 1.22.2, automationName: XCUITest}, automationName: XCUITest, browserName: safari, browserVersion: latest, databaseEnabled: false, deviceContextId: cea30fa1-182b-4de0-b93a-51a..., deviceName: 00008120-0012194E01D3401E, javascriptEnabled: true, jobUuid: ad23dc4555d34ff5aeed47c275c..., katalon:option: {apiKey: 71bc3dda-0dca-4ef8-bf5b-eba..., class: com.katalon.testcloud.grid...., deviceId: apple_iphone_14_pro, deviceVersion: 16.5.1, group: eb1bcca9-4f33-4203-ae23-adf..., organizationId: 1221318, runFromTestCloud: true, teamId: 1170312, tenant: KatalonStudio, tunnelMetadataId: dc092cbc-975b-4edc-acb4-46a..., unlimitedExecutionMinutes: true, userId: 1243919, usingTunnel: true}, locationContextEnabled: false, networkConnectionEnabled: false, orientation: PORTRAIT, platform: IOS, platformName: IOS, platformVersion: 16.5.1, proxy: Proxy(pac: http://tunnel-ma..., requestId: e47cbfd3-64a6-406b-a328-5d7..., sauce:options: {build: TestCloud Automated Test Se..., commandTimeouts: 60000, name: TestCloud Automated Test Se..., realDevice: true, tunnelIdentifier: e47cbfd3-64a6-406b-a328-5d7...}, takesScreenshot: true, testobject_device: iPhone_14_Pro_real_us, testobject_device_name: iPhone 14 Pro, testobject_device_session_id: bf04fa89-2521-46d0-89c6-7fe..., testobject_test_report_api_url: https://api.us-west-1.*****..., testobject_test_report_url: https://app.*********.com/t..., testobject_user_id: coty_katalon, udid: 00008120-0012194E01D3401E, usedCachedDevice: false, version: latest, webDriverAgentUrl: http://127.0.0.1:5701, webStorageEnabled: false}
Session ID: 5d65aa31-aa27-4c79-a21c-973f08ba870c</property>
</record>
<record>
  <date>2023-07-26T19:01:39</date>
  <millis>1690378299686</millis>
  <sequence>159</sequence>
  <level>END</level>
  <class>com.kms.katalon.core.logging.XmlKeywordLogger</class>
  <method>endTest</method>
  <thread>1</thread>
  <message>End Test Case : Test Cases/TestTunnel4Demoqa</message>
  <nestedLevel>0</nestedLevel>
  <escapedJava>false</escapedJava>
  <property name="executionBindingVariables">[]</property>
  <property name="applitools">false</property>
  <property name="remainingRetryCount">0</property>
  <property name="currentRetryCount">3</property>
  <property name="keywordsUsage">{
  &quot;web_ui&quot;: true,
  &quot;web_service&quot;: false,
  &quot;cucumber&quot;: false,
  &quot;builtin&quot;: false,
  &quot;mobile&quot;: false,
  &quot;windows&quot;: false,
  &quot;testng&quot;: false
}</property>
</record>
<record>
  <date>2023-07-26T19:01:39</date>
  <millis>1690378299687</millis>
  <sequence>160</sequence>
  <level>START</level>
  <class>com.kms.katalon.core.logging.XmlKeywordLogger</class>
  <method>startKeyword</method>
  <thread>1</thread>
  <message>Start listener action : exportKatalonReports</message>
  <nestedLevel>0</nestedLevel>
  <escapedJava>false</escapedJava>
</record>
<record>
  <date>2023-07-26T19:01:40</date>
  <millis>1690378300180</millis>
  <sequence>388</sequence>
  <level>INFO</level>
  <class>com.kms.katalon.core.logging.XmlKeywordLogger</class>
  <method>logMessage</method>
  <thread>1</thread>
  <message>Start generating HTML report folder at: C:\Users\satyasai.samoju\git\TestTunnel_Pratice_Repo\Reports\20230726_185427\New Test Suite3_Qa\20230726_185427...</message>
  <nestedLevel>0</nestedLevel>
  <escapedJava>false</escapedJava>
</record>
<record>
  <date>2023-07-26T19:01:40</date>
  <millis>1690378300807</millis>
  <sequence>389</sequence>
  <level>INFO</level>
  <class>com.kms.katalon.core.logging.XmlKeywordLogger</class>
  <method>logMessage</method>
  <thread>1</thread>
  <message>HTML report generated</message>
  <nestedLevel>0</nestedLevel>
  <escapedJava>false</escapedJava>
</record>
<record>
  <date>2023-07-26T19:01:40</date>
  <millis>1690378300808</millis>
  <sequence>390</sequence>
  <level>INFO</level>
  <class>com.kms.katalon.core.logging.XmlKeywordLogger</class>
  <method>logMessage</method>
  <thread>1</thread>
  <message>Start generating CSV report folder at: C:\Users\satyasai.samoju\git\TestTunnel_Pratice_Repo\Reports\20230726_185427\New Test Suite3_Qa\20230726_185427...</message>
  <nestedLevel>0</nestedLevel>
  <escapedJava>false</escapedJava>
</record>
<record>
  <date>2023-07-26T19:01:40</date>
  <millis>1690378300846</millis>
  <sequence>391</sequence>
  <level>INFO</level>
  <class>com.kms.katalon.core.logging.XmlKeywordLogger</class>
  <method>logMessage</method>
  <thread>1</thread>
  <message>CSV report generated</message>
  <nestedLevel>0</nestedLevel>
  <escapedJava>false</escapedJava>
</record>
<record>
  <date>2023-07-26T19:01:41</date>
  <millis>1690378301111</millis>
  <sequence>393</sequence>
  <level>END</level>
  <class>com.kms.katalon.core.logging.XmlKeywordLogger</class>
  <method>endKeyword</method>
  <thread>1</thread>
  <message>End listener action : exportKatalonReports</message>
  <nestedLevel>0</nestedLevel>
  <escapedJava>false</escapedJava>
</record>
<record>
  <date>2023-07-26T19:01:43</date>
  <millis>1690378303438</millis>
  <sequence>394</sequence>
  <level>END</level>
  <class>com.kms.katalon.core.logging.XmlKeywordLogger</class>
  <method>endSuite</method>
  <thread>1</thread>
  <message>End Test Suite : Test Suites/New Test Suite3_Qa</message>
  <nestedLevel>0</nestedLevel>
  <escapedJava>false</escapedJava>
</record>
</log>